<?xml version="1.0" encoding="UTF-8"?>
<coverage generated="1781453847135" clover="3.2.0">
  <project timestamp="1781453847135" name="All files">
    <metrics statements="870" coveredstatements="357" conditionals="653" coveredconditionals="352" methods="340" coveredmethods="128" elements="1863" coveredelements="837" complexity="0" loc="870" ncloc="870" packages="53" files="167" classes="167"/>
    <package name="components.business.AddressCard">
      <metrics statements="9" coveredstatements="6" conditionals="17" coveredconditionals="13" methods="6" coveredmethods="3"/>
      <file name="AddressCard.tsx" path="/Users/linsuwei/code/Work/Temporarily-project-React Native + Expo/mei-mart-app/src/components/business/AddressCard/AddressCard.tsx">
        <metrics statements="9" coveredstatements="6" conditionals="17" coveredconditionals="13" methods="6" coveredmethods="3"/>
        <line num="17" count="2" type="stmt"/>
        <line num="18" count="2" type="stmt"/>
        <line num="20" count="2" type="stmt"/>
        <line num="23" count="2" type="stmt"/>
        <line num="28" count="0" type="cond" truecount="1" falsecount="1"/>
        <line num="36" count="0" type="stmt"/>
        <line num="75" count="1" type="stmt"/>
        <line num="86" count="0" type="stmt"/>
        <line num="101" count="1" type="stmt"/>
      </file>
      <file name="AddressCard.types.ts" path="/Users/linsuwei/code/Work/Temporarily-project-React Native + Expo/mei-mart-app/src/components/business/AddressCard/AddressCard.types.ts">
        <metrics statements="0" coveredstatements="0" conditionals="0" coveredconditionals="0" methods="0" coveredmethods="0"/>
      </file>
      <file name="index.ts" path="/Users/linsuwei/code/Work/Temporarily-project-React Native + Expo/mei-mart-app/src/components/business/AddressCard/index.ts">
        <metrics statements="0" coveredstatements="0" conditionals="0" coveredconditionals="0" methods="0" coveredmethods="0"/>
      </file>
    </package>
    <package name="components.business.BannerCarousel">
      <metrics statements="21" coveredstatements="12" conditionals="16" coveredconditionals="14" methods="9" coveredmethods="4"/>
      <file name="BannerCarousel.tsx" path="/Users/linsuwei/code/Work/Temporarily-project-React Native + Expo/mei-mart-app/src/components/business/BannerCarousel/BannerCarousel.tsx">
        <metrics statements="21" coveredstatements="12" conditionals="16" coveredconditionals="14" methods="9" coveredmethods="4"/>
        <line num="16" count="1" type="stmt"/>
        <line num="26" count="3" type="stmt"/>
        <line num="27" count="3" type="stmt"/>
        <line num="28" count="3" type="stmt"/>
        <line num="30" count="3" type="stmt"/>
        <line num="31" count="3" type="cond" truecount="3" falsecount="1"/>
        <line num="32" count="0" type="stmt"/>
        <line num="33" count="0" type="stmt"/>
        <line num="34" count="0" type="stmt"/>
        <line num="35" count="0" type="stmt"/>
        <line num="36" count="0" type="stmt"/>
        <line num="39" count="0" type="stmt"/>
        <line num="42" count="3" type="stmt"/>
        <line num="43" count="0" type="stmt"/>
        <line num="44" count="0" type="stmt"/>
        <line num="47" count="3" type="cond" truecount="2" falsecount="0"/>
        <line num="49" count="2" type="stmt"/>
        <line num="60" count="4" type="stmt"/>
        <line num="62" count="0" type="cond" truecount="1" falsecount="1"/>
        <line num="86" count="4" type="stmt"/>
        <line num="103" count="1" type="stmt"/>
      </file>
      <file name="BannerCarousel.types.ts" path="/Users/linsuwei/code/Work/Temporarily-project-React Native + Expo/mei-mart-app/src/components/business/BannerCarousel/BannerCarousel.types.ts">
        <metrics statements="0" coveredstatements="0" conditionals="0" coveredconditionals="0" methods="0" coveredmethods="0"/>
      </file>
      <file name="index.ts" path="/Users/linsuwei/code/Work/Temporarily-project-React Native + Expo/mei-mart-app/src/components/business/BannerCarousel/index.ts">
        <metrics statements="0" coveredstatements="0" conditionals="0" coveredconditionals="0" methods="0" coveredmethods="0"/>
      </file>
    </package>
    <package name="components.business.CartItemRow">
      <metrics statements="8" coveredstatements="7" conditionals="11" coveredconditionals="11" methods="5" coveredmethods="4"/>
      <file name="CartItemRow.tsx" path="/Users/linsuwei/code/Work/Temporarily-project-React Native + Expo/mei-mart-app/src/components/business/CartItemRow/CartItemRow.tsx">
        <metrics statements="8" coveredstatements="7" conditionals="11" coveredconditionals="11" methods="5" coveredmethods="4"/>
        <line num="16" count="3" type="stmt"/>
        <line num="17" count="3" type="stmt"/>
        <line num="19" count="3" type="stmt"/>
        <line num="27" count="0" type="stmt"/>
        <line num="47" count="1" type="stmt"/>
        <line num="59" count="1" type="stmt"/>
        <line num="78" count="1" type="stmt"/>
        <line num="91" count="1" type="stmt"/>
      </file>
      <file name="CartItemRow.types.ts" path="/Users/linsuwei/code/Work/Temporarily-project-React Native + Expo/mei-mart-app/src/components/business/CartItemRow/CartItemRow.types.ts">
        <metrics statements="0" coveredstatements="0" conditionals="0" coveredconditionals="0" methods="0" coveredmethods="0"/>
      </file>
      <file name="index.ts" path="/Users/linsuwei/code/Work/Temporarily-project-React Native + Expo/mei-mart-app/src/components/business/CartItemRow/index.ts">
        <metrics statements="0" coveredstatements="0" conditionals="0" coveredconditionals="0" methods="0" coveredmethods="0"/>
      </file>
    </package>
    <package name="components.business.CategoryGrid">
      <metrics statements="9" coveredstatements="8" conditionals="4" coveredconditionals="3" methods="4" coveredmethods="3"/>
      <file name="CategoryGrid.tsx" path="/Users/linsuwei/code/Work/Temporarily-project-React Native + Expo/mei-mart-app/src/components/business/CategoryGrid/CategoryGrid.tsx">
        <metrics statements="9" coveredstatements="8" conditionals="4" coveredconditionals="3" methods="4" coveredmethods="3"/>
        <line num="13" count="2" type="stmt"/>
        <line num="14" count="2" type="stmt"/>
        <line num="15" count="2" type="stmt"/>
        <line num="16" count="3" type="stmt"/>
        <line num="19" count="2" type="stmt"/>
        <line num="25" count="3" type="stmt"/>
        <line num="27" count="8" type="stmt"/>
        <line num="33" count="0" type="stmt"/>
        <line num="41" count="1" type="stmt"/>
      </file>
      <file name="CategoryGrid.types.ts" path="/Users/linsuwei/code/Work/Temporarily-project-React Native + Expo/mei-mart-app/src/components/business/CategoryGrid/CategoryGrid.types.ts">
        <metrics statements="0" coveredstatements="0" conditionals="0" coveredconditionals="0" methods="0" coveredmethods="0"/>
      </file>
      <file name="index.ts" path="/Users/linsuwei/code/Work/Temporarily-project-React Native + Expo/mei-mart-app/src/components/business/CategoryGrid/index.ts">
        <metrics statements="0" coveredstatements="0" conditionals="0" coveredconditionals="0" methods="0" coveredmethods="0"/>
      </file>
    </package>
    <package name="components.business.CategoryItem">
      <metrics statements="7" coveredstatements="7" conditionals="7" coveredconditionals="5" methods="3" coveredmethods="3"/>
      <file name="CategoryItem.tsx" path="/Users/linsuwei/code/Work/Temporarily-project-React Native + Expo/mei-mart-app/src/components/business/CategoryItem/CategoryItem.tsx">
        <metrics statements="7" coveredstatements="7" conditionals="7" coveredconditionals="5" methods="3" coveredmethods="3"/>
        <line num="6" count="2" type="stmt"/>
        <line num="13" count="10" type="stmt"/>
        <line num="14" count="10" type="stmt"/>
        <line num="16" count="10" type="stmt"/>
        <line num="19" count="10" type="cond" truecount="1" falsecount="1"/>
        <line num="20" count="1" type="cond" truecount="2" falsecount="0"/>
        <line num="55" count="2" type="stmt"/>
      </file>
      <file name="CategoryItem.types.ts" path="/Users/linsuwei/code/Work/Temporarily-project-React Native + Expo/mei-mart-app/src/components/business/CategoryItem/CategoryItem.types.ts">
        <metrics statements="0" coveredstatements="0" conditionals="0" coveredconditionals="0" methods="0" coveredmethods="0"/>
      </file>
      <file name="index.ts" path="/Users/linsuwei/code/Work/Temporarily-project-React Native + Expo/mei-mart-app/src/components/business/CategoryItem/index.ts">
        <metrics statements="0" coveredstatements="0" conditionals="0" coveredconditionals="0" methods="0" coveredmethods="0"/>
      </file>
    </package>
    <package name="components.business.CouponCard">
      <metrics statements="8" coveredstatements="7" conditionals="22" coveredconditionals="14" methods="4" coveredmethods="3"/>
      <file name="CouponCard.tsx" path="/Users/linsuwei/code/Work/Temporarily-project-React Native + Expo/mei-mart-app/src/components/business/CouponCard/CouponCard.tsx">
        <metrics statements="8" coveredstatements="7" conditionals="22" coveredconditionals="14" methods="4" coveredmethods="3"/>
        <line num="7" count="2" type="stmt"/>
        <line num="9" count="2" type="cond" truecount="1" falsecount="1"/>
        <line num="10" count="2" type="cond" truecount="2" falsecount="0"/>
        <line num="12" count="2" type="stmt"/>
        <line num="15" count="2" type="stmt"/>
        <line num="23" count="0" type="cond" truecount="1" falsecount="1"/>
        <line num="64" count="1" type="stmt"/>
        <line num="71" count="1" type="stmt"/>
      </file>
      <file name="CouponCard.types.ts" path="/Users/linsuwei/code/Work/Temporarily-project-React Native + Expo/mei-mart-app/src/components/business/CouponCard/CouponCard.types.ts">
        <metrics statements="0" coveredstatements="0" conditionals="0" coveredconditionals="0" methods="0" coveredmethods="0"/>
      </file>
      <file name="index.ts" path="/Users/linsuwei/code/Work/Temporarily-project-React Native + Expo/mei-mart-app/src/components/business/CouponCard/index.ts">
        <metrics statements="0" coveredstatements="0" conditionals="0" coveredconditionals="0" methods="0" coveredmethods="0"/>
      </file>
    </package>
    <package name="components.business.NotificationItem">
      <metrics statements="8" coveredstatements="7" conditionals="12" coveredconditionals="8" methods="3" coveredmethods="2"/>
      <file name="NotificationItem.tsx" path="/Users/linsuwei/code/Work/Temporarily-project-React Native + Expo/mei-mart-app/src/components/business/NotificationItem/NotificationItem.tsx">
        <metrics statements="8" coveredstatements="7" conditionals="12" coveredconditionals="8" methods="3" coveredmethods="2"/>
        <line num="6" count="1" type="stmt"/>
        <line num="13" count="1" type="stmt"/>
        <line num="14" count="1" type="cond" truecount="1" falsecount="1"/>
        <line num="15" count="1" type="cond" truecount="1" falsecount="1"/>
        <line num="17" count="1" type="stmt"/>
        <line num="20" count="1" type="stmt"/>
        <line num="25" count="0" type="cond" truecount="1" falsecount="1"/>
        <line num="65" count="1" type="stmt"/>
      </file>
      <file name="NotificationItem.types.ts" path="/Users/linsuwei/code/Work/Temporarily-project-React Native + Expo/mei-mart-app/src/components/business/NotificationItem/NotificationItem.types.ts">
        <metrics statements="0" coveredstatements="0" conditionals="0" coveredconditionals="0" methods="0" coveredmethods="0"/>
      </file>
      <file name="index.ts" path="/Users/linsuwei/code/Work/Temporarily-project-React Native + Expo/mei-mart-app/src/components/business/NotificationItem/index.ts">
        <metrics statements="0" coveredstatements="0" conditionals="0" coveredconditionals="0" methods="0" coveredmethods="0"/>
      </file>
    </package>
    <package name="components.business.OrderCard">
      <metrics statements="14" coveredstatements="13" conditionals="17" coveredconditionals="11" methods="6" coveredmethods="5"/>
      <file name="OrderCard.tsx" path="/Users/linsuwei/code/Work/Temporarily-project-React Native + Expo/mei-mart-app/src/components/business/OrderCard/OrderCard.tsx">
        <metrics statements="13" coveredstatements="12" conditionals="17" coveredconditionals="11" methods="6" coveredmethods="5"/>
        <line num="9" count="1" type="stmt"/>
        <line num="18" count="1" type="stmt"/>
        <line num="34" count="2" type="stmt"/>
        <line num="35" count="2" type="stmt"/>
        <line num="37" count="2" type="cond" truecount="1" falsecount="1"/>
        <line num="40" count="2" type="cond" truecount="1" falsecount="1"/>
        <line num="42" count="2" type="stmt"/>
        <line num="45" count="2" type="stmt"/>
        <line num="50" count="0" type="cond" truecount="1" falsecount="1"/>
        <line num="67" count="2" type="stmt"/>
        <line num="82" count="2" type="stmt"/>
        <line num="87" count="1" type="stmt"/>
        <line num="96" count="1" type="stmt"/>
      </file>
      <file name="OrderCard.types.ts" path="/Users/linsuwei/code/Work/Temporarily-project-React Native + Expo/mei-mart-app/src/components/business/OrderCard/OrderCard.types.ts">
        <metrics statements="1" coveredstatements="1" conditionals="0" coveredconditionals="0" methods="0" coveredmethods="0"/>
        <line num="12" count="1" type="stmt"/>
      </file>
      <file name="index.ts" path="/Users/linsuwei/code/Work/Temporarily-project-React Native + Expo/mei-mart-app/src/components/business/OrderCard/index.ts">
        <metrics statements="0" coveredstatements="0" conditionals="0" coveredconditionals="0" methods="0" coveredmethods="0"/>
      </file>
    </package>
    <package name="components.business.ProductCard">
      <metrics statements="6" coveredstatements="6" conditionals="10" coveredconditionals="9" methods="4" coveredmethods="4"/>
      <file name="ProductCard.tsx" path="/Users/linsuwei/code/Work/Temporarily-project-React Native + Expo/mei-mart-app/src/components/business/ProductCard/ProductCard.tsx">
        <metrics statements="6" coveredstatements="6" conditionals="10" coveredconditionals="9" methods="4" coveredmethods="4"/>
        <line num="10" count="4" type="stmt"/>
        <line num="12" count="4" type="stmt"/>
        <line num="15" count="4" type="stmt"/>
        <line num="23" count="1" type="cond" truecount="2" falsecount="0"/>
        <line num="54" count="1" type="stmt"/>
        <line num="63" count="1" type="stmt"/>
      </file>
      <file name="ProductCard.types.ts" path="/Users/linsuwei/code/Work/Temporarily-project-React Native + Expo/mei-mart-app/src/components/business/ProductCard/ProductCard.types.ts">
        <metrics statements="0" coveredstatements="0" conditionals="0" coveredconditionals="0" methods="0" coveredmethods="0"/>
      </file>
      <file name="index.ts" path="/Users/linsuwei/code/Work/Temporarily-project-React Native + Expo/mei-mart-app/src/components/business/ProductCard/index.ts">
        <metrics statements="0" coveredstatements="0" conditionals="0" coveredconditionals="0" methods="0" coveredmethods="0"/>
      </file>
    </package>
    <package name="components.business.ProductItem">
      <metrics statements="6" coveredstatements="6" conditionals="4" coveredconditionals="3" methods="3" coveredmethods="3"/>
      <file name="ProductItem.tsx" path="/Users/linsuwei/code/Work/Temporarily-project-React Native + Expo/mei-mart-app/src/components/business/ProductItem/ProductItem.tsx">
        <metrics statements="6" coveredstatements="6" conditionals="4" coveredconditionals="3" methods="3" coveredmethods="3"/>
        <line num="7" count="4" type="stmt"/>
        <line num="8" count="4" type="stmt"/>
        <line num="10" count="4" type="stmt"/>
        <line num="13" count="4" type="stmt"/>
        <line num="18" count="1" type="cond" truecount="2" falsecount="0"/>
        <line num="47" count="2" type="stmt"/>
      </file>
      <file name="ProductItem.types.ts" path="/Users/linsuwei/code/Work/Temporarily-project-React Native + Expo/mei-mart-app/src/components/business/ProductItem/ProductItem.types.ts">
        <metrics statements="0" coveredstatements="0" conditionals="0" coveredconditionals="0" methods="0" coveredmethods="0"/>
      </file>
      <file name="index.ts" path="/Users/linsuwei/code/Work/Temporarily-project-React Native + Expo/mei-mart-app/src/components/business/ProductItem/index.ts">
        <metrics statements="0" coveredstatements="0" conditionals="0" coveredconditionals="0" methods="0" coveredmethods="0"/>
      </file>
    </package>
    <package name="components.business.PromoShortcut">
      <metrics statements="6" coveredstatements="5" conditionals="4" coveredconditionals="2" methods="4" coveredmethods="3"/>
      <file name="PromoShortcut.tsx" path="/Users/linsuwei/code/Work/Temporarily-project-React Native + Expo/mei-mart-app/src/components/business/PromoShortcut/PromoShortcut.tsx">
        <metrics statements="6" coveredstatements="5" conditionals="4" coveredconditionals="2" methods="4" coveredmethods="3"/>
        <line num="7" count="1" type="stmt"/>
        <line num="9" count="1" type="stmt"/>
        <line num="12" count="3" type="stmt"/>
        <line num="14" count="3" type="stmt"/>
        <line num="19" count="0" type="cond" truecount="1" falsecount="1"/>
        <line num="43" count="1" type="stmt"/>
      </file>
      <file name="PromoShortcut.types.ts" path="/Users/linsuwei/code/Work/Temporarily-project-React Native + Expo/mei-mart-app/src/components/business/PromoShortcut/PromoShortcut.types.ts">
        <metrics statements="0" coveredstatements="0" conditionals="0" coveredconditionals="0" methods="0" coveredmethods="0"/>
      </file>
      <file name="index.ts" path="/Users/linsuwei/code/Work/Temporarily-project-React Native + Expo/mei-mart-app/src/components/business/PromoShortcut/index.ts">
        <metrics statements="0" coveredstatements="0" conditionals="0" coveredconditionals="0" methods="0" coveredmethods="0"/>
      </file>
    </package>
    <package name="components.business.ReviewItem">
      <metrics statements="7" coveredstatements="5" conditionals="9" coveredconditionals="5" methods="5" coveredmethods="3"/>
      <file name="ReviewItem.tsx" path="/Users/linsuwei/code/Work/Temporarily-project-React Native + Expo/mei-mart-app/src/components/business/ReviewItem/ReviewItem.tsx">
        <metrics statements="7" coveredstatements="5" conditionals="9" coveredconditionals="5" methods="5" coveredmethods="3"/>
        <line num="7" count="1" type="stmt"/>
        <line num="8" count="1" type="stmt"/>
        <line num="11" count="1" type="stmt"/>
        <line num="16" count="0" type="cond" truecount="1" falsecount="1"/>
        <line num="37" count="5" type="stmt"/>
        <line num="54" count="0" type="stmt"/>
        <line num="67" count="1" type="stmt"/>
      </file>
      <file name="ReviewItem.types.ts" path="/Users/linsuwei/code/Work/Temporarily-project-React Native + Expo/mei-mart-app/src/components/business/ReviewItem/ReviewItem.types.ts">
        <metrics statements="0" coveredstatements="0" conditionals="0" coveredconditionals="0" methods="0" coveredmethods="0"/>
      </file>
      <file name="index.ts" path="/Users/linsuwei/code/Work/Temporarily-project-React Native + Expo/mei-mart-app/src/components/business/ReviewItem/index.ts">
        <metrics statements="0" coveredstatements="0" conditionals="0" coveredconditionals="0" methods="0" coveredmethods="0"/>
      </file>
    </package>
    <package name="components.business.SearchBar">
      <metrics statements="15" coveredstatements="13" conditionals="10" coveredconditionals="8" methods="4" coveredmethods="3"/>
      <file name="SearchBar.tsx" path="/Users/linsuwei/code/Work/Temporarily-project-React Native + Expo/mei-mart-app/src/components/business/SearchBar/SearchBar.tsx">
        <metrics statements="15" coveredstatements="13" conditionals="10" coveredconditionals="8" methods="4" coveredmethods="3"/>
        <line num="18" count="3" type="stmt"/>
        <line num="19" count="3" type="cond" truecount="2" falsecount="0"/>
        <line num="20" count="3" type="stmt"/>
        <line num="21" count="3" type="cond" truecount="2" falsecount="0"/>
        <line num="23" count="3" type="stmt"/>
        <line num="24" count="1" type="cond" truecount="1" falsecount="1"/>
        <line num="25" count="1" type="stmt"/>
        <line num="28" count="3" type="stmt"/>
        <line num="29" count="1" type="stmt"/>
        <line num="30" count="1" type="stmt"/>
        <line num="33" count="3" type="stmt"/>
        <line num="34" count="0" type="stmt"/>
        <line num="35" count="0" type="stmt"/>
        <line num="38" count="3" type="stmt"/>
        <line num="86" count="1" type="stmt"/>
      </file>
      <file name="SearchBar.types.ts" path="/Users/linsuwei/code/Work/Temporarily-project-React Native + Expo/mei-mart-app/src/components/business/SearchBar/SearchBar.types.ts">
        <metrics statements="0" coveredstatements="0" conditionals="0" coveredconditionals="0" methods="0" coveredmethods="0"/>
      </file>
      <file name="index.ts" path="/Users/linsuwei/code/Work/Temporarily-project-React Native + Expo/mei-mart-app/src/components/business/SearchBar/index.ts">
        <metrics statements="0" coveredstatements="0" conditionals="0" coveredconditionals="0" methods="0" coveredmethods="0"/>
      </file>
    </package>
    <package name="components.business.TimelineStep">
      <metrics statements="7" coveredstatements="7" conditionals="24" coveredconditionals="20" methods="2" coveredmethods="2"/>
      <file name="TimelineStep.tsx" path="/Users/linsuwei/code/Work/Temporarily-project-React Native + Expo/mei-mart-app/src/components/business/TimelineStep/TimelineStep.tsx">
        <metrics statements="7" coveredstatements="7" conditionals="24" coveredconditionals="20" methods="2" coveredmethods="2"/>
        <line num="11" count="1" type="stmt"/>
        <line num="12" count="1" type="stmt"/>
        <line num="15" count="3" type="stmt"/>
        <line num="16" count="3" type="stmt"/>
        <line num="17" count="3" type="cond" truecount="2" falsecount="0"/>
        <line num="22" count="3" type="stmt"/>
        <line num="83" count="1" type="stmt"/>
      </file>
      <file name="TimelineStep.types.ts" path="/Users/linsuwei/code/Work/Temporarily-project-React Native + Expo/mei-mart-app/src/components/business/TimelineStep/TimelineStep.types.ts">
        <metrics statements="0" coveredstatements="0" conditionals="0" coveredconditionals="0" methods="0" coveredmethods="0"/>
      </file>
      <file name="index.ts" path="/Users/linsuwei/code/Work/Temporarily-project-React Native + Expo/mei-mart-app/src/components/business/TimelineStep/index.ts">
        <metrics statements="0" coveredstatements="0" conditionals="0" coveredconditionals="0" methods="0" coveredmethods="0"/>
      </file>
    </package>
    <package name="components.cultural.DiamondPattern">
      <metrics statements="4" coveredstatements="4" conditionals="3" coveredconditionals="3" methods="1" coveredmethods="1"/>
      <file name="DiamondPattern.tsx" path="/Users/linsuwei/code/Work/Temporarily-project-React Native + Expo/mei-mart-app/src/components/cultural/DiamondPattern/DiamondPattern.tsx">
        <metrics statements="4" coveredstatements="4" conditionals="3" coveredconditionals="3" methods="1" coveredmethods="1"/>
        <line num="12" count="1" type="stmt"/>
        <line num="13" count="1" type="stmt"/>
        <line num="14" count="1" type="stmt"/>
        <line num="28" count="1" type="stmt"/>
      </file>
      <file name="DiamondPattern.types.ts" path="/Users/linsuwei/code/Work/Temporarily-project-React Native + Expo/mei-mart-app/src/components/cultural/DiamondPattern/DiamondPattern.types.ts">
        <metrics statements="0" coveredstatements="0" conditionals="0" coveredconditionals="0" methods="0" coveredmethods="0"/>
      </file>
      <file name="index.ts" path="/Users/linsuwei/code/Work/Temporarily-project-React Native + Expo/mei-mart-app/src/components/cultural/DiamondPattern/index.ts">
        <metrics statements="0" coveredstatements="0" conditionals="0" coveredconditionals="0" methods="0" coveredmethods="0"/>
      </file>
    </package>
    <package name="components.cultural.LogoBadge">
      <metrics statements="3" coveredstatements="3" conditionals="1" coveredconditionals="1" methods="1" coveredmethods="1"/>
      <file name="LogoBadge.tsx" path="/Users/linsuwei/code/Work/Temporarily-project-React Native + Expo/mei-mart-app/src/components/cultural/LogoBadge/LogoBadge.tsx">
        <metrics statements="3" coveredstatements="3" conditionals="1" coveredconditionals="1" methods="1" coveredmethods="1"/>
        <line num="7" count="1" type="stmt"/>
        <line num="8" count="1" type="stmt"/>
        <line num="29" count="1" type="stmt"/>
      </file>
      <file name="LogoBadge.types.ts" path="/Users/linsuwei/code/Work/Temporarily-project-React Native + Expo/mei-mart-app/src/components/cultural/LogoBadge/LogoBadge.types.ts">
        <metrics statements="0" coveredstatements="0" conditionals="0" coveredconditionals="0" methods="0" coveredmethods="0"/>
      </file>
      <file name="index.ts" path="/Users/linsuwei/code/Work/Temporarily-project-React Native + Expo/mei-mart-app/src/components/cultural/LogoBadge/index.ts">
        <metrics statements="0" coveredstatements="0" conditionals="0" coveredconditionals="0" methods="0" coveredmethods="0"/>
      </file>
    </package>
    <package name="components.cultural.TaisDivider">
      <metrics statements="9" coveredstatements="9" conditionals="3" coveredconditionals="3" methods="2" coveredmethods="2"/>
      <file name="TaisDivider.tsx" path="/Users/linsuwei/code/Work/Temporarily-project-React Native + Expo/mei-mart-app/src/components/cultural/TaisDivider/TaisDivider.tsx">
        <metrics statements="9" coveredstatements="9" conditionals="3" coveredconditionals="3" methods="2" coveredmethods="2"/>
        <line num="6" count="1" type="stmt"/>
        <line num="9" count="1" type="stmt"/>
        <line num="10" count="1" type="stmt"/>
        <line num="11" count="1" type="stmt"/>
        <line num="12" count="1" type="stmt"/>
        <line num="13" count="1" type="stmt"/>
        <line num="15" count="1" type="stmt"/>
        <line num="20" count="8" type="stmt"/>
        <line num="35" count="1" type="stmt"/>
      </file>
      <file name="TaisDivider.types.ts" path="/Users/linsuwei/code/Work/Temporarily-project-React Native + Expo/mei-mart-app/src/components/cultural/TaisDivider/TaisDivider.types.ts">
        <metrics statements="0" coveredstatements="0" conditionals="0" coveredconditionals="0" methods="0" coveredmethods="0"/>
      </file>
      <file name="index.ts" path="/Users/linsuwei/code/Work/Temporarily-project-React Native + Expo/mei-mart-app/src/components/cultural/TaisDivider/index.ts">
        <metrics statements="0" coveredstatements="0" conditionals="0" coveredconditionals="0" methods="0" coveredmethods="0"/>
      </file>
    </package>
    <package name="components.cultural.TaisPattern">
      <metrics statements="4" coveredstatements="4" conditionals="3" coveredconditionals="3" methods="1" coveredmethods="1"/>
      <file name="TaisPattern.tsx" path="/Users/linsuwei/code/Work/Temporarily-project-React Native + Expo/mei-mart-app/src/components/cultural/TaisPattern/TaisPattern.tsx">
        <metrics statements="4" coveredstatements="4" conditionals="3" coveredconditionals="3" methods="1" coveredmethods="1"/>
        <line num="12" count="1" type="stmt"/>
        <line num="13" count="1" type="stmt"/>
        <line num="14" count="1" type="stmt"/>
        <line num="28" count="1" type="stmt"/>
      </file>
      <file name="TaisPattern.types.ts" path="/Users/linsuwei/code/Work/Temporarily-project-React Native + Expo/mei-mart-app/src/components/cultural/TaisPattern/TaisPattern.types.ts">
        <metrics statements="0" coveredstatements="0" conditionals="0" coveredconditionals="0" methods="0" coveredmethods="0"/>
      </file>
      <file name="index.ts" path="/Users/linsuwei/code/Work/Temporarily-project-React Native + Expo/mei-mart-app/src/components/cultural/TaisPattern/index.ts">
        <metrics statements="0" coveredstatements="0" conditionals="0" coveredconditionals="0" methods="0" coveredmethods="0"/>
      </file>
    </package>
    <package name="components.cultural.UmaLulikSkyline">
      <metrics statements="8" coveredstatements="8" conditionals="1" coveredconditionals="1" methods="2" coveredmethods="2"/>
      <file name="UmaLulikSkyline.tsx" path="/Users/linsuwei/code/Work/Temporarily-project-React Native + Expo/mei-mart-app/src/components/cultural/UmaLulikSkyline/UmaLulikSkyline.tsx">
        <metrics statements="8" coveredstatements="8" conditionals="1" coveredconditionals="1" methods="2" coveredmethods="2"/>
        <line num="7" count="1" type="stmt"/>
        <line num="8" count="1" type="stmt"/>
        <line num="9" count="1" type="stmt"/>
        <line num="10" count="1" type="stmt"/>
        <line num="12" count="1" type="stmt"/>
        <line num="14" count="1" type="stmt"/>
        <line num="19" count="8" type="stmt"/>
        <line num="26" count="1" type="stmt"/>
      </file>
      <file name="UmaLulikSkyline.types.ts" path="/Users/linsuwei/code/Work/Temporarily-project-React Native + Expo/mei-mart-app/src/components/cultural/UmaLulikSkyline/UmaLulikSkyline.types.ts">
        <metrics statements="0" coveredstatements="0" conditionals="0" coveredconditionals="0" methods="0" coveredmethods="0"/>
      </file>
      <file name="index.ts" path="/Users/linsuwei/code/Work/Temporarily-project-React Native + Expo/mei-mart-app/src/components/cultural/UmaLulikSkyline/index.ts">
        <metrics statements="0" coveredstatements="0" conditionals="0" coveredconditionals="0" methods="0" coveredmethods="0"/>
      </file>
    </package>
    <package name="components.feedback.EmptyState">
      <metrics statements="3" coveredstatements="3" conditionals="6" coveredconditionals="6" methods="1" coveredmethods="1"/>
      <file name="EmptyState.tsx" path="/Users/linsuwei/code/Work/Temporarily-project-React Native + Expo/mei-mart-app/src/components/feedback/EmptyState/EmptyState.tsx">
        <metrics statements="3" coveredstatements="3" conditionals="6" coveredconditionals="6" methods="1" coveredmethods="1"/>
        <line num="15" count="2" type="stmt"/>
        <line num="16" count="2" type="stmt"/>
        <line num="50" count="1" type="stmt"/>
      </file>
      <file name="EmptyState.types.ts" path="/Users/linsuwei/code/Work/Temporarily-project-React Native + Expo/mei-mart-app/src/components/feedback/EmptyState/EmptyState.types.ts">
        <metrics statements="0" coveredstatements="0" conditionals="0" coveredconditionals="0" methods="0" coveredmethods="0"/>
      </file>
      <file name="index.ts" path="/Users/linsuwei/code/Work/Temporarily-project-React Native + Expo/mei-mart-app/src/components/feedback/EmptyState/index.ts">
        <metrics statements="0" coveredstatements="0" conditionals="0" coveredconditionals="0" methods="0" coveredmethods="0"/>
      </file>
    </package>
    <package name="components.feedback.ErrorBoundary">
      <metrics statements="9" coveredstatements="8" conditionals="4" coveredconditionals="3" methods="4" coveredmethods="4"/>
      <file name="ErrorBoundary.tsx" path="/Users/linsuwei/code/Work/Temporarily-project-React Native + Expo/mei-mart-app/src/components/feedback/ErrorBoundary/ErrorBoundary.tsx">
        <metrics statements="9" coveredstatements="8" conditionals="4" coveredconditionals="3" methods="4" coveredmethods="4"/>
        <line num="9" count="3" type="stmt"/>
        <line num="10" count="3" type="stmt"/>
        <line num="14" count="2" type="stmt"/>
        <line num="18" count="1" type="stmt"/>
        <line num="23" count="5" type="cond" truecount="2" falsecount="0"/>
        <line num="24" count="2" type="cond" truecount="1" falsecount="1"/>
        <line num="25" count="2" type="stmt"/>
        <line num="27" count="0" type="stmt"/>
        <line num="29" count="3" type="stmt"/>
      </file>
      <file name="ErrorBoundary.types.ts" path="/Users/linsuwei/code/Work/Temporarily-project-React Native + Expo/mei-mart-app/src/components/feedback/ErrorBoundary/ErrorBoundary.types.ts">
        <metrics statements="0" coveredstatements="0" conditionals="0" coveredconditionals="0" methods="0" coveredmethods="0"/>
      </file>
      <file name="index.ts" path="/Users/linsuwei/code/Work/Temporarily-project-React Native + Expo/mei-mart-app/src/components/feedback/ErrorBoundary/index.ts">
        <metrics statements="0" coveredstatements="0" conditionals="0" coveredconditionals="0" methods="0" coveredmethods="0"/>
      </file>
    </package>
    <package name="components.feedback.ErrorState">
      <metrics statements="3" coveredstatements="3" conditionals="2" coveredconditionals="2" methods="1" coveredmethods="1"/>
      <file name="ErrorState.tsx" path="/Users/linsuwei/code/Work/Temporarily-project-React Native + Expo/mei-mart-app/src/components/feedback/ErrorState/ErrorState.tsx">
        <metrics statements="3" coveredstatements="3" conditionals="2" coveredconditionals="2" methods="1" coveredmethods="1"/>
        <line num="8" count="2" type="stmt"/>
        <line num="9" count="2" type="stmt"/>
        <line num="27" count="2" type="stmt"/>
      </file>
      <file name="ErrorState.types.ts" path="/Users/linsuwei/code/Work/Temporarily-project-React Native + Expo/mei-mart-app/src/components/feedback/ErrorState/ErrorState.types.ts">
        <metrics statements="0" coveredstatements="0" conditionals="0" coveredconditionals="0" methods="0" coveredmethods="0"/>
      </file>
      <file name="index.ts" path="/Users/linsuwei/code/Work/Temporarily-project-React Native + Expo/mei-mart-app/src/components/feedback/ErrorState/index.ts">
        <metrics statements="0" coveredstatements="0" conditionals="0" coveredconditionals="0" methods="0" coveredmethods="0"/>
      </file>
    </package>
    <package name="components.feedback.LoadingOverlay">
      <metrics statements="3" coveredstatements="3" conditionals="4" coveredconditionals="3" methods="1" coveredmethods="1"/>
      <file name="LoadingOverlay.tsx" path="/Users/linsuwei/code/Work/Temporarily-project-React Native + Expo/mei-mart-app/src/components/feedback/LoadingOverlay/LoadingOverlay.tsx">
        <metrics statements="3" coveredstatements="3" conditionals="4" coveredconditionals="3" methods="1" coveredmethods="1"/>
        <line num="6" count="2" type="stmt"/>
        <line num="7" count="2" type="stmt"/>
        <line num="25" count="1" type="stmt"/>
      </file>
      <file name="LoadingOverlay.types.ts" path="/Users/linsuwei/code/Work/Temporarily-project-React Native + Expo/mei-mart-app/src/components/feedback/LoadingOverlay/LoadingOverlay.types.ts">
        <metrics statements="0" coveredstatements="0" conditionals="0" coveredconditionals="0" methods="0" coveredmethods="0"/>
      </file>
      <file name="index.ts" path="/Users/linsuwei/code/Work/Temporarily-project-React Native + Expo/mei-mart-app/src/components/feedback/LoadingOverlay/index.ts">
        <metrics statements="0" coveredstatements="0" conditionals="0" coveredconditionals="0" methods="0" coveredmethods="0"/>
      </file>
    </package>
    <package name="components.feedback.OfflineBanner">
      <metrics statements="5" coveredstatements="5" conditionals="2" coveredconditionals="2" methods="2" coveredmethods="2"/>
      <file name="OfflineBanner.tsx" path="/Users/linsuwei/code/Work/Temporarily-project-React Native + Expo/mei-mart-app/src/components/feedback/OfflineBanner/OfflineBanner.tsx">
        <metrics statements="5" coveredstatements="5" conditionals="2" coveredconditionals="2" methods="2" coveredmethods="2"/>
        <line num="7" count="2" type="stmt"/>
        <line num="8" count="2" type="stmt"/>
        <line num="36" count="1" type="stmt"/>
        <line num="37" count="1" type="stmt"/>
        <line num="52" count="1" type="stmt"/>
      </file>
      <file name="OfflineBanner.types.ts" path="/Users/linsuwei/code/Work/Temporarily-project-React Native + Expo/mei-mart-app/src/components/feedback/OfflineBanner/OfflineBanner.types.ts">
        <metrics statements="0" coveredstatements="0" conditionals="0" coveredconditionals="0" methods="0" coveredmethods="0"/>
      </file>
      <file name="index.ts" path="/Users/linsuwei/code/Work/Temporarily-project-React Native + Expo/mei-mart-app/src/components/feedback/OfflineBanner/index.ts">
        <metrics statements="0" coveredstatements="0" conditionals="0" coveredconditionals="0" methods="0" coveredmethods="0"/>
      </file>
    </package>
    <package name="components.feedback.Toast">
      <metrics statements="12" coveredstatements="10" conditionals="13" coveredconditionals="10" methods="3" coveredmethods="2"/>
      <file name="Toast.tsx" path="/Users/linsuwei/code/Work/Temporarily-project-React Native + Expo/mei-mart-app/src/components/feedback/Toast/Toast.tsx">
        <metrics statements="12" coveredstatements="10" conditionals="13" coveredconditionals="10" methods="3" coveredmethods="2"/>
        <line num="7" count="1" type="stmt"/>
        <line num="21" count="2" type="stmt"/>
        <line num="22" count="2" type="stmt"/>
        <line num="23" count="2" type="cond" truecount="1" falsecount="1"/>
        <line num="24" count="2" type="cond" truecount="1" falsecount="1"/>
        <line num="26" count="2" type="stmt"/>
        <line num="27" count="2" type="cond" truecount="4" falsecount="1"/>
        <line num="28" count="0" type="stmt"/>
        <line num="29" count="0" type="stmt"/>
        <line num="33" count="2" type="cond" truecount="2" falsecount="0"/>
        <line num="35" count="1" type="stmt"/>
        <line num="48" count="1" type="stmt"/>
      </file>
      <file name="Toast.types.ts" path="/Users/linsuwei/code/Work/Temporarily-project-React Native + Expo/mei-mart-app/src/components/feedback/Toast/Toast.types.ts">
        <metrics statements="0" coveredstatements="0" conditionals="0" coveredconditionals="0" methods="0" coveredmethods="0"/>
      </file>
      <file name="index.ts" path="/Users/linsuwei/code/Work/Temporarily-project-React Native + Expo/mei-mart-app/src/components/feedback/Toast/index.ts">
        <metrics statements="0" coveredstatements="0" conditionals="0" coveredconditionals="0" methods="0" coveredmethods="0"/>
      </file>
    </package>
    <package name="components.layout.BottomNav">
      <metrics statements="9" coveredstatements="9" conditionals="7" coveredconditionals="7" methods="3" coveredmethods="3"/>
      <file name="BottomNav.tsx" path="/Users/linsuwei/code/Work/Temporarily-project-React Native + Expo/mei-mart-app/src/components/layout/BottomNav/BottomNav.tsx">
        <metrics statements="8" coveredstatements="8" conditionals="7" coveredconditionals="7" methods="3" coveredmethods="3"/>
        <line num="9" count="2" type="stmt"/>
        <line num="11" count="2" type="stmt"/>
        <line num="13" count="2" type="stmt"/>
        <line num="30" count="10" type="stmt"/>
        <line num="31" count="10" type="cond" truecount="2" falsecount="0"/>
        <line num="32" count="10" type="stmt"/>
        <line num="36" count="1" type="stmt"/>
        <line num="62" count="1" type="stmt"/>
      </file>
      <file name="BottomNav.types.ts" path="/Users/linsuwei/code/Work/Temporarily-project-React Native + Expo/mei-mart-app/src/components/layout/BottomNav/BottomNav.types.ts">
        <metrics statements="1" coveredstatements="1" conditionals="0" coveredconditionals="0" methods="0" coveredmethods="0"/>
        <line num="9" count="1" type="stmt"/>
      </file>
      <file name="index.ts" path="/Users/linsuwei/code/Work/Temporarily-project-React Native + Expo/mei-mart-app/src/components/layout/BottomNav/index.ts">
        <metrics statements="0" coveredstatements="0" conditionals="0" coveredconditionals="0" methods="0" coveredmethods="0"/>
      </file>
    </package>
    <package name="components.layout.KeyboardAvoidingView">
      <metrics statements="3" coveredstatements="3" conditionals="0" coveredconditionals="0" methods="1" coveredmethods="1"/>
      <file name="KeyboardAvoidingView.tsx" path="/Users/linsuwei/code/Work/Temporarily-project-React Native + Expo/mei-mart-app/src/components/layout/KeyboardAvoidingView/KeyboardAvoidingView.tsx">
        <metrics statements="3" coveredstatements="3" conditionals="0" coveredconditionals="0" methods="1" coveredmethods="1"/>
        <line num="6" count="1" type="stmt"/>
        <line num="7" count="1" type="stmt"/>
        <line num="19" count="1" type="stmt"/>
      </file>
      <file name="KeyboardAvoidingView.types.ts" path="/Users/linsuwei/code/Work/Temporarily-project-React Native + Expo/mei-mart-app/src/components/layout/KeyboardAvoidingView/KeyboardAvoidingView.types.ts">
        <metrics statements="0" coveredstatements="0" conditionals="0" coveredconditionals="0" methods="0" coveredmethods="0"/>
      </file>
      <file name="index.ts" path="/Users/linsuwei/code/Work/Temporarily-project-React Native + Expo/mei-mart-app/src/components/layout/KeyboardAvoidingView/index.ts">
        <metrics statements="0" coveredstatements="0" conditionals="0" coveredconditionals="0" methods="0" coveredmethods="0"/>
      </file>
    </package>
    <package name="components.layout.PageHeader">
      <metrics statements="3" coveredstatements="3" conditionals="9" coveredconditionals="8" methods="1" coveredmethods="1"/>
      <file name="PageHeader.tsx" path="/Users/linsuwei/code/Work/Temporarily-project-React Native + Expo/mei-mart-app/src/components/layout/PageHeader/PageHeader.tsx">
        <metrics statements="3" coveredstatements="3" conditionals="9" coveredconditionals="8" methods="1" coveredmethods="1"/>
        <line num="13" count="3" type="stmt"/>
        <line num="15" count="3" type="stmt"/>
        <line num="52" count="1" type="stmt"/>
      </file>
      <file name="PageHeader.types.ts" path="/Users/linsuwei/code/Work/Temporarily-project-React Native + Expo/mei-mart-app/src/components/layout/PageHeader/PageHeader.types.ts">
        <metrics statements="0" coveredstatements="0" conditionals="0" coveredconditionals="0" methods="0" coveredmethods="0"/>
      </file>
      <file name="index.ts" path="/Users/linsuwei/code/Work/Temporarily-project-React Native + Expo/mei-mart-app/src/components/layout/PageHeader/index.ts">
        <metrics statements="0" coveredstatements="0" conditionals="0" coveredconditionals="0" methods="0" coveredmethods="0"/>
      </file>
    </package>
    <package name="components.layout.SafeAreaWrapper">
      <metrics statements="3" coveredstatements="3" conditionals="1" coveredconditionals="1" methods="1" coveredmethods="1"/>
      <file name="SafeAreaWrapper.tsx" path="/Users/linsuwei/code/Work/Temporarily-project-React Native + Expo/mei-mart-app/src/components/layout/SafeAreaWrapper/SafeAreaWrapper.tsx">
        <metrics statements="3" coveredstatements="3" conditionals="1" coveredconditionals="1" methods="1" coveredmethods="1"/>
        <line num="12" count="1" type="stmt"/>
        <line num="13" count="1" type="stmt"/>
        <line num="24" count="1" type="stmt"/>
      </file>
      <file name="SafeAreaWrapper.types.ts" path="/Users/linsuwei/code/Work/Temporarily-project-React Native + Expo/mei-mart-app/src/components/layout/SafeAreaWrapper/SafeAreaWrapper.types.ts">
        <metrics statements="0" coveredstatements="0" conditionals="0" coveredconditionals="0" methods="0" coveredmethods="0"/>
      </file>
      <file name="index.ts" path="/Users/linsuwei/code/Work/Temporarily-project-React Native + Expo/mei-mart-app/src/components/layout/SafeAreaWrapper/index.ts">
        <metrics statements="0" coveredstatements="0" conditionals="0" coveredconditionals="0" methods="0" coveredmethods="0"/>
      </file>
    </package>
    <package name="components.layout.StatusBar">
      <metrics statements="3" coveredstatements="3" conditionals="3" coveredconditionals="2" methods="1" coveredmethods="1"/>
      <file name="StatusBar.tsx" path="/Users/linsuwei/code/Work/Temporarily-project-React Native + Expo/mei-mart-app/src/components/layout/StatusBar/StatusBar.tsx">
        <metrics statements="3" coveredstatements="3" conditionals="3" coveredconditionals="2" methods="1" coveredmethods="1"/>
        <line num="6" count="1" type="stmt"/>
        <line num="7" count="1" type="stmt"/>
        <line num="8" count="1" type="stmt"/>
      </file>
      <file name="StatusBar.types.ts" path="/Users/linsuwei/code/Work/Temporarily-project-React Native + Expo/mei-mart-app/src/components/layout/StatusBar/StatusBar.types.ts">
        <metrics statements="0" coveredstatements="0" conditionals="0" coveredconditionals="0" methods="0" coveredmethods="0"/>
      </file>
      <file name="index.ts" path="/Users/linsuwei/code/Work/Temporarily-project-React Native + Expo/mei-mart-app/src/components/layout/StatusBar/index.ts">
        <metrics statements="0" coveredstatements="0" conditionals="0" coveredconditionals="0" methods="0" coveredmethods="0"/>
      </file>
    </package>
    <package name="components.layout.TabBar">
      <metrics statements="6" coveredstatements="6" conditionals="6" coveredconditionals="6" methods="3" coveredmethods="3"/>
      <file name="TabBar.tsx" path="/Users/linsuwei/code/Work/Temporarily-project-React Native + Expo/mei-mart-app/src/components/layout/TabBar/TabBar.tsx">
        <metrics statements="6" coveredstatements="6" conditionals="6" coveredconditionals="6" methods="3" coveredmethods="3"/>
        <line num="6" count="2" type="stmt"/>
        <line num="7" count="2" type="stmt"/>
        <line num="14" count="5" type="stmt"/>
        <line num="15" count="5" type="stmt"/>
        <line num="25" count="1" type="stmt"/>
        <line num="48" count="1" type="stmt"/>
      </file>
      <file name="TabBar.types.ts" path="/Users/linsuwei/code/Work/Temporarily-project-React Native + Expo/mei-mart-app/src/components/layout/TabBar/TabBar.types.ts">
        <metrics statements="0" coveredstatements="0" conditionals="0" coveredconditionals="0" methods="0" coveredmethods="0"/>
      </file>
      <file name="index.ts" path="/Users/linsuwei/code/Work/Temporarily-project-React Native + Expo/mei-mart-app/src/components/layout/TabBar/index.ts">
        <metrics statements="0" coveredstatements="0" conditionals="0" coveredconditionals="0" methods="0" coveredmethods="0"/>
      </file>
    </package>
    <package name="components.ui.Avatar">
      <metrics statements="10" coveredstatements="10" conditionals="13" coveredconditionals="9" methods="2" coveredmethods="2"/>
      <file name="Avatar.tsx" path="/Users/linsuwei/code/Work/Temporarily-project-React Native + Expo/mei-mart-app/src/components/ui/Avatar/Avatar.tsx">
        <metrics statements="10" coveredstatements="10" conditionals="13" coveredconditionals="9" methods="2" coveredmethods="2"/>
        <line num="7" count="1" type="stmt"/>
        <line num="21" count="4" type="stmt"/>
        <line num="22" count="4" type="stmt"/>
        <line num="24" count="4" type="stmt"/>
        <line num="27" count="4" type="stmt"/>
        <line num="73" count="4" type="cond" truecount="2" falsecount="0"/>
        <line num="74" count="1" type="stmt"/>
        <line num="81" count="1" type="cond" truecount="1" falsecount="1"/>
        <line num="88" count="3" type="stmt"/>
        <line num="95" count="1" type="stmt"/>
      </file>
      <file name="Avatar.types.ts" path="/Users/linsuwei/code/Work/Temporarily-project-React Native + Expo/mei-mart-app/src/components/ui/Avatar/Avatar.types.ts">
        <metrics statements="0" coveredstatements="0" conditionals="0" coveredconditionals="0" methods="0" coveredmethods="0"/>
      </file>
      <file name="index.ts" path="/Users/linsuwei/code/Work/Temporarily-project-React Native + Expo/mei-mart-app/src/components/ui/Avatar/index.ts">
        <metrics statements="0" coveredstatements="0" conditionals="0" coveredconditionals="0" methods="0" coveredmethods="0"/>
      </file>
    </package>
    <package name="components.ui.Badge">
      <metrics statements="9" coveredstatements="9" conditionals="15" coveredconditionals="14" methods="1" coveredmethods="1"/>
      <file name="Badge.tsx" path="/Users/linsuwei/code/Work/Temporarily-project-React Native + Expo/mei-mart-app/src/components/ui/Badge/Badge.tsx">
        <metrics statements="9" coveredstatements="9" conditionals="15" coveredconditionals="14" methods="1" coveredmethods="1"/>
        <line num="14" count="6" type="stmt"/>
        <line num="16" count="6" type="cond" truecount="2" falsecount="0"/>
        <line num="17" count="1" type="stmt"/>
        <line num="20" count="5" type="cond" truecount="2" falsecount="0"/>
        <line num="21" count="5" type="cond" truecount="2" falsecount="0"/>
        <line num="23" count="5" type="cond" truecount="2" falsecount="0"/>
        <line num="24" count="1" type="stmt"/>
        <line num="34" count="4" type="stmt"/>
        <line num="46" count="2" type="stmt"/>
      </file>
      <file name="Badge.types.ts" path="/Users/linsuwei/code/Work/Temporarily-project-React Native + Expo/mei-mart-app/src/components/ui/Badge/Badge.types.ts">
        <metrics statements="0" coveredstatements="0" conditionals="0" coveredconditionals="0" methods="0" coveredmethods="0"/>
      </file>
      <file name="index.ts" path="/Users/linsuwei/code/Work/Temporarily-project-React Native + Expo/mei-mart-app/src/components/ui/Badge/index.ts">
        <metrics statements="0" coveredstatements="0" conditionals="0" coveredconditionals="0" methods="0" coveredmethods="0"/>
      </file>
    </package>
    <package name="components.ui.Button">
      <metrics statements="9" coveredstatements="9" conditionals="19" coveredconditionals="17" methods="2" coveredmethods="2"/>
      <file name="Button.tsx" path="/Users/linsuwei/code/Work/Temporarily-project-React Native + Expo/mei-mart-app/src/components/ui/Button/Button.tsx">
        <metrics statements="9" coveredstatements="9" conditionals="19" coveredconditionals="17" methods="2" coveredmethods="2"/>
        <line num="6" count="7" type="stmt"/>
        <line num="12" count="7" type="stmt"/>
        <line num="29" count="11" type="stmt"/>
        <line num="30" count="11" type="cond" truecount="2" falsecount="0"/>
        <line num="32" count="11" type="stmt"/>
        <line num="39" count="11" type="stmt"/>
        <line num="46" count="11" type="stmt"/>
        <line num="55" count="11" type="stmt"/>
        <line num="91" count="7" type="stmt"/>
      </file>
      <file name="Button.types.ts" path="/Users/linsuwei/code/Work/Temporarily-project-React Native + Expo/mei-mart-app/src/components/ui/Button/Button.types.ts">
        <metrics statements="0" coveredstatements="0" conditionals="0" coveredconditionals="0" methods="0" coveredmethods="0"/>
      </file>
      <file name="index.ts" path="/Users/linsuwei/code/Work/Temporarily-project-React Native + Expo/mei-mart-app/src/components/ui/Button/index.ts">
        <metrics statements="0" coveredstatements="0" conditionals="0" coveredconditionals="0" methods="0" coveredmethods="0"/>
      </file>
    </package>
    <package name="components.ui.Card">
      <metrics statements="7" coveredstatements="7" conditionals="8" coveredconditionals="6" methods="2" coveredmethods="2"/>
      <file name="Card.tsx" path="/Users/linsuwei/code/Work/Temporarily-project-React Native + Expo/mei-mart-app/src/components/ui/Card/Card.tsx">
        <metrics statements="7" coveredstatements="7" conditionals="8" coveredconditionals="6" methods="2" coveredmethods="2"/>
        <line num="15" count="3" type="stmt"/>
        <line num="18" count="3" type="stmt"/>
        <line num="34" count="3" type="cond" truecount="2" falsecount="0"/>
        <line num="35" count="1" type="stmt"/>
        <line num="41" count="1" type="cond" truecount="1" falsecount="1"/>
        <line num="48" count="2" type="stmt"/>
        <line num="55" count="1" type="stmt"/>
      </file>
      <file name="Card.types.ts" path="/Users/linsuwei/code/Work/Temporarily-project-React Native + Expo/mei-mart-app/src/components/ui/Card/Card.types.ts">
        <metrics statements="0" coveredstatements="0" conditionals="0" coveredconditionals="0" methods="0" coveredmethods="0"/>
      </file>
      <file name="index.ts" path="/Users/linsuwei/code/Work/Temporarily-project-React Native + Expo/mei-mart-app/src/components/ui/Card/index.ts">
        <metrics statements="0" coveredstatements="0" conditionals="0" coveredconditionals="0" methods="0" coveredmethods="0"/>
      </file>
    </package>
    <package name="components.ui.Checkbox">
      <metrics statements="8" coveredstatements="8" conditionals="18" coveredconditionals="16" methods="3" coveredmethods="3"/>
      <file name="Checkbox.tsx" path="/Users/linsuwei/code/Work/Temporarily-project-React Native + Expo/mei-mart-app/src/components/ui/Checkbox/Checkbox.tsx">
        <metrics statements="8" coveredstatements="8" conditionals="18" coveredconditionals="16" methods="3" coveredmethods="3"/>
        <line num="16" count="6" type="stmt"/>
        <line num="18" count="6" type="stmt"/>
        <line num="19" count="1" type="cond" truecount="1" falsecount="1"/>
        <line num="20" count="1" type="stmt"/>
        <line num="21" count="1" type="stmt"/>
        <line num="24" count="6" type="stmt"/>
        <line num="32" count="6" type="cond" truecount="3" falsecount="1"/>
        <line num="50" count="3" type="stmt"/>
      </file>
      <file name="Checkbox.types.ts" path="/Users/linsuwei/code/Work/Temporarily-project-React Native + Expo/mei-mart-app/src/components/ui/Checkbox/Checkbox.types.ts">
        <metrics statements="0" coveredstatements="0" conditionals="0" coveredconditionals="0" methods="0" coveredmethods="0"/>
      </file>
      <file name="index.ts" path="/Users/linsuwei/code/Work/Temporarily-project-React Native + Expo/mei-mart-app/src/components/ui/Checkbox/index.ts">
        <metrics statements="0" coveredstatements="0" conditionals="0" coveredconditionals="0" methods="0" coveredmethods="0"/>
      </file>
    </package>
    <package name="components.ui.Chip">
      <metrics statements="7" coveredstatements="7" conditionals="11" coveredconditionals="8" methods="3" coveredmethods="3"/>
      <file name="Chip.tsx" path="/Users/linsuwei/code/Work/Temporarily-project-React Native + Expo/mei-mart-app/src/components/ui/Chip/Chip.tsx">
        <metrics statements="7" coveredstatements="7" conditionals="11" coveredconditionals="8" methods="3" coveredmethods="3"/>
        <line num="8" count="3" type="stmt"/>
        <line num="10" count="3" type="cond" truecount="2" falsecount="0"/>
        <line num="11" count="3" type="cond" truecount="2" falsecount="0"/>
        <line num="13" count="3" type="stmt"/>
        <line num="16" count="1" type="stmt"/>
        <line num="21" count="3" type="stmt"/>
        <line num="34" count="1" type="stmt"/>
      </file>
      <file name="Chip.types.ts" path="/Users/linsuwei/code/Work/Temporarily-project-React Native + Expo/mei-mart-app/src/components/ui/Chip/Chip.types.ts">
        <metrics statements="0" coveredstatements="0" conditionals="0" coveredconditionals="0" methods="0" coveredmethods="0"/>
      </file>
      <file name="index.ts" path="/Users/linsuwei/code/Work/Temporarily-project-React Native + Expo/mei-mart-app/src/components/ui/Chip/index.ts">
        <metrics statements="0" coveredstatements="0" conditionals="0" coveredconditionals="0" methods="0" coveredmethods="0"/>
      </file>
    </package>
    <package name="components.ui.Input">
      <metrics statements="8" coveredstatements="7" conditionals="24" coveredconditionals="15" methods="2" coveredmethods="2"/>
      <file name="Input.tsx" path="/Users/linsuwei/code/Work/Temporarily-project-React Native + Expo/mei-mart-app/src/components/ui/Input/Input.tsx">
        <metrics statements="8" coveredstatements="7" conditionals="24" coveredconditionals="15" methods="2" coveredmethods="2"/>
        <line num="23" count="4" type="stmt"/>
        <line num="24" count="4" type="stmt"/>
        <line num="25" count="4" type="stmt"/>
        <line num="27" count="4" type="stmt"/>
        <line num="28" count="4" type="cond" truecount="1" falsecount="1"/>
        <line num="29" count="0" type="stmt"/>
        <line num="33" count="4" type="stmt"/>
        <line num="105" count="1" type="stmt"/>
      </file>
      <file name="Input.types.ts" path="/Users/linsuwei/code/Work/Temporarily-project-React Native + Expo/mei-mart-app/src/components/ui/Input/Input.types.ts">
        <metrics statements="0" coveredstatements="0" conditionals="0" coveredconditionals="0" methods="0" coveredmethods="0"/>
      </file>
      <file name="index.ts" path="/Users/linsuwei/code/Work/Temporarily-project-React Native + Expo/mei-mart-app/src/components/ui/Input/index.ts">
        <metrics statements="0" coveredstatements="0" conditionals="0" coveredconditionals="0" methods="0" coveredmethods="0"/>
      </file>
    </package>
    <package name="components.ui.Modal">
      <metrics statements="5" coveredstatements="3" conditionals="13" coveredconditionals="10" methods="3" coveredmethods="1"/>
      <file name="Modal.tsx" path="/Users/linsuwei/code/Work/Temporarily-project-React Native + Expo/mei-mart-app/src/components/ui/Modal/Modal.tsx">
        <metrics statements="5" coveredstatements="3" conditionals="13" coveredconditionals="10" methods="3" coveredmethods="1"/>
        <line num="16" count="4" type="stmt"/>
        <line num="18" count="4" type="stmt"/>
        <line num="29" count="0" type="cond" truecount="0" falsecount="2"/>
        <line num="36" count="0" type="stmt"/>
        <line num="77" count="1" type="stmt"/>
      </file>
      <file name="Modal.types.ts" path="/Users/linsuwei/code/Work/Temporarily-project-React Native + Expo/mei-mart-app/src/components/ui/Modal/Modal.types.ts">
        <metrics statements="0" coveredstatements="0" conditionals="0" coveredconditionals="0" methods="0" coveredmethods="0"/>
      </file>
      <file name="index.ts" path="/Users/linsuwei/code/Work/Temporarily-project-React Native + Expo/mei-mart-app/src/components/ui/Modal/index.ts">
        <metrics statements="0" coveredstatements="0" conditionals="0" coveredconditionals="0" methods="0" coveredmethods="0"/>
      </file>
    </package>
    <package name="components.ui.PriceText">
      <metrics statements="8" coveredstatements="8" conditionals="16" coveredconditionals="13" methods="2" coveredmethods="2"/>
      <file name="PriceText.tsx" path="/Users/linsuwei/code/Work/Temporarily-project-React Native + Expo/mei-mart-app/src/components/ui/PriceText/PriceText.tsx">
        <metrics statements="8" coveredstatements="8" conditionals="16" coveredconditionals="13" methods="2" coveredmethods="2"/>
        <line num="7" count="5" type="stmt"/>
        <line num="14" count="48" type="stmt"/>
        <line num="26" count="17" type="stmt"/>
        <line num="27" count="17" type="stmt"/>
        <line num="28" count="17" type="stmt"/>
        <line num="30" count="17" type="cond" truecount="2" falsecount="0"/>
        <line num="32" count="17" type="stmt"/>
        <line num="63" count="5" type="stmt"/>
      </file>
      <file name="PriceText.types.ts" path="/Users/linsuwei/code/Work/Temporarily-project-React Native + Expo/mei-mart-app/src/components/ui/PriceText/PriceText.types.ts">
        <metrics statements="0" coveredstatements="0" conditionals="0" coveredconditionals="0" methods="0" coveredmethods="0"/>
      </file>
      <file name="index.ts" path="/Users/linsuwei/code/Work/Temporarily-project-React Native + Expo/mei-mart-app/src/components/ui/PriceText/index.ts">
        <metrics statements="0" coveredstatements="0" conditionals="0" coveredconditionals="0" methods="0" coveredmethods="0"/>
      </file>
    </package>
    <package name="components.ui.Skeleton">
      <metrics statements="9" coveredstatements="9" conditionals="9" coveredconditionals="9" methods="4" coveredmethods="4"/>
      <file name="Skeleton.tsx" path="/Users/linsuwei/code/Work/Temporarily-project-React Native + Expo/mei-mart-app/src/components/ui/Skeleton/Skeleton.tsx">
        <metrics statements="9" coveredstatements="9" conditionals="9" coveredconditionals="9" methods="4" coveredmethods="4"/>
        <line num="14" count="3" type="stmt"/>
        <line num="15" count="3" type="stmt"/>
        <line num="17" count="3" type="stmt"/>
        <line num="18" count="3" type="stmt"/>
        <line num="34" count="3" type="stmt"/>
        <line num="35" count="3" type="stmt"/>
        <line num="38" count="3" type="cond" truecount="6" falsecount="0"/>
        <line num="40" count="3" type="stmt"/>
        <line num="59" count="1" type="stmt"/>
      </file>
      <file name="Skeleton.types.ts" path="/Users/linsuwei/code/Work/Temporarily-project-React Native + Expo/mei-mart-app/src/components/ui/Skeleton/Skeleton.types.ts">
        <metrics statements="0" coveredstatements="0" conditionals="0" coveredconditionals="0" methods="0" coveredmethods="0"/>
      </file>
      <file name="index.ts" path="/Users/linsuwei/code/Work/Temporarily-project-React Native + Expo/mei-mart-app/src/components/ui/Skeleton/index.ts">
        <metrics statements="0" coveredstatements="0" conditionals="0" coveredconditionals="0" methods="0" coveredmethods="0"/>
      </file>
    </package>
    <package name="components.ui.Switch">
      <metrics statements="14" coveredstatements="13" conditionals="15" coveredconditionals="12" methods="3" coveredmethods="2"/>
      <file name="Switch.tsx" path="/Users/linsuwei/code/Work/Temporarily-project-React Native + Expo/mei-mart-app/src/components/ui/Switch/Switch.tsx">
        <metrics statements="14" coveredstatements="13" conditionals="15" coveredconditionals="12" methods="3" coveredmethods="2"/>
        <line num="6" count="1" type="stmt"/>
        <line num="7" count="1" type="stmt"/>
        <line num="8" count="1" type="stmt"/>
        <line num="9" count="1" type="stmt"/>
        <line num="12" count="3" type="stmt"/>
        <line num="13" count="3" type="cond" truecount="2" falsecount="0"/>
        <line num="14" count="3" type="stmt"/>
        <line num="17" count="3" type="stmt"/>
        <line num="36" count="3" type="cond" truecount="2" falsecount="0"/>
        <line num="37" count="1" type="stmt"/>
        <line num="40" count="0" type="cond" truecount="0" falsecount="2"/>
        <line num="52" count="2" type="stmt"/>
        <line num="55" count="1" type="cond" truecount="2" falsecount="0"/>
        <line num="65" count="1" type="stmt"/>
      </file>
      <file name="Switch.types.ts" path="/Users/linsuwei/code/Work/Temporarily-project-React Native + Expo/mei-mart-app/src/components/ui/Switch/Switch.types.ts">
        <metrics statements="0" coveredstatements="0" conditionals="0" coveredconditionals="0" methods="0" coveredmethods="0"/>
      </file>
      <file name="index.ts" path="/Users/linsuwei/code/Work/Temporarily-project-React Native + Expo/mei-mart-app/src/components/ui/Switch/index.ts">
        <metrics statements="0" coveredstatements="0" conditionals="0" coveredconditionals="0" methods="0" coveredmethods="0"/>
      </file>
    </package>
    <package name="config">
      <metrics statements="5" coveredstatements="0" conditionals="0" coveredconditionals="0" methods="0" coveredmethods="0"/>
      <file name="api.ts" path="/Users/linsuwei/code/Work/Temporarily-project-React Native + Expo/mei-mart-app/src/config/api.ts">
        <metrics statements="1" coveredstatements="0" conditionals="0" coveredconditionals="0" methods="0" coveredmethods="0"/>
        <line num="2" count="0" type="stmt"/>
      </file>
      <file name="env.ts" path="/Users/linsuwei/code/Work/Temporarily-project-React Native + Expo/mei-mart-app/src/config/env.ts">
        <metrics statements="4" coveredstatements="0" conditionals="0" coveredconditionals="0" methods="0" coveredmethods="0"/>
        <line num="9" count="0" type="stmt"/>
        <line num="11" count="0" type="stmt"/>
        <line num="12" count="0" type="stmt"/>
        <line num="13" count="0" type="stmt"/>
      </file>
    </package>
    <package name="hooks">
      <metrics statements="60" coveredstatements="5" conditionals="31" coveredconditionals="0" methods="22" coveredmethods="4"/>
      <file name="useAuth.ts" path="/Users/linsuwei/code/Work/Temporarily-project-React Native + Expo/mei-mart-app/src/hooks/useAuth.ts">
        <metrics statements="24" coveredstatements="0" conditionals="6" coveredconditionals="0" methods="6" coveredmethods="0"/>
        <line num="20" count="0" type="stmt"/>
        <line num="21" count="0" type="stmt"/>
        <line num="22" count="0" type="stmt"/>
        <line num="23" count="0" type="stmt"/>
        <line num="24" count="0" type="stmt"/>
        <line num="25" count="0" type="stmt"/>
        <line num="26" count="0" type="stmt"/>
        <line num="28" count="0" type="stmt"/>
        <line num="31" count="0" type="cond" truecount="0" falsecount="2"/>
        <line num="34" count="0" type="stmt"/>
        <line num="35" count="0" type="stmt"/>
        <line num="36" count="0" type="stmt"/>
        <line num="37" count="0" type="stmt"/>
        <line num="42" count="0" type="stmt"/>
        <line num="44" count="0" type="stmt"/>
        <line num="45" count="0" type="stmt"/>
        <line num="46" count="0" type="stmt"/>
        <line num="47" count="0" type="stmt"/>
        <line num="48" count="0" type="stmt"/>
        <line num="53" count="0" type="stmt"/>
        <line num="54" count="0" type="stmt"/>
        <line num="55" count="0" type="stmt"/>
        <line num="56" count="0" type="stmt"/>
        <line num="59" count="0" type="stmt"/>
      </file>
      <file name="useDebounce.ts" path="/Users/linsuwei/code/Work/Temporarily-project-React Native + Expo/mei-mart-app/src/hooks/useDebounce.ts">
        <metrics statements="5" coveredstatements="5" conditionals="1" coveredconditionals="0" methods="4" coveredmethods="4"/>
        <line num="4" count="8" type="stmt"/>
        <line num="6" count="8" type="stmt"/>
        <line num="7" count="6" type="stmt"/>
        <line num="8" count="6" type="stmt"/>
        <line num="11" count="8" type="stmt"/>
      </file>
      <file name="useNetwork.ts" path="/Users/linsuwei/code/Work/Temporarily-project-React Native + Expo/mei-mart-app/src/hooks/useNetwork.ts">
        <metrics statements="16" coveredstatements="0" conditionals="12" coveredconditionals="0" methods="6" coveredmethods="0"/>
        <line num="13" count="0" type="stmt"/>
        <line num="20" count="0" type="stmt"/>
        <line num="21" count="0" type="stmt"/>
        <line num="22" count="0" type="stmt"/>
        <line num="23" count="0" type="stmt"/>
        <line num="24" count="0" type="stmt"/>
        <line num="25" count="0" type="stmt"/>
        <line num="26" count="0" type="cond" truecount="0" falsecount="4"/>
        <line num="27" count="0" type="cond" truecount="0" falsecount="4"/>
        <line num="28" count="0" type="stmt"/>
        <line num="30" count="0" type="stmt"/>
        <line num="36" count="0" type="stmt"/>
        <line num="37" count="0" type="stmt"/>
        <line num="44" count="0" type="stmt"/>
        <line num="47" count="0" type="stmt"/>
        <line num="51" count="0" type="stmt"/>
      </file>
      <file name="useNetworkQuality.ts" path="/Users/linsuwei/code/Work/Temporarily-project-React Native + Expo/mei-mart-app/src/hooks/useNetworkQuality.ts">
        <metrics statements="0" coveredstatements="0" conditionals="0" coveredconditionals="0" methods="0" coveredmethods="0"/>
      </file>
      <file name="useOfflineMutation.ts" path="/Users/linsuwei/code/Work/Temporarily-project-React Native + Expo/mei-mart-app/src/hooks/useOfflineMutation.ts">
        <metrics statements="9" coveredstatements="0" conditionals="2" coveredconditionals="0" methods="2" coveredmethods="0"/>
        <line num="6" count="0" type="stmt"/>
        <line num="11" count="0" type="stmt"/>
        <line num="12" count="0" type="cond" truecount="0" falsecount="2"/>
        <line num="13" count="0" type="stmt"/>
        <line num="14" count="0" type="stmt"/>
        <line num="15" count="0" type="stmt"/>
        <line num="17" count="0" type="stmt"/>
        <line num="20" count="0" type="stmt"/>
        <line num="21" count="0" type="stmt"/>
      </file>
      <file name="usePagination.ts" path="/Users/linsuwei/code/Work/Temporarily-project-React Native + Expo/mei-mart-app/src/hooks/usePagination.ts">
        <metrics statements="3" coveredstatements="0" conditionals="3" coveredconditionals="0" methods="3" coveredmethods="0"/>
        <line num="12" count="0" type="stmt"/>
        <line num="14" count="0" type="stmt"/>
        <line num="16" count="0" type="cond" truecount="0" falsecount="2"/>
      </file>
      <file name="useWeakNetworkUI.ts" path="/Users/linsuwei/code/Work/Temporarily-project-React Native + Expo/mei-mart-app/src/hooks/useWeakNetworkUI.ts">
        <metrics statements="3" coveredstatements="0" conditionals="7" coveredconditionals="0" methods="1" coveredmethods="0"/>
        <line num="13" count="0" type="stmt"/>
        <line num="14" count="0" type="cond" truecount="0" falsecount="3"/>
        <line num="15" count="0" type="stmt"/>
      </file>
    </package>
    <package name="i18n">
      <metrics statements="26" coveredstatements="0" conditionals="16" coveredconditionals="0" methods="5" coveredmethods="0"/>
      <file name="index.ts" path="/Users/linsuwei/code/Work/Temporarily-project-React Native + Expo/mei-mart-app/src/i18n/index.ts">
        <metrics statements="26" coveredstatements="0" conditionals="16" coveredconditionals="0" methods="5" coveredmethods="0"/>
        <line num="11" count="0" type="stmt"/>
        <line num="13" count="0" type="stmt"/>
        <line num="15" count="0" type="stmt"/>
        <line num="17" count="0" type="stmt"/>
        <line num="24" count="0" type="stmt"/>
        <line num="25" count="0" type="cond" truecount="0" falsecount="2"/>
        <line num="26" count="0" type="stmt"/>
        <line num="27" count="0" type="stmt"/>
        <line num="28" count="0" type="cond" truecount="0" falsecount="4"/>
        <line num="29" count="0" type="stmt"/>
        <line num="34" count="0" type="cond" truecount="0" falsecount="2"/>
        <line num="35" count="0" type="cond" truecount="0" falsecount="2"/>
        <line num="36" count="0" type="stmt"/>
        <line num="39" count="0" type="stmt"/>
        <line num="42" count="0" type="cond" truecount="0" falsecount="2"/>
        <line num="43" count="0" type="stmt"/>
        <line num="44" count="0" type="stmt"/>
        <line num="45" count="0" type="stmt"/>
        <line num="52" count="0" type="stmt"/>
        <line num="56" count="0" type="cond" truecount="0" falsecount="2"/>
        <line num="57" count="0" type="stmt"/>
        <line num="58" count="0" type="stmt"/>
        <line num="59" count="0" type="stmt"/>
        <line num="63" count="0" type="stmt"/>
        <line num="67" count="0" type="cond" truecount="0" falsecount="2"/>
        <line num="71" count="0" type="stmt"/>
      </file>
    </package>
    <package name="providers">
      <metrics statements="14" coveredstatements="0" conditionals="4" coveredconditionals="0" methods="5" coveredmethods="0"/>
      <file name="AppProviders.tsx" path="/Users/linsuwei/code/Work/Temporarily-project-React Native + Expo/mei-mart-app/src/providers/AppProviders.tsx">
        <metrics statements="14" coveredstatements="0" conditionals="4" coveredconditionals="0" methods="5" coveredmethods="0"/>
        <line num="10" count="0" type="stmt"/>
        <line num="26" count="0" type="stmt"/>
        <line num="27" count="0" type="stmt"/>
        <line num="29" count="0" type="stmt"/>
        <line num="30" count="0" type="stmt"/>
        <line num="31" count="0" type="stmt"/>
        <line num="32" count="0" type="cond" truecount="0" falsecount="2"/>
        <line num="34" count="0" type="stmt"/>
        <line num="35" count="0" type="stmt"/>
        <line num="36" count="0" type="stmt"/>
        <line num="37" count="0" type="stmt"/>
        <line num="38" count="0" type="stmt"/>
        <line num="42" count="0" type="cond" truecount="0" falsecount="2"/>
        <line num="44" count="0" type="stmt"/>
      </file>
    </package>
    <package name="services">
      <metrics statements="214" coveredstatements="0" conditionals="119" coveredconditionals="0" methods="70" coveredmethods="0"/>
      <file name="address.ts" path="/Users/linsuwei/code/Work/Temporarily-project-React Native + Expo/mei-mart-app/src/services/address.ts">
        <metrics statements="22" coveredstatements="0" conditionals="14" coveredconditionals="0" methods="8" coveredmethods="0"/>
        <line num="5" count="0" type="stmt"/>
        <line num="7" count="0" type="cond" truecount="0" falsecount="2"/>
        <line num="8" count="0" type="stmt"/>
        <line num="11" count="0" type="cond" truecount="0" falsecount="2"/>
        <line num="12" count="0" type="stmt"/>
        <line num="13" count="0" type="cond" truecount="0" falsecount="2"/>
        <line num="14" count="0" type="stmt"/>
        <line num="16" count="0" type="stmt"/>
        <line num="17" count="0" type="stmt"/>
        <line num="19" count="0" type="stmt"/>
        <line num="22" count="0" type="cond" truecount="0" falsecount="2"/>
        <line num="23" count="0" type="stmt"/>
        <line num="24" count="0" type="cond" truecount="0" falsecount="2"/>
        <line num="25" count="0" type="cond" truecount="0" falsecount="2"/>
        <line num="26" count="0" type="stmt"/>
        <line num="28" count="0" type="stmt"/>
        <line num="30" count="0" type="stmt"/>
        <line num="32" count="0" type="stmt"/>
        <line num="35" count="0" type="cond" truecount="0" falsecount="2"/>
        <line num="36" count="0" type="stmt"/>
        <line num="37" count="0" type="stmt"/>
        <line num="39" count="0" type="stmt"/>
      </file>
      <file name="api.ts" path="/Users/linsuwei/code/Work/Temporarily-project-React Native + Expo/mei-mart-app/src/services/api.ts">
        <metrics statements="69" coveredstatements="0" conditionals="27" coveredconditionals="0" methods="13" coveredmethods="0"/>
        <line num="10" count="0" type="stmt"/>
        <line num="16" count="0" type="stmt"/>
        <line num="22" count="0" type="stmt"/>
        <line num="24" count="0" type="stmt"/>
        <line num="25" count="0" type="stmt"/>
        <line num="27" count="0" type="stmt"/>
        <line num="29" count="0" type="stmt"/>
        <line num="30" count="0" type="stmt"/>
        <line num="32" count="0" type="stmt"/>
        <line num="36" count="0" type="stmt"/>
        <line num="37" count="0" type="stmt"/>
        <line num="40" count="0" type="stmt"/>
        <line num="41" count="0" type="stmt"/>
        <line num="43" count="0" type="stmt"/>
        <line num="47" count="0" type="stmt"/>
        <line num="48" count="0" type="stmt"/>
        <line num="52" count="0" type="stmt"/>
        <line num="53" count="0" type="stmt"/>
        <line num="54" count="0" type="cond" truecount="0" falsecount="2"/>
        <line num="55" count="0" type="cond" truecount="0" falsecount="2"/>
        <line num="56" count="0" type="cond" truecount="0" falsecount="2"/>
        <line num="57" count="0" type="stmt"/>
        <line num="59" count="0" type="stmt"/>
        <line num="62" count="0" type="stmt"/>
        <line num="65" count="0" type="cond" truecount="0" falsecount="2"/>
        <line num="66" count="0" type="stmt"/>
        <line num="67" count="0" type="cond" truecount="0" falsecount="2"/>
        <line num="68" count="0" type="stmt"/>
        <line num="69" count="0" type="stmt"/>
        <line num="70" count="0" type="stmt"/>
        <line num="74" count="0" type="stmt"/>
        <line num="75" count="0" type="stmt"/>
        <line num="76" count="0" type="stmt"/>
        <line num="77" count="0" type="stmt"/>
        <line num="79" count="0" type="stmt"/>
        <line num="80" count="0" type="stmt"/>
        <line num="81" count="0" type="stmt"/>
        <line num="83" count="0" type="stmt"/>
        <line num="86" count="0" type="stmt"/>
        <line num="89" count="0" type="stmt"/>
        <line num="90" count="0" type="stmt"/>
        <line num="93" count="0" type="stmt"/>
        <line num="94" count="0" type="stmt"/>
        <line num="97" count="0" type="stmt"/>
        <line num="98" count="0" type="stmt"/>
        <line num="100" count="0" type="stmt"/>
        <line num="103" count="0" type="stmt"/>
        <line num="105" count="0" type="cond" truecount="0" falsecount="5"/>
        <line num="106" count="0" type="cond" truecount="0" falsecount="2"/>
        <line num="107" count="0" type="stmt"/>
        <line num="108" count="0" type="stmt"/>
        <line num="109" count="0" type="cond" truecount="0" falsecount="2"/>
        <line num="110" count="0" type="stmt"/>
        <line num="111" count="0" type="stmt"/>
        <line num="113" count="0" type="cond" truecount="0" falsecount="2"/>
        <line num="114" count="0" type="stmt"/>
        <line num="115" count="0" type="stmt"/>
        <line num="116" count="0" type="stmt"/>
        <line num="121" count="0" type="stmt"/>
        <line num="122" count="0" type="stmt"/>
        <line num="123" count="0" type="stmt"/>
        <line num="124" count="0" type="stmt"/>
        <line num="125" count="0" type="stmt"/>
        <line num="126" count="0" type="cond" truecount="0" falsecount="2"/>
        <line num="127" count="0" type="cond" truecount="0" falsecount="2"/>
        <line num="128" count="0" type="stmt"/>
        <line num="129" count="0" type="stmt"/>
        <line num="131" count="0" type="stmt"/>
        <line num="135" count="0" type="stmt"/>
      </file>
      <file name="auth.ts" path="/Users/linsuwei/code/Work/Temporarily-project-React Native + Expo/mei-mart-app/src/services/auth.ts">
        <metrics statements="16" coveredstatements="0" conditionals="10" coveredconditionals="0" methods="5" coveredmethods="0"/>
        <line num="16" count="0" type="stmt"/>
        <line num="18" count="0" type="cond" truecount="0" falsecount="2"/>
        <line num="19" count="0" type="stmt"/>
        <line num="24" count="0" type="stmt"/>
        <line num="27" count="0" type="cond" truecount="0" falsecount="2"/>
        <line num="28" count="0" type="stmt"/>
        <line num="33" count="0" type="stmt"/>
        <line num="36" count="0" type="cond" truecount="0" falsecount="2"/>
        <line num="37" count="0" type="stmt"/>
        <line num="42" count="0" type="stmt"/>
        <line num="45" count="0" type="cond" truecount="0" falsecount="2"/>
        <line num="46" count="0" type="stmt"/>
        <line num="48" count="0" type="stmt"/>
        <line num="51" count="0" type="cond" truecount="0" falsecount="2"/>
        <line num="52" count="0" type="stmt"/>
        <line num="54" count="0" type="stmt"/>
      </file>
      <file name="cart.ts" path="/Users/linsuwei/code/Work/Temporarily-project-React Native + Expo/mei-mart-app/src/services/cart.ts">
[...]
        <line num="12" count="0" type="stmt"/>
        <line num="13" count="0" type="stmt"/>
        <line num="15" count="0" type="stmt"/>
        <line num="18" count="0" type="cond" truecount="0" falsecount="2"/>
        <line num="19" count="0" type="stmt"/>
        <line num="22" count="0" type="cond" truecount="0" falsecount="2"/>
        <line num="23" count="0" type="stmt"/>
        <line num="25" count="0" type="stmt"/>
        <line num="28" count="0" type="cond" truecount="0" falsecount="2"/>
        <line num="29" count="0" type="stmt"/>
        <line num="32" count="0" type="cond" truecount="0" falsecount="2"/>
        <line num="33" count="0" type="stmt"/>
        <line num="34" count="0" type="cond" truecount="0" falsecount="2"/>
        <line num="35" count="0" type="stmt"/>
        <line num="37" count="0" type="stmt"/>
      </file>
    </package>
    <package name="services.offline">
      <metrics statements="63" coveredstatements="0" conditionals="32" coveredconditionals="0" methods="14" coveredmethods="0"/>
      <file name="network.ts" path="/Users/linsuwei/code/Work/Temporarily-project-React Native + Expo/mei-mart-app/src/services/offline/network.ts">
        <metrics statements="21" coveredstatements="0" conditionals="18" coveredconditionals="0" methods="5" coveredmethods="0"/>
        <line num="5" count="0" type="stmt"/>
        <line num="6" count="0" type="stmt"/>
        <line num="9" count="0" type="cond" truecount="0" falsecount="2"/>
        <line num="10" count="0" type="stmt"/>
        <line num="12" count="0" type="stmt"/>
        <line num="13" count="0" type="stmt"/>
        <line num="14" count="0" type="stmt"/>
        <line num="15" count="0" type="cond" truecount="0" falsecount="2"/>
        <line num="16" count="0" type="stmt"/>
        <line num="17" count="0" type="stmt"/>
        <line num="18" count="0" type="cond" truecount="0" falsecount="4"/>
        <line num="19" count="0" type="cond" truecount="0" falsecount="4"/>
        <line num="20" count="0" type="stmt"/>
        <line num="23" count="0" type="stmt"/>
        <line num="30" count="0" type="cond" truecount="0" falsecount="4"/>
        <line num="31" count="0" type="stmt"/>
        <line num="32" count="0" type="stmt"/>
        <line num="34" count="0" type="stmt"/>
        <line num="37" count="0" type="stmt"/>
        <line num="38" count="0" type="stmt"/>
        <line num="39" count="0" type="stmt"/>
      </file>
      <file name="persist.ts" path="/Users/linsuwei/code/Work/Temporarily-project-React Native + Expo/mei-mart-app/src/services/offline/persist.ts">
        <metrics statements="4" coveredstatements="0" conditionals="2" coveredconditionals="0" methods="2" coveredmethods="0"/>
        <line num="6" count="0" type="stmt"/>
        <line num="13" count="0" type="stmt"/>
        <line num="20" count="0" type="stmt"/>
        <line num="21" count="0" type="cond" truecount="0" falsecount="2"/>
      </file>
      <file name="queue.ts" path="/Users/linsuwei/code/Work/Temporarily-project-React Native + Expo/mei-mart-app/src/services/offline/queue.ts">
        <metrics statements="38" coveredstatements="0" conditionals="12" coveredconditionals="0" methods="7" coveredmethods="0"/>
        <line num="6" count="0" type="stmt"/>
        <line num="16" count="0" type="stmt"/>
        <line num="17" count="0" type="cond" truecount="0" falsecount="2"/>
        <line num="21" count="0" type="stmt"/>
        <line num="22" count="0" type="stmt"/>
        <line num="26" count="0" type="stmt"/>
        <line num="27" count="0" type="stmt"/>
        <line num="28" count="0" type="stmt"/>
        <line num="32" count="0" type="stmt"/>
        <line num="36" count="0" type="stmt"/>
        <line num="40" count="0" type="stmt"/>
        <line num="41" count="0" type="cond" truecount="0" falsecount="6"/>
        <line num="43" count="0" type="stmt"/>
        <line num="44" count="0" type="stmt"/>
        <line num="47" count="0" type="stmt"/>
        <line num="48" count="0" type="stmt"/>
        <line num="51" count="0" type="stmt"/>
        <line num="52" count="0" type="stmt"/>
        <line num="55" count="0" type="stmt"/>
        <line num="56" count="0" type="stmt"/>
        <line num="59" count="0" type="stmt"/>
        <line num="60" count="0" type="stmt"/>
        <line num="63" count="0" type="stmt"/>
        <line num="66" count="0" type="stmt"/>
        <line num="67" count="0" type="stmt"/>
        <line num="72" count="0" type="stmt"/>
        <line num="73" count="0" type="cond" truecount="0" falsecount="2"/>
        <line num="75" count="0" type="stmt"/>
        <line num="76" count="0" type="stmt"/>
        <line num="77" count="0" type="stmt"/>
        <line num="79" count="0" type="stmt"/>
        <line num="80" count="0" type="stmt"/>
        <line num="81" count="0" type="cond" truecount="0" falsecount="2"/>
        <line num="82" count="0" type="stmt"/>
        <line num="84" count="0" type="stmt"/>
        <line num="85" count="0" type="stmt"/>
        <line num="89" count="0" type="stmt"/>
        <line num="90" count="0" type="stmt"/>
      </file>
    </package>
    <package name="services.queries">
      <metrics statements="100" coveredstatements="0" conditionals="14" coveredconditionals="0" methods="75" coveredmethods="0"/>
      <file name="useAddress.ts" path="/Users/linsuwei/code/Work/Temporarily-project-React Native + Expo/mei-mart-app/src/services/queries/useAddress.ts">
        <metrics statements="15" coveredstatements="0" conditionals="0" coveredconditionals="0" methods="11" coveredmethods="0"/>
        <line num="5" count="0" type="stmt"/>
        <line num="8" count="0" type="stmt"/>
        <line num="10" count="0" type="stmt"/>
        <line num="17" count="0" type="stmt"/>
        <line num="18" count="0" type="stmt"/>
        <line num="19" count="0" type="stmt"/>
        <line num="20" count="0" type="stmt"/>
        <line num="25" count="0" type="stmt"/>
        <line num="26" count="0" type="stmt"/>
        <line num="28" count="0" type="stmt"/>
        <line num="29" count="0" type="stmt"/>
        <line num="34" count="0" type="stmt"/>
        <line num="35" count="0" type="stmt"/>
        <line num="36" count="0" type="stmt"/>
        <line num="37" count="0" type="stmt"/>
      </file>
      <file name="useAuth.ts" path="/Users/linsuwei/code/Work/Temporarily-project-React Native + Expo/mei-mart-app/src/services/queries/useAuth.ts">
        <metrics statements="5" coveredstatements="0" conditionals="0" coveredconditionals="0" methods="5" coveredmethods="0"/>
        <line num="5" count="0" type="stmt"/>
        <line num="11" count="0" type="stmt"/>
        <line num="17" count="0" type="stmt"/>
        <line num="23" count="0" type="stmt"/>
        <line num="29" count="0" type="stmt"/>
      </file>
      <file name="useCart.ts" path="/Users/linsuwei/code/Work/Temporarily-project-React Native + Expo/mei-mart-app/src/services/queries/useCart.ts">
        <metrics statements="34" coveredstatements="0" conditionals="9" coveredconditionals="0" methods="22" coveredmethods="0"/>
        <line num="5" count="0" type="stmt"/>
        <line num="8" count="0" type="stmt"/>
        <line num="10" count="0" type="stmt"/>
        <line num="17" count="0" type="stmt"/>
        <line num="18" count="0" type="stmt"/>
        <line num="20" count="0" type="stmt"/>
        <line num="22" count="0" type="stmt"/>
        <line num="23" count="0" type="stmt"/>
        <line num="24" count="0" type="stmt"/>
        <line num="25" count="0" type="cond" truecount="0" falsecount="2"/>
        <line num="26" count="0" type="stmt"/>
        <line num="28" count="0" type="cond" truecount="0" falsecount="2"/>
        <line num="29" count="0" type="stmt"/>
        <line num="30" count="0" type="cond" truecount="0" falsecount="2"/>
        <line num="33" count="0" type="stmt"/>
        <line num="35" count="0" type="stmt"/>
        <line num="36" count="0" type="stmt"/>
        <line num="39" count="0" type="stmt"/>
        <line num="41" count="0" type="stmt"/>
        <line num="46" count="0" type="stmt"/>
        <line num="49" count="0" type="cond" truecount="0" falsecount="2"/>
        <line num="51" count="0" type="stmt"/>
        <line num="56" count="0" type="stmt"/>
        <line num="57" count="0" type="stmt"/>
        <line num="59" count="0" type="stmt"/>
        <line num="60" count="0" type="stmt"/>
        <line num="65" count="0" type="stmt"/>
        <line num="66" count="0" type="stmt"/>
        <line num="67" count="0" type="stmt"/>
        <line num="68" count="0" type="stmt"/>
        <line num="73" count="0" type="stmt"/>
        <line num="74" count="0" type="stmt"/>
        <line num="76" count="0" type="stmt"/>
        <line num="77" count="0" type="stmt"/>
      </file>
      <file name="useCatalog.ts" path="/Users/linsuwei/code/Work/Temporarily-project-React Native + Expo/mei-mart-app/src/services/queries/useCatalog.ts">
        <metrics statements="4" coveredstatements="0" conditionals="0" coveredconditionals="0" methods="4" coveredmethods="0"/>
        <line num="5" count="0" type="stmt"/>
        <line num="7" count="0" type="stmt"/>
        <line num="14" count="0" type="stmt"/>
        <line num="16" count="0" type="stmt"/>
      </file>
      <file name="useOrders.ts" path="/Users/linsuwei/code/Work/Temporarily-project-React Native + Expo/mei-mart-app/src/services/queries/useOrders.ts">
        <metrics statements="13" coveredstatements="0" conditionals="2" coveredconditionals="0" methods="10" coveredmethods="0"/>
        <line num="5" count="0" type="stmt"/>
        <line num="8" count="0" type="stmt"/>
        <line num="10" count="0" type="stmt"/>
        <line num="17" count="0" type="stmt"/>
        <line num="19" count="0" type="stmt"/>
        <line num="26" count="0" type="stmt"/>
        <line num="27" count="0" type="stmt"/>
        <line num="29" count="0" type="stmt"/>
        <line num="30" count="0" type="stmt"/>
        <line num="35" count="0" type="stmt"/>
        <line num="36" count="0" type="stmt"/>
        <line num="37" count="0" type="stmt"/>
        <line num="38" count="0" type="stmt"/>
      </file>
      <file name="useProducts.ts" path="/Users/linsuwei/code/Work/Temporarily-project-React Native + Expo/mei-mart-app/src/services/queries/useProducts.ts">
        <metrics statements="10" coveredstatements="0" conditionals="3" coveredconditionals="0" methods="10" coveredmethods="0"/>
        <line num="6" count="0" type="stmt"/>
        <line num="8" count="0" type="stmt"/>
        <line num="15" count="0" type="stmt"/>
        <line num="17" count="0" type="stmt"/>
        <line num="25" count="0" type="stmt"/>
        <line num="27" count="0" type="stmt"/>
        <line num="34" count="0" type="stmt"/>
        <line num="36" count="0" type="stmt"/>
        <line num="45" count="0" type="stmt"/>
        <line num="47" count="0" type="stmt"/>
      </file>
      <file name="useUser.ts" path="/Users/linsuwei/code/Work/Temporarily-project-React Native + Expo/mei-mart-app/src/services/queries/useUser.ts">
        <metrics statements="19" coveredstatements="0" conditionals="0" coveredconditionals="0" methods="13" coveredmethods="0"/>
        <line num="4" count="0" type="stmt"/>
        <line num="5" count="0" type="stmt"/>
        <line num="6" count="0" type="stmt"/>
        <line num="7" count="0" type="stmt"/>
        <line num="10" count="0" type="stmt"/>
        <line num="12" count="0" type="stmt"/>
        <line num="19" count="0" type="stmt"/>
        <line num="20" count="0" type="stmt"/>
        <line num="22" count="0" type="stmt"/>
        <line num="27" count="0" type="stmt"/>
        <line num="29" count="0" type="stmt"/>
        <line num="36" count="0" type="stmt"/>
        <line num="38" count="0" type="stmt"/>
        <line num="45" count="0" type="stmt"/>
        <line num="47" count="0" type="stmt"/>
        <line num="54" count="0" type="stmt"/>
        <line num="55" count="0" type="stmt"/>
        <line num="56" count="0" type="stmt"/>
        <line num="57" count="0" type="stmt"/>
      </file>
    </package>
    <package name="store">
      <metrics statements="15" coveredstatements="14" conditionals="0" coveredconditionals="0" methods="13" coveredmethods="12"/>
      <file name="appStore.ts" path="/Users/linsuwei/code/Work/Temporarily-project-React Native + Expo/mei-mart-app/src/store/appStore.ts">
        <metrics statements="10" coveredstatements="9" conditionals="0" coveredconditionals="0" methods="9" coveredmethods="8"/>
        <line num="27" count="1" type="stmt"/>
        <line num="29" count="1" type="stmt"/>
        <line num="41" count="2" type="stmt"/>
        <line num="42" count="2" type="stmt"/>
        <line num="43" count="1" type="stmt"/>
        <line num="44" count="2" type="stmt"/>
        <line num="45" count="0" type="stmt"/>
        <line num="46" count="2" type="stmt"/>
        <line num="50" count="1" type="stmt"/>
        <line num="51" count="9" type="stmt"/>
      </file>
      <file name="authStore.ts" path="/Users/linsuwei/code/Work/Temporarily-project-React Native + Expo/mei-mart-app/src/store/authStore.ts">
        <metrics statements="5" coveredstatements="5" conditionals="0" coveredconditionals="0" methods="4" coveredmethods="4"/>
        <line num="13" count="1" type="stmt"/>
        <line num="15" count="1" type="stmt"/>
        <line num="19" count="2" type="stmt"/>
        <line num="20" count="4" type="stmt"/>
        <line num="24" count="1" type="stmt"/>
      </file>
    </package>
    <package name="theme">
      <metrics statements="31" coveredstatements="26" conditionals="15" coveredconditionals="10" methods="10" coveredmethods="7"/>
      <file name="ThemeProvider.tsx" path="/Users/linsuwei/code/Work/Temporarily-project-React Native + Expo/mei-mart-app/src/theme/ThemeProvider.tsx">
        <metrics statements="23" coveredstatements="18" conditionals="13" coveredconditionals="8" methods="9" coveredmethods="6"/>
        <line num="27" count="42" type="stmt"/>
        <line num="29" count="42" type="stmt"/>
        <line num="32" count="99" type="stmt"/>
        <line num="33" count="99" type="stmt"/>
        <line num="36" count="99" type="stmt"/>
        <line num="37" count="98" type="stmt"/>
        <line num="39" count="98" type="cond" truecount="4" falsecount="1"/>
        <line num="40" count="0" type="stmt"/>
        <line num="48" count="99" type="stmt"/>
        <line num="49" count="0" type="stmt"/>
        <line num="50" count="0" type="stmt"/>
        <line num="55" count="99" type="stmt"/>
        <line num="56" count="99" type="cond" truecount="1" falsecount="1"/>
        <line num="57" count="99" type="cond" truecount="1" falsecount="1"/>
        <line num="59" count="0" type="stmt"/>
        <line num="62" count="99" type="cond" truecount="1" falsecount="1"/>
        <line num="64" count="99" type="stmt"/>
        <line num="65" count="99" type="stmt"/>
        <line num="70" count="99" type="stmt"/>
        <line num="74" count="129" type="stmt"/>
        <line num="75" count="129" type="cond" truecount="1" falsecount="1"/>
        <line num="76" count="0" type="stmt"/>
        <line num="78" count="129" type="stmt"/>
      </file>
      <file name="colors.ts" path="/Users/linsuwei/code/Work/Temporarily-project-React Native + Expo/mei-mart-app/src/theme/colors.ts">
        <metrics statements="2" coveredstatements="2" conditionals="0" coveredconditionals="0" methods="0" coveredmethods="0"/>
        <line num="74" count="42" type="stmt"/>
        <line num="158" count="42" type="stmt"/>
      </file>
      <file name="index.ts" path="/Users/linsuwei/code/Work/Temporarily-project-React Native + Expo/mei-mart-app/src/theme/index.ts">
        <metrics statements="0" coveredstatements="0" conditionals="0" coveredconditionals="0" methods="0" coveredmethods="0"/>
      </file>
      <file name="spacing.ts" path="/Users/linsuwei/code/Work/Temporarily-project-React Native + Expo/mei-mart-app/src/theme/spacing.ts">
        <metrics statements="3" coveredstatements="3" conditionals="0" coveredconditionals="0" methods="0" coveredmethods="0"/>
        <line num="17" count="42" type="stmt"/>
        <line num="34" count="42" type="stmt"/>
        <line num="57" count="42" type="stmt"/>
      </file>
      <file name="typography.ts" path="/Users/linsuwei/code/Work/Temporarily-project-React Native + Expo/mei-mart-app/src/theme/typography.ts">
        <metrics statements="3" coveredstatements="3" conditionals="2" coveredconditionals="2" methods="1" coveredmethods="1"/>
        <line num="27" count="42" type="stmt"/>
        <line num="85" count="145" type="stmt"/>
        <line num="86" count="145" type="stmt"/>
      </file>
    </package>
    <package name="types">
      <metrics statements="0" coveredstatements="0" conditionals="0" coveredconditionals="0" methods="0" coveredmethods="0"/>
      <file name="index.ts" path="/Users/linsuwei/code/Work/Temporarily-project-React Native + Expo/mei-mart-app/src/types/index.ts">
        <metrics statements="0" coveredstatements="0" conditionals="0" coveredconditionals="0" methods="0" coveredmethods="0"/>
      </file>
    </package>
    <package name="utils">
      <metrics statements="27" coveredstatements="26" conditionals="26" coveredconditionals="26" methods="8" coveredmethods="8"/>
      <file name="format.ts" path="/Users/linsuwei/code/Work/Temporarily-project-React Native + Expo/mei-mart-app/src/utils/format.ts">
        <metrics statements="18" coveredstatements="17" conditionals="17" coveredconditionals="17" methods="4" coveredmethods="4"/>
        <line num="1" count="1" type="stmt"/>
        <line num="13" count="7" type="cond" truecount="2" falsecount="0"/>
        <line num="14" count="7" type="cond" truecount="2" falsecount="0"/>
        <line num="15" count="7" type="stmt"/>
        <line num="16" count="7" type="stmt"/>
        <line num="20" count="3" type="cond" truecount="2" falsecount="0"/>
        <line num="21" count="2" type="cond" truecount="2" falsecount="0"/>
        <line num="22" count="1" type="stmt"/>
        <line num="26" count="2" type="stmt"/>
        <line num="27" count="2" type="stmt"/>
        <line num="28" count="2" type="cond" truecount="2" falsecount="0"/>
        <line num="29" count="1" type="stmt"/>
        <line num="37" count="0" type="stmt"/>
        <line num="42" count="3" type="cond" truecount="4" falsecount="0"/>
        <line num="43" count="1" type="stmt"/>
        <line num="44" count="1" type="stmt"/>
        <line num="45" count="1" type="stmt"/>
        <line num="46" count="1" type="stmt"/>
      </file>
      <file name="index.ts" path="/Users/linsuwei/code/Work/Temporarily-project-React Native + Expo/mei-mart-app/src/utils/index.ts">
        <metrics statements="0" coveredstatements="0" conditionals="0" coveredconditionals="0" methods="0" coveredmethods="0"/>
      </file>
      <file name="validate.ts" path="/Users/linsuwei/code/Work/Temporarily-project-React Native + Expo/mei-mart-app/src/utils/validate.ts">
        <metrics statements="9" coveredstatements="9" conditionals="9" coveredconditionals="9" methods="4" coveredmethods="4"/>
        <line num="2" count="7" type="cond" truecount="2" falsecount="0"/>
        <line num="3" count="6" type="cond" truecount="2" falsecount="0"/>
        <line num="4" count="3" type="stmt"/>
        <line num="6" count="3" type="cond" truecount="2" falsecount="0"/>
        <line num="7" count="2" type="stmt"/>
        <line num="9" count="1" type="stmt"/>
        <line num="13" count="4" type="cond" truecount="2" falsecount="0"/>
        <line num="17" count="5" type="stmt"/>
        <line num="21" count="5" type="stmt"/>
      </file>
    </package>
  </project>
</coverage>
