{"/Users/linsuwei/code/Work/Temporarily-project-React Native + Expo/mei-mart-app/src/components/ui/Avatar/Avatar.tsx": {"path":"/Users/linsuwei/code/Work/Temporarily-project-React Native + Expo/mei-mart-app/src/components/ui/Avatar/Avatar.tsx","statementMap":{"0":{"start":{"line":7,"column":45},"end":{"line":11,"column":1}},"1":{"start":{"line":21,"column":21},"end":{"line":21,"column":31}},"2":{"start":{"line":22,"column":20},"end":{"line":22,"column":34}},"3":{"start":{"line":24,"column":19},"end":{"line":24,"column":53}},"4":{"start":{"line":27,"column":4},"end":{"line":70,"column":11}},"5":{"start":{"line":73,"column":2},"end":{"line":86,"column":3}},"6":{"start":{"line":74,"column":4},"end":{"line":85,"column":6}},"7":{"start":{"line":81,"column":32},"end":{"line":81,"column":64}},"8":{"start":{"line":88,"column":2},"end":{"line":92,"column":4}},"9":{"start":{"line":95,"column":15},"end":{"line":115,"column":2}}},"fnMap":{"0":{"name":"Avatar","decl":{"start":{"line":13,"column":16},"end":{"line":13,"column":22}},"loc":{"start":{"line":20,"column":16},"end":{"line":93,"column":1}},"line":20},"1":{"name":"(anonymous_1)","decl":{"start":{"line":81,"column":15},"end":{"line":81,"column":16}},"loc":{"start":{"line":81,"column":32},"end":{"line":81,"column":64}},"line":81}},"branchMap":{"0":{"loc":{"start":{"line":15,"column":2},"end":{"line":15,"column":13}},"type":"default-arg","locations":[{"start":{"line":15,"column":9},"end":{"line":15,"column":13}}],"line":15},"1":{"loc":{"start":{"line":16,"column":2},"end":{"line":16,"column":18}},"type":"default-arg","locations":[{"start":{"line":16,"column":13},"end":{"line":16,"column":18}}],"line":16},"2":{"loc":{"start":{"line":18,"column":2},"end":{"line":18,"column":16}},"type":"default-arg","locations":[{"start":{"line":18,"column":13},"end":{"line":18,"column":16}}],"line":18},"3":{"loc":{"start":{"line":38,"column":7},"end":{"line":56,"column":7}},"type":"cond-expr","locations":[{"start":{"line":39,"column":8},"end":{"line":43,"column":10}},{"start":{"line":45,"column":8},"end":{"line":55,"column":15}}],"line":38},"4":{"loc":{"start":{"line":57,"column":7},"end":{"line":69,"column":7}},"type":"binary-expr","locations":[{"start":{"line":57,"column":7},"end":{"line":57,"column":15}},{"start":{"line":58,"column":8},"end":{"line":68,"column":15}}],"line":57},"5":{"loc":{"start":{"line":73,"column":2},"end":{"line":86,"column":3}},"type":"if","locations":[{"start":{"line":73,"column":2},"end":{"line":86,"column":3}},{"start":{},"end":{}}],"line":73},"6":{"loc":{"start":{"line":80,"column":27},"end":{"line":80,"column":67}},"type":"cond-expr","locations":[{"start":{"line":80,"column":38},"end":{"line":80,"column":51}},{"start":{"line":80,"column":54},"end":{"line":80,"column":67}}],"line":80},"7":{"loc":{"start":{"line":81,"column":44},"end":{"line":81,"column":61}},"type":"cond-expr","locations":[{"start":{"line":81,"column":54},"end":{"line":81,"column":57}},{"start":{"line":81,"column":60},"end":{"line":81,"column":61}}],"line":81}},"s":{"0":1,"1":4,"2":4,"3":4,"4":4,"5":4,"6":1,"7":1,"8":3,"9":1},"f":{"0":4,"1":1},"b":{"0":[4],"1":[3],"2":[0],"3":[0,4],"4":[4,1],"5":[1,3],"6":[0,1],"7":[0,1]},"_coverageSchema":"1a1c01bbd47fc00a2c39e90264f33305004495a9","hash":"c8fcaceadf63594693d161bb6fc41e6e0dc2d4b4"}
,"/Users/linsuwei/code/Work/Temporarily-project-React Native + Expo/mei-mart-app/src/components/ui/Avatar/Avatar.types.ts": {"path":"/Users/linsuwei/code/Work/Temporarily-project-React Native + Expo/mei-mart-app/src/components/ui/Avatar/Avatar.types.ts","statementMap":{},"fnMap":{},"branchMap":{},"s":{},"f":{},"b":{}}
,"/Users/linsuwei/code/Work/Temporarily-project-React Native + Expo/mei-mart-app/src/components/ui/Avatar/index.ts": {"path":"/Users/linsuwei/code/Work/Temporarily-project-React Native + Expo/mei-mart-app/src/components/ui/Avatar/index.ts","statementMap":{},"fnMap":{},"branchMap":{},"s":{},"f":{},"b":{}}
,"/Users/linsuwei/code/Work/Temporarily-project-React Native + Expo/mei-mart-app/src/components/ui/Badge/Badge.tsx": {"path":"/Users/linsuwei/code/Work/Temporarily-project-React Native + Expo/mei-mart-app/src/components/ui/Badge/Badge.tsx","statementMap":{"0":{"start":{"line":13,"column":21},"end":{"line":13,"column":31}},"1":{"start":{"line":15,"column":2},"end":{"line":17,"column":3}},"2":{"start":{"line":16,"column":4},"end":{"line":16,"column":16}},"3":{"start":{"line":19,"column":18},"end":{"line":19,"column":41}},"4":{"start":{"line":20,"column":23},"end":{"line":20,"column":72}},"5":{"start":{"line":22,"column":2},"end":{"line":31,"column":3}},"6":{"start":{"line":23,"column":4},"end":{"line":30,"column":6}},"7":{"start":{"line":33,"column":2},"end":{"line":42,"column":4}},"8":{"start":{"line":45,"column":15},"end":{"line":65,"column":2}}},"fnMap":{"0":{"name":"Badge","decl":{"start":{"line":6,"column":16},"end":{"line":6,"column":21}},"loc":{"start":{"line":12,"column":15},"end":{"line":43,"column":1}},"line":12}},"branchMap":{"0":{"loc":{"start":{"line":7,"column":2},"end":{"line":7,"column":11}},"type":"default-arg","locations":[{"start":{"line":7,"column":10},"end":{"line":7,"column":11}}],"line":7},"1":{"loc":{"start":{"line":8,"column":2},"end":{"line":8,"column":20}},"type":"default-arg","locations":[{"start":{"line":8,"column":12},"end":{"line":8,"column":20}}],"line":8},"2":{"loc":{"start":{"line":9,"column":2},"end":{"line":9,"column":15}},"type":"default-arg","locations":[{"start":{"line":9,"column":13},"end":{"line":9,"column":15}}],"line":9},"3":{"loc":{"start":{"line":15,"column":2},"end":{"line":17,"column":3}},"type":"if","locations":[{"start":{"line":15,"column":2},"end":{"line":17,"column":3}},{"start":{},"end":{}}],"line":15},"4":{"loc":{"start":{"line":19,"column":18},"end":{"line":19,"column":41}},"type":"binary-expr","locations":[{"start":{"line":19,"column":18},"end":{"line":19,"column":23}},{"start":{"line":19,"column":27},"end":{"line":19,"column":41}}],"line":19},"5":{"loc":{"start":{"line":20,"column":23},"end":{"line":20,"column":72}},"type":"cond-expr","locations":[{"start":{"line":20,"column":42},"end":{"line":20,"column":56}},{"start":{"line":20,"column":59},"end":{"line":20,"column":72}}],"line":20},"6":{"loc":{"start":{"line":22,"column":2},"end":{"line":31,"column":3}},"type":"if","locations":[{"start":{"line":22,"column":2},"end":{"line":31,"column":3}},{"start":{},"end":{}}],"line":22},"7":{"loc":{"start":{"line":27,"column":28},"end":{"line":27,"column":68}},"type":"binary-expr","locations":[{"start":{"line":27,"column":28},"end":{"line":27,"column":46}},{"start":{"line":27,"column":50},"end":{"line":27,"column":68}}],"line":27},"8":{"loc":{"start":{"line":37,"column":26},"end":{"line":37,"column":72}},"type":"binary-expr","locations":[{"start":{"line":37,"column":26},"end":{"line":37,"column":44}},{"start":{"line":37,"column":48},"end":{"line":37,"column":72}}],"line":37}},"s":{"0":4,"1":4,"2":1,"3":3,"4":3,"5":3,"6":1,"7":2,"8":1},"f":{"0":4},"b":{"0":[0],"1":[3],"2":[3],"3":[1,3],"4":[3,3],"5":[1,2],"6":[1,2],"7":[1,1],"8":[2,2]},"_coverageSchema":"1a1c01bbd47fc00a2c39e90264f33305004495a9","hash":"b4847bf2a6dfe4e94cae8f4b9ac5e6e6c46deed0"}
,"/Users/linsuwei/code/Work/Temporarily-project-React Native + Expo/mei-mart-app/src/components/ui/Badge/Badge.types.ts": {"path":"/Users/linsuwei/code/Work/Temporarily-project-React Native + Expo/mei-mart-app/src/components/ui/Badge/Badge.types.ts","statementMap":{},"fnMap":{},"branchMap":{},"s":{},"f":{},"b":{}}
,"/Users/linsuwei/code/Work/Temporarily-project-React Native + Expo/mei-mart-app/src/components/ui/Badge/index.ts": {"path":"/Users/linsuwei/code/Work/Temporarily-project-React Native + Expo/mei-mart-app/src/components/ui/Badge/index.ts","statementMap":{},"fnMap":{},"branchMap":{},"s":{},"f":{},"b":{}}
,"/Users/linsuwei/code/Work/Temporarily-project-React Native + Expo/mei-mart-app/src/components/ui/Button/Button.tsx": {"path":"/Users/linsuwei/code/Work/Temporarily-project-React Native + Expo/mei-mart-app/src/components/ui/Button/Button.tsx","statementMap":{"0":{"start":{"line":6,"column":70},"end":{"line":10,"column":1}},"1":{"start":{"line":12,"column":71},"end":{"line":16,"column":1}},"2":{"start":{"line":29,"column":21},"end":{"line":29,"column":31}},"3":{"start":{"line":30,"column":21},"end":{"line":30,"column":40}},"4":{"start":{"line":32,"column":75},"end":{"line":37,"column":3}},"5":{"start":{"line":39,"column":82},"end":{"line":44,"column":3}},"6":{"start":{"line":46,"column":2},"end":{"line":88,"column":4}},"7":{"start":{"line":55,"column":30},"end":{"line":65,"column":7}},"8":{"start":{"line":91,"column":15},"end":{"line":107,"column":2}}},"fnMap":{"0":{"name":"Button","decl":{"start":{"line":18,"column":16},"end":{"line":18,"column":22}},"loc":{"start":{"line":28,"column":16},"end":{"line":89,"column":1}},"line":28},"1":{"name":"(anonymous_1)","decl":{"start":{"line":55,"column":13},"end":{"line":55,"column":14}},"loc":{"start":{"line":55,"column":30},"end":{"line":65,"column":7}},"line":55}},"branchMap":{"0":{"loc":{"start":{"line":19,"column":2},"end":{"line":19,"column":21}},"type":"default-arg","locations":[{"start":{"line":19,"column":12},"end":{"line":19,"column":21}}],"line":19},"1":{"loc":{"start":{"line":20,"column":2},"end":{"line":20,"column":13}},"type":"default-arg","locations":[{"start":{"line":20,"column":9},"end":{"line":20,"column":13}}],"line":20},"2":{"loc":{"start":{"line":21,"column":2},"end":{"line":21,"column":17}},"type":"default-arg","locations":[{"start":{"line":21,"column":12},"end":{"line":21,"column":17}}],"line":21},"3":{"loc":{"start":{"line":22,"column":2},"end":{"line":22,"column":18}},"type":"default-arg","locations":[{"start":{"line":22,"column":13},"end":{"line":22,"column":18}}],"line":22},"4":{"loc":{"start":{"line":23,"column":2},"end":{"line":23,"column":19}},"type":"default-arg","locations":[{"start":{"line":23,"column":14},"end":{"line":23,"column":19}}],"line":23},"5":{"loc":{"start":{"line":30,"column":21},"end":{"line":30,"column":40}},"type":"binary-expr","locations":[{"start":{"line":30,"column":21},"end":{"line":30,"column":29}},{"start":{"line":30,"column":33},"end":{"line":30,"column":40}}],"line":30},"6":{"loc":{"start":{"line":61,"column":19},"end":{"line":61,"column":55}},"type":"cond-expr","locations":[{"start":{"line":61,"column":32},"end":{"line":61,"column":35}},{"start":{"line":61,"column":38},"end":{"line":61,"column":55}}],"line":61},"7":{"loc":{"start":{"line":61,"column":38},"end":{"line":61,"column":55}},"type":"cond-expr","locations":[{"start":{"line":61,"column":48},"end":{"line":61,"column":51}},{"start":{"line":61,"column":54},"end":{"line":61,"column":55}}],"line":61},"8":{"loc":{"start":{"line":62,"column":21},"end":{"line":62,"column":51}},"type":"cond-expr","locations":[{"start":{"line":62,"column":33},"end":{"line":62,"column":42}},{"start":{"line":62,"column":45},"end":{"line":62,"column":51}}],"line":62},"9":{"loc":{"start":{"line":64,"column":8},"end":{"line":64,"column":80}},"type":"binary-expr","locations":[{"start":{"line":64,"column":8},"end":{"line":64,"column":29}},{"start":{"line":64,"column":33},"end":{"line":64,"column":80}}],"line":64},"10":{"loc":{"start":{"line":68,"column":9},"end":{"line":74,"column":9}},"type":"binary-expr","locations":[{"start":{"line":68,"column":9},"end":{"line":68,"column":16}},{"start":{"line":69,"column":10},"end":{"line":73,"column":12}}],"line":68},"11":{"loc":{"start":{"line":80,"column":24},"end":{"line":80,"column":47}},"type":"cond-expr","locations":[{"start":{"line":80,"column":40},"end":{"line":80,"column":42}},{"start":{"line":80,"column":45},"end":{"line":80,"column":47}}],"line":80}},"s":{"0":1,"1":1,"2":5,"3":5,"4":5,"5":5,"6":5,"7":5,"8":1},"f":{"0":5,"1":5},"b":{"0":[5],"1":[5],"2":[4],"3":[4],"4":[5],"5":[5,4],"6":[2,3],"7":[0,3],"8":[0,5],"9":[5,0],"10":[5,1],"11":[0,5]},"_coverageSchema":"1a1c01bbd47fc00a2c39e90264f33305004495a9","hash":"5424dae77eca5d11f14df7d034d3bda3a5283f31"}
,"/Users/linsuwei/code/Work/Temporarily-project-React Native + Expo/mei-mart-app/src/components/ui/Button/Button.types.ts": {"path":"/Users/linsuwei/code/Work/Temporarily-project-React Native + Expo/mei-mart-app/src/components/ui/Button/Button.types.ts","statementMap":{},"fnMap":{},"branchMap":{},"s":{},"f":{},"b":{}}
,"/Users/linsuwei/code/Work/Temporarily-project-React Native + Expo/mei-mart-app/src/components/ui/Button/index.ts": {"path":"/Users/linsuwei/code/Work/Temporarily-project-React Native + Expo/mei-mart-app/src/components/ui/Button/index.ts","statementMap":{},"fnMap":{},"branchMap":{},"s":{},"f":{},"b":{}}
,"/Users/linsuwei/code/Work/Temporarily-project-React Native + Expo/mei-mart-app/src/components/ui/Card/Card.tsx": {"path":"/Users/linsuwei/code/Work/Temporarily-project-React Native + Expo/mei-mart-app/src/components/ui/Card/Card.tsx","statementMap":{"0":{"start":{"line":15,"column":21},"end":{"line":15,"column":31}},"1":{"start":{"line":18,"column":4},"end":{"line":31,"column":11}},"2":{"start":{"line":34,"column":2},"end":{"line":46,"column":3}},"3":{"start":{"line":35,"column":4},"end":{"line":45,"column":6}},"4":{"start":{"line":41,"column":32},"end":{"line":41,"column":64}},"5":{"start":{"line":48,"column":2},"end":{"line":52,"column":4}},"6":{"start":{"line":55,"column":15},"end":{"line":68,"column":2}}},"fnMap":{"0":{"name":"Card","decl":{"start":{"line":6,"column":16},"end":{"line":6,"column":20}},"loc":{"start":{"line":14,"column":14},"end":{"line":53,"column":1}},"line":14},"1":{"name":"(anonymous_1)","decl":{"start":{"line":41,"column":15},"end":{"line":41,"column":16}},"loc":{"start":{"line":41,"column":32},"end":{"line":41,"column":64}},"line":41}},"branchMap":{"0":{"loc":{"start":{"line":9,"column":2},"end":{"line":9,"column":18}},"type":"default-arg","locations":[{"start":{"line":9,"column":13},"end":{"line":9,"column":18}}],"line":9},"1":{"loc":{"start":{"line":10,"column":2},"end":{"line":10,"column":14}},"type":"default-arg","locations":[{"start":{"line":10,"column":12},"end":{"line":10,"column":14}}],"line":10},"2":{"loc":{"start":{"line":26,"column":8},"end":{"line":26,"column":35}},"type":"binary-expr","locations":[{"start":{"line":26,"column":8},"end":{"line":26,"column":16}},{"start":{"line":26,"column":20},"end":{"line":26,"column":35}}],"line":26},"3":{"loc":{"start":{"line":34,"column":2},"end":{"line":46,"column":3}},"type":"if","locations":[{"start":{"line":34,"column":2},"end":{"line":46,"column":3}},{"start":{},"end":{}}],"line":34},"4":{"loc":{"start":{"line":41,"column":44},"end":{"line":41,"column":61}},"type":"cond-expr","locations":[{"start":{"line":41,"column":54},"end":{"line":41,"column":57}},{"start":{"line":41,"column":60},"end":{"line":41,"column":61}}],"line":41}},"s":{"0":3,"1":3,"2":3,"3":1,"4":1,"5":2,"6":1},"f":{"0":3,"1":1},"b":{"0":[3],"1":[3],"2":[3,0],"3":[1,2],"4":[0,1]},"_coverageSchema":"1a1c01bbd47fc00a2c39e90264f33305004495a9","hash":"245b6b50fd5016e4016ebb507d20dd498173f991"}
,"/Users/linsuwei/code/Work/Temporarily-project-React Native + Expo/mei-mart-app/src/components/ui/Card/Card.types.ts": {"path":"/Users/linsuwei/code/Work/Temporarily-project-React Native + Expo/mei-mart-app/src/components/ui/Card/Card.types.ts","statementMap":{},"fnMap":{},"branchMap":{},"s":{},"f":{},"b":{}}
,"/Users/linsuwei/code/Work/Temporarily-project-React Native + Expo/mei-mart-app/src/components/ui/Card/index.ts": {"path":"/Users/linsuwei/code/Work/Temporarily-project-React Native + Expo/mei-mart-app/src/components/ui/Card/index.ts","statementMap":{},"fnMap":{},"branchMap":{},"s":{},"f":{},"b":{}}
,"/Users/linsuwei/code/Work/Temporarily-project-React Native + Expo/mei-mart-app/src/components/ui/Checkbox/Checkbox.tsx": {"path":"/Users/linsuwei/code/Work/Temporarily-project-React Native + Expo/mei-mart-app/src/components/ui/Checkbox/Checkbox.tsx","statementMap":{"0":{"start":{"line":8,"column":21},"end":{"line":8,"column":31}},"1":{"start":{"line":10,"column":2},"end":{"line":33,"column":4}},"2":{"start":{"line":13,"column":21},"end":{"line":13,"column":54}},"3":{"start":{"line":18,"column":30},"end":{"line":18,"column":91}},"4":{"start":{"line":36,"column":15},"end":{"line":55,"column":2}}},"fnMap":{"0":{"name":"Checkbox","decl":{"start":{"line":7,"column":16},"end":{"line":7,"column":24}},"loc":{"start":{"line":7,"column":96},"end":{"line":34,"column":1}},"line":7},"1":{"name":"(anonymous_1)","decl":{"start":{"line":13,"column":15},"end":{"line":13,"column":16}},"loc":{"start":{"line":13,"column":21},"end":{"line":13,"column":54}},"line":13},"2":{"name":"(anonymous_2)","decl":{"start":{"line":18,"column":13},"end":{"line":18,"column":14}},"loc":{"start":{"line":18,"column":30},"end":{"line":18,"column":91}},"line":18}},"branchMap":{"0":{"loc":{"start":{"line":7,"column":53},"end":{"line":7,"column":69}},"type":"default-arg","locations":[{"start":{"line":7,"column":64},"end":{"line":7,"column":69}}],"line":7},"1":{"loc":{"start":{"line":13,"column":21},"end":{"line":13,"column":54}},"type":"binary-expr","locations":[{"start":{"line":13,"column":21},"end":{"line":13,"column":30}},{"start":{"line":13,"column":34},"end":{"line":13,"column":54}}],"line":13},"2":{"loc":{"start":{"line":16,"column":26},"end":{"line":16,"column":45}},"type":"binary-expr","locations":[{"start":{"line":16,"column":26},"end":{"line":16,"column":31}},{"start":{"line":16,"column":35},"end":{"line":16,"column":45}}],"line":16},"3":{"loc":{"start":{"line":18,"column":54},"end":{"line":18,"column":88}},"type":"cond-expr","locations":[{"start":{"line":18,"column":65},"end":{"line":18,"column":68}},{"start":{"line":18,"column":71},"end":{"line":18,"column":88}}],"line":18},"4":{"loc":{"start":{"line":18,"column":71},"end":{"line":18,"column":88}},"type":"cond-expr","locations":[{"start":{"line":18,"column":81},"end":{"line":18,"column":84}},{"start":{"line":18,"column":87},"end":{"line":18,"column":88}}],"line":18},"5":{"loc":{"start":{"line":24,"column":29},"end":{"line":24,"column":69}},"type":"cond-expr","locations":[{"start":{"line":24,"column":39},"end":{"line":24,"column":53}},{"start":{"line":24,"column":56},"end":{"line":24,"column":69}}],"line":24},"6":{"loc":{"start":{"line":25,"column":25},"end":{"line":25,"column":66}},"type":"cond-expr","locations":[{"start":{"line":25,"column":35},"end":{"line":25,"column":49}},{"start":{"line":25,"column":52},"end":{"line":25,"column":66}}],"line":25},"7":{"loc":{"start":{"line":29,"column":9},"end":{"line":29,"column":98}},"type":"binary-expr","locations":[{"start":{"line":29,"column":9},"end":{"line":29,"column":16}},{"start":{"line":29,"column":20},"end":{"line":29,"column":98}}],"line":29},"8":{"loc":{"start":{"line":31,"column":7},"end":{"line":31,"column":92}},"type":"binary-expr","locations":[{"start":{"line":31,"column":7},"end":{"line":31,"column":12}},{"start":{"line":31,"column":16},"end":{"line":31,"column":92}}],"line":31}},"s":{"0":4,"1":4,"2":1,"3":4,"4":1},"f":{"0":4,"1":1,"2":4},"b":{"0":[3],"1":[1,1],"2":[4,3],"3":[1,3],"4":[0,3],"5":[1,3],"6":[1,3],"7":[4,1],"8":[4,1]},"_coverageSchema":"1a1c01bbd47fc00a2c39e90264f33305004495a9","hash":"05046ca9a12dd9805d73c9babcbb74b19adfcd28"}
,"/Users/linsuwei/code/Work/Temporarily-project-React Native + Expo/mei-mart-app/src/components/ui/Checkbox/Checkbox.types.ts": {"path":"/Users/linsuwei/code/Work/Temporarily-project-React Native + Expo/mei-mart-app/src/components/ui/Checkbox/Checkbox.types.ts","statementMap":{},"fnMap":{},"branchMap":{},"s":{},"f":{},"b":{}}
,"/Users/linsuwei/code/Work/Temporarily-project-React Native + Expo/mei-mart-app/src/components/ui/Checkbox/index.ts": {"path":"/Users/linsuwei/code/Work/Temporarily-project-React Native + Expo/mei-mart-app/src/components/ui/Checkbox/index.ts","statementMap":{},"fnMap":{},"branchMap":{},"s":{},"f":{},"b":{}}
,"/Users/linsuwei/code/Work/Temporarily-project-React Native + Expo/mei-mart-app/src/components/ui/Chip/Chip.tsx": {"path":"/Users/linsuwei/code/Work/Temporarily-project-React Native + Expo/mei-mart-app/src/components/ui/Chip/Chip.tsx","statementMap":{"0":{"start":{"line":8,"column":21},"end":{"line":8,"column":31}},"1":{"start":{"line":10,"column":13},"end":{"line":10,"column":70}},"2":{"start":{"line":11,"column":13},"end":{"line":11,"column":79}},"3":{"start":{"line":13,"column":2},"end":{"line":31,"column":4}},"4":{"start":{"line":16,"column":21},"end":{"line":16,"column":42}},"5":{"start":{"line":21,"column":30},"end":{"line":24,"column":7}},"6":{"start":{"line":34,"column":15},"end":{"line":51,"column":2}}},"fnMap":{"0":{"name":"Chip","decl":{"start":{"line":7,"column":16},"end":{"line":7,"column":20}},"loc":{"start":{"line":7,"column":95},"end":{"line":32,"column":1}},"line":7},"1":{"name":"(anonymous_1)","decl":{"start":{"line":16,"column":15},"end":{"line":16,"column":16}},"loc":{"start":{"line":16,"column":21},"end":{"line":16,"column":42}},"line":16},"2":{"name":"(anonymous_2)","decl":{"start":{"line":21,"column":13},"end":{"line":21,"column":14}},"loc":{"start":{"line":21,"column":30},"end":{"line":24,"column":7}},"line":21}},"branchMap":{"0":{"loc":{"start":{"line":7,"column":50},"end":{"line":7,"column":66}},"type":"default-arg","locations":[{"start":{"line":7,"column":61},"end":{"line":7,"column":66}}],"line":7},"1":{"loc":{"start":{"line":10,"column":13},"end":{"line":10,"column":70}},"type":"cond-expr","locations":[{"start":{"line":10,"column":24},"end":{"line":10,"column":38}},{"start":{"line":10,"column":41},"end":{"line":10,"column":70}}],"line":10},"2":{"loc":{"start":{"line":11,"column":13},"end":{"line":11,"column":79}},"type":"cond-expr","locations":[{"start":{"line":11,"column":24},"end":{"line":11,"column":44}},{"start":{"line":11,"column":47},"end":{"line":11,"column":79}}],"line":11},"3":{"loc":{"start":{"line":23,"column":40},"end":{"line":23,"column":74}},"type":"cond-expr","locations":[{"start":{"line":23,"column":51},"end":{"line":23,"column":54}},{"start":{"line":23,"column":57},"end":{"line":23,"column":74}}],"line":23},"4":{"loc":{"start":{"line":23,"column":57},"end":{"line":23,"column":74}},"type":"cond-expr","locations":[{"start":{"line":23,"column":67},"end":{"line":23,"column":70}},{"start":{"line":23,"column":73},"end":{"line":23,"column":74}}],"line":23},"5":{"loc":{"start":{"line":27,"column":9},"end":{"line":27,"column":83}},"type":"binary-expr","locations":[{"start":{"line":27,"column":9},"end":{"line":27,"column":13}},{"start":{"line":27,"column":17},"end":{"line":27,"column":83}}],"line":27}},"s":{"0":3,"1":3,"2":3,"3":3,"4":1,"5":3,"6":1},"f":{"0":3,"1":1,"2":3},"b":{"0":[3],"1":[1,2],"2":[1,2],"3":[0,3],"4":[0,3],"5":[3,0]},"_coverageSchema":"1a1c01bbd47fc00a2c39e90264f33305004495a9","hash":"2e497844dea6f58ca7c8f38c69e87292f8567e10"}
,"/Users/linsuwei/code/Work/Temporarily-project-React Native + Expo/mei-mart-app/src/components/ui/Chip/Chip.types.ts": {"path":"/Users/linsuwei/code/Work/Temporarily-project-React Native + Expo/mei-mart-app/src/components/ui/Chip/Chip.types.ts","statementMap":{},"fnMap":{},"branchMap":{},"s":{},"f":{},"b":{}}
,"/Users/linsuwei/code/Work/Temporarily-project-React Native + Expo/mei-mart-app/src/components/ui/Chip/index.ts": {"path":"/Users/linsuwei/code/Work/Temporarily-project-React Native + Expo/mei-mart-app/src/components/ui/Chip/index.ts","statementMap":{},"fnMap":{},"branchMap":{},"s":{},"f":{},"b":{}}
,"/Users/linsuwei/code/Work/Temporarily-project-React Native + Expo/mei-mart-app/src/components/ui/Input/Input.tsx": {"path":"/Users/linsuwei/code/Work/Temporarily-project-React Native + Expo/mei-mart-app/src/components/ui/Input/Input.tsx","statementMap":{"0":{"start":{"line":23,"column":21},"end":{"line":23,"column":31}},"1":{"start":{"line":24,"column":19},"end":{"line":24,"column":42}},"2":{"start":{"line":25,"column":19},"end":{"line":25,"column":33}},"3":{"start":{"line":27,"column":2},"end":{"line":31,"column":18}},"4":{"start":{"line":28,"column":4},"end":{"line":30,"column":5}},"5":{"start":{"line":29,"column":6},"end":{"line":29,"column":32}},"6":{"start":{"line":33,"column":2},"end":{"line":102,"column":4}},"7":{"start":{"line":105,"column":15},"end":{"line":145,"column":2}}},"fnMap":{"0":{"name":"Input","decl":{"start":{"line":8,"column":16},"end":{"line":8,"column":21}},"loc":{"start":{"line":22,"column":15},"end":{"line":103,"column":1}},"line":22},"1":{"name":"(anonymous_1)","decl":{"start":{"line":27,"column":12},"end":{"line":27,"column":13}},"loc":{"start":{"line":27,"column":18},"end":{"line":31,"column":3}},"line":27}},"branchMap":{"0":{"loc":{"start":{"line":28,"column":4},"end":{"line":30,"column":5}},"type":"if","locations":[{"start":{"line":28,"column":4},"end":{"line":30,"column":5}},{"start":{},"end":{}}],"line":28},"1":{"loc":{"start":{"line":35,"column":7},"end":{"line":42,"column":7}},"type":"binary-expr","locations":[{"start":{"line":35,"column":7},"end":{"line":35,"column":12}},{"start":{"line":36,"column":8},"end":{"line":41,"column":15}}],"line":35},"2":{"loc":{"start":{"line":48,"column":25},"end":{"line":48,"column":76}},"type":"cond-expr","locations":[{"start":{"line":48,"column":36},"end":{"line":48,"column":48}},{"start":{"line":48,"column":51},"end":{"line":48,"column":76}}],"line":48},"3":{"loc":{"start":{"line":49,"column":25},"end":{"line":49,"column":43}},"type":"cond-expr","locations":[{"start":{"line":49,"column":36},"end":{"line":49,"column":39}},{"start":{"line":49,"column":42},"end":{"line":49,"column":43}}],"line":49},"4":{"loc":{"start":{"line":50,"column":21},"end":{"line":50,"column":39}},"type":"cond-expr","locations":[{"start":{"line":50,"column":32},"end":{"line":50,"column":35}},{"start":{"line":50,"column":38},"end":{"line":50,"column":39}}],"line":50},"5":{"loc":{"start":{"line":54,"column":9},"end":{"line":61,"column":9}},"type":"binary-expr","locations":[{"start":{"line":54,"column":9},"end":{"line":54,"column":17}},{"start":{"line":55,"column":10},"end":{"line":60,"column":12}}],"line":54},"6":{"loc":{"start":{"line":74,"column":30},"end":{"line":74,"column":50}},"type":"binary-expr","locations":[{"start":{"line":74,"column":30},"end":{"line":74,"column":35}},{"start":{"line":74,"column":39},"end":{"line":74,"column":50}}],"line":74},"7":{"loc":{"start":{"line":77,"column":9},"end":{"line":92,"column":9}},"type":"binary-expr","locations":[{"start":{"line":77,"column":9},"end":{"line":77,"column":18}},{"start":{"line":78,"column":10},"end":{"line":91,"column":22}}],"line":77},"8":{"loc":{"start":{"line":83,"column":31},"end":{"line":83,"column":68}},"type":"cond-expr","locations":[{"start":{"line":83,"column":50},"end":{"line":83,"column":58}},{"start":{"line":83,"column":61},"end":{"line":83,"column":68}}],"line":83},"9":{"loc":{"start":{"line":84,"column":32},"end":{"line":84,"column":84}},"type":"cond-expr","locations":[{"start":{"line":84,"column":51},"end":{"line":84,"column":72}},{"start":{"line":84,"column":75},"end":{"line":84,"column":84}}],"line":84},"10":{"loc":{"start":{"line":94,"column":7},"end":{"line":100,"column":14}},"type":"cond-expr","locations":[{"start":{"line":95,"column":8},"end":{"line":97,"column":15}},{"start":{"line":98,"column":10},"end":{"line":100,"column":14}}],"line":94},"11":{"loc":{"start":{"line":98,"column":10},"end":{"line":100,"column":14}},"type":"cond-expr","locations":[{"start":{"line":99,"column":8},"end":{"line":99,"column":98}},{"start":{"line":100,"column":10},"end":{"line":100,"column":14}}],"line":98}},"s":{"0":4,"1":4,"2":4,"3":4,"4":4,"5":0,"6":4,"7":1},"f":{"0":4,"1":4},"b":{"0":[0,4],"1":[4,3],"2":[1,3],"3":[1,3],"4":[0,4],"5":[4,0],"6":[4,1],"7":[4,0],"8":[0,0],"9":[0,0],"10":[1,3],"11":[0,3]},"_coverageSchema":"1a1c01bbd47fc00a2c39e90264f33305004495a9","hash":"1157cb15df5650c68616397e8a5f2b181053669b"}
,"/Users/linsuwei/code/Work/Temporarily-project-React Native + Expo/mei-mart-app/src/components/ui/Input/Input.types.ts": {"path":"/Users/linsuwei/code/Work/Temporarily-project-React Native + Expo/mei-mart-app/src/components/ui/Input/Input.types.ts","statementMap":{},"fnMap":{},"branchMap":{},"s":{},"f":{},"b":{}}
,"/Users/linsuwei/code/Work/Temporarily-project-React Native + Expo/mei-mart-app/src/components/ui/Input/index.ts": {"path":"/Users/linsuwei/code/Work/Temporarily-project-React Native + Expo/mei-mart-app/src/components/ui/Input/index.ts","statementMap":{},"fnMap":{},"branchMap":{},"s":{},"f":{},"b":{}}
,"/Users/linsuwei/code/Work/Temporarily-project-React Native + Expo/mei-mart-app/src/components/ui/Skeleton/Skeleton.tsx": {"path":"/Users/linsuwei/code/Work/Temporarily-project-React Native + Expo/mei-mart-app/src/components/ui/Skeleton/Skeleton.tsx","statementMap":{"0":{"start":{"line":14,"column":21},"end":{"line":14,"column":31}},"1":{"start":{"line":15,"column":20},"end":{"line":15,"column":59}},"2":{"start":{"line":15,"column":35},"end":{"line":15,"column":58}},"3":{"start":{"line":17,"column":2},"end":{"line":36,"column":16}},"4":{"start":{"line":18,"column":17},"end":{"line":33,"column":5}},"5":{"start":{"line":34,"column":4},"end":{"line":34,"column":17}},"6":{"start":{"line":35,"column":4},"end":{"line":35,"column":29}},"7":{"start":{"line":35,"column":17},"end":{"line":35,"column":28}},"8":{"start":{"line":38,"column":23},"end":{"line":38,"column":91}},"9":{"start":{"line":40,"column":2},"end":{"line":56,"column":4}},"10":{"start":{"line":59,"column":15},"end":{"line":61,"column":2}}},"fnMap":{"0":{"name":"Skeleton","decl":{"start":{"line":7,"column":16},"end":{"line":7,"column":24}},"loc":{"start":{"line":13,"column":18},"end":{"line":57,"column":1}},"line":13},"1":{"name":"(anonymous_1)","decl":{"start":{"line":15,"column":29},"end":{"line":15,"column":30}},"loc":{"start":{"line":15,"column":35},"end":{"line":15,"column":58}},"line":15},"2":{"name":"(anonymous_2)","decl":{"start":{"line":17,"column":12},"end":{"line":17,"column":13}},"loc":{"start":{"line":17,"column":18},"end":{"line":36,"column":3}},"line":17},"3":{"name":"(anonymous_3)","decl":{"start":{"line":35,"column":11},"end":{"line":35,"column":12}},"loc":{"start":{"line":35,"column":17},"end":{"line":35,"column":28}},"line":35}},"branchMap":{"0":{"loc":{"start":{"line":8,"column":2},"end":{"line":8,"column":16}},"type":"default-arg","locations":[{"start":{"line":8,"column":10},"end":{"line":8,"column":16}}],"line":8},"1":{"loc":{"start":{"line":9,"column":2},"end":{"line":9,"column":13}},"type":"default-arg","locations":[{"start":{"line":9,"column":11},"end":{"line":9,"column":13}}],"line":9},"2":{"loc":{"start":{"line":10,"column":2},"end":{"line":10,"column":18}},"type":"default-arg","locations":[{"start":{"line":10,"column":12},"end":{"line":10,"column":18}}],"line":10},"3":{"loc":{"start":{"line":38,"column":23},"end":{"line":38,"column":91}},"type":"cond-expr","locations":[{"start":{"line":38,"column":46},"end":{"line":38,"column":50}},{"start":{"line":38,"column":53},"end":{"line":38,"column":91}}],"line":38},"4":{"loc":{"start":{"line":38,"column":53},"end":{"line":38,"column":91}},"type":"cond-expr","locations":[{"start":{"line":38,"column":74},"end":{"line":38,"column":75}},{"start":{"line":38,"column":79},"end":{"line":38,"column":90}}],"line":38},"5":{"loc":{"start":{"line":38,"column":79},"end":{"line":38,"column":90}},"type":"binary-expr","locations":[{"start":{"line":38,"column":79},"end":{"line":38,"column":85}},{"start":{"line":38,"column":89},"end":{"line":38,"column":90}}],"line":38}},"s":{"0":3,"1":3,"2":3,"3":3,"4":3,"5":3,"6":3,"7":3,"8":3,"9":3,"10":1},"f":{"0":3,"1":3,"2":3,"3":3},"b":{"0":[1],"1":[1],"2":[1],"3":[1,2],"4":[1,1],"5":[1,1]},"_coverageSchema":"1a1c01bbd47fc00a2c39e90264f33305004495a9","hash":"472dab9f957f9ccb4c605a6643a6975e8ada18c8"}
,"/Users/linsuwei/code/Work/Temporarily-project-React Native + Expo/mei-mart-app/src/components/ui/Skeleton/Skeleton.types.ts": {"path":"/Users/linsuwei/code/Work/Temporarily-project-React Native + Expo/mei-mart-app/src/components/ui/Skeleton/Skeleton.types.ts","statementMap":{},"fnMap":{},"branchMap":{},"s":{},"f":{},"b":{}}
,"/Users/linsuwei/code/Work/Temporarily-project-React Native + Expo/mei-mart-app/src/components/ui/Skeleton/index.ts": {"path":"/Users/linsuwei/code/Work/Temporarily-project-React Native + Expo/mei-mart-app/src/components/ui/Skeleton/index.ts","statementMap":{},"fnMap":{},"branchMap":{},"s":{},"f":{},"b":{}}
,"/Users/linsuwei/code/Work/Temporarily-project-React Native + Expo/mei-mart-app/src/components/ui/Switch/Switch.tsx": {"path":"/Users/linsuwei/code/Work/Temporarily-project-React Native + Expo/mei-mart-app/src/components/ui/Switch/Switch.tsx","statementMap":{"0":{"start":{"line":6,"column":16},"end":{"line":6,"column":18}},"1":{"start":{"line":7,"column":16},"end":{"line":7,"column":18}},"2":{"start":{"line":8,"column":13},"end":{"line":8,"column":15}},"3":{"start":{"line":9,"column":16},"end":{"line":9,"column":36}},"4":{"start":{"line":12,"column":21},"end":{"line":12,"column":31}},"5":{"start":{"line":13,"column":18},"end":{"line":13,"column":68}},"6":{"start":{"line":14,"column":17},"end":{"line":14,"column":31}},"7":{"start":{"line":17,"column":4},"end":{"line":33,"column":11}},"8":{"start":{"line":36,"column":2},"end":{"line":50,"column":3}},"9":{"start":{"line":37,"column":4},"end":{"line":49,"column":6}},"10":{"start":{"line":40,"column":23},"end":{"line":40,"column":59}},"11":{"start":{"line":52,"column":2},"end":{"line":62,"column":4}},"12":{"start":{"line":55,"column":21},"end":{"line":55,"column":57}},"13":{"start":{"line":65,"column":15},"end":{"line":95,"column":2}}},"fnMap":{"0":{"name":"Switch","decl":{"start":{"line":11,"column":16},"end":{"line":11,"column":22}},"loc":{"start":{"line":11,"column":95},"end":{"line":63,"column":1}},"line":11},"1":{"name":"(anonymous_1)","decl":{"start":{"line":40,"column":17},"end":{"line":40,"column":18}},"loc":{"start":{"line":40,"column":23},"end":{"line":40,"column":59}},"line":40},"2":{"name":"(anonymous_2)","decl":{"start":{"line":55,"column":15},"end":{"line":55,"column":16}},"loc":{"start":{"line":55,"column":21},"end":{"line":55,"column":57}},"line":55}},"branchMap":{"0":{"loc":{"start":{"line":11,"column":54},"end":{"line":11,"column":70}},"type":"default-arg","locations":[{"start":{"line":11,"column":65},"end":{"line":11,"column":70}}],"line":11},"1":{"loc":{"start":{"line":13,"column":18},"end":{"line":13,"column":68}},"type":"cond-expr","locations":[{"start":{"line":13,"column":26},"end":{"line":13,"column":40}},{"start":{"line":13,"column":43},"end":{"line":13,"column":68}}],"line":13},"2":{"loc":{"start":{"line":20,"column":45},"end":{"line":20,"column":63}},"type":"cond-expr","locations":[{"start":{"line":20,"column":56},"end":{"line":20,"column":59}},{"start":{"line":20,"column":62},"end":{"line":20,"column":63}}],"line":20},"3":{"loc":{"start":{"line":21,"column":8},"end":{"line":21,"column":31}},"type":"binary-expr","locations":[{"start":{"line":21,"column":8},"end":{"line":21,"column":13}},{"start":{"line":21,"column":17},"end":{"line":21,"column":31}}],"line":21},"4":{"loc":{"start":{"line":29,"column":38},"end":{"line":29,"column":70}},"type":"cond-expr","locations":[{"start":{"line":29,"column":46},"end":{"line":29,"column":60}},{"start":{"line":29,"column":63},"end":{"line":29,"column":70}}],"line":29},"5":{"loc":{"start":{"line":36,"column":2},"end":{"line":50,"column":3}},"type":"if","locations":[{"start":{"line":36,"column":2},"end":{"line":50,"column":3}},{"start":{},"end":{}}],"line":36},"6":{"loc":{"start":{"line":40,"column":23},"end":{"line":40,"column":59}},"type":"binary-expr","locations":[{"start":{"line":40,"column":23},"end":{"line":40,"column":32}},{"start":{"line":40,"column":36},"end":{"line":40,"column":59}}],"line":40},"7":{"loc":{"start":{"line":55,"column":21},"end":{"line":55,"column":57}},"type":"binary-expr","locations":[{"start":{"line":55,"column":21},"end":{"line":55,"column":30}},{"start":{"line":55,"column":34},"end":{"line":55,"column":57}}],"line":55}},"s":{"0":1,"1":1,"2":1,"3":1,"4":3,"5":3,"6":3,"7":3,"8":3,"9":1,"10":0,"11":2,"12":1,"13":1},"f":{"0":3,"1":0,"2":1},"b":{"0":[3],"1":[1,2],"2":[0,3],"3":[3,1],"4":[1,2],"5":[1,2],"6":[0,0],"7":[1,1]},"_coverageSchema":"1a1c01bbd47fc00a2c39e90264f33305004495a9","hash":"db868ee72ba47b9f343832c0282c183899934960"}
,"/Users/linsuwei/code/Work/Temporarily-project-React Native + Expo/mei-mart-app/src/components/ui/Switch/Switch.types.ts": {"path":"/Users/linsuwei/code/Work/Temporarily-project-React Native + Expo/mei-mart-app/src/components/ui/Switch/Switch.types.ts","statementMap":{},"fnMap":{},"branchMap":{},"s":{},"f":{},"b":{}}
,"/Users/linsuwei/code/Work/Temporarily-project-React Native + Expo/mei-mart-app/src/components/ui/Switch/index.ts": {"path":"/Users/linsuwei/code/Work/Temporarily-project-React Native + Expo/mei-mart-app/src/components/ui/Switch/index.ts","statementMap":{},"fnMap":{},"branchMap":{},"s":{},"f":{},"b":{}}
,"/Users/linsuwei/code/Work/Temporarily-project-React Native + Expo/mei-mart-app/src/config/api.ts": {"path":"/Users/linsuwei/code/Work/Temporarily-project-React Native + Expo/mei-mart-app/src/config/api.ts","statementMap":{"0":{"start":{"line":2,"column":28},"end":{"line":2,"column":44}}},"fnMap":{},"branchMap":{},"s":{"0":0},"f":{},"b":{}}
,"/Users/linsuwei/code/Work/Temporarily-project-React Native + Expo/mei-mart-app/src/config/env.ts": {"path":"/Users/linsuwei/code/Work/Temporarily-project-React Native + Expo/mei-mart-app/src/config/env.ts","statementMap":{"0":{"start":{"line":9,"column":12},"end":{"line":9,"column":46}},"1":{"start":{"line":11,"column":21},"end":{"line":11,"column":50}},"2":{"start":{"line":12,"column":25},"end":{"line":12,"column":50}},"3":{"start":{"line":13,"column":22},"end":{"line":13,"column":50}}},"fnMap":{},"branchMap":{},"s":{"0":0,"1":0,"2":0,"3":0},"f":{},"b":{}}
,"/Users/linsuwei/code/Work/Temporarily-project-React Native + Expo/mei-mart-app/src/theme/ThemeProvider.tsx": {"path":"/Users/linsuwei/code/Work/Temporarily-project-React Native + Expo/mei-mart-app/src/theme/ThemeProvider.tsx","statementMap":{"0":{"start":{"line":27,"column":20},"end":{"line":27,"column":41}},"1":{"start":{"line":29,"column":21},"end":{"line":29,"column":66}},"2":{"start":{"line":32,"column":23},"end":{"line":32,"column":39}},"3":{"start":{"line":33,"column":31},"end":{"line":33,"column":60}},"4":{"start":{"line":36,"column":2},"end":{"line":46,"column":9}},"5":{"start":{"line":37,"column":4},"end":{"line":45,"column":9}},"6":{"start":{"line":39,"column":8},"end":{"line":41,"column":9}},"7":{"start":{"line":40,"column":10},"end":{"line":40,"column":31}},"8":{"start":{"line":48,"column":18},"end":{"line":53,"column":3}},"9":{"start":{"line":49,"column":4},"end":{"line":49,"column":23}},"10":{"start":{"line":50,"column":4},"end":{"line":52,"column":7}},"11":{"start":{"line":55,"column":39},"end":{"line":60,"column":26}},"12":{"start":{"line":56,"column":4},"end":{"line":58,"column":5}},"13":{"start":{"line":57,"column":6},"end":{"line":57,"column":56}},"14":{"start":{"line":59,"column":4},"end":{"line":59,"column":16}},"15":{"start":{"line":62,"column":28},"end":{"line":62,"column":79}},"16":{"start":{"line":64,"column":16},"end":{"line":68,"column":3}},"17":{"start":{"line":65,"column":11},"end":{"line":65,"column":72}},"18":{"start":{"line":70,"column":2},"end":{"line":70,"column":81}},"19":{"start":{"line":74,"column":14},"end":{"line":74,"column":38}},"20":{"start":{"line":75,"column":2},"end":{"line":77,"column":3}},"21":{"start":{"line":76,"column":4},"end":{"line":76,"column":68}},"22":{"start":{"line":78,"column":2},"end":{"line":78,"column":13}}},"fnMap":{"0":{"name":"ThemeProvider","decl":{"start":{"line":31,"column":16},"end":{"line":31,"column":29}},"loc":{"start":{"line":31,"column":69},"end":{"line":71,"column":1}},"line":31},"1":{"name":"(anonymous_1)","decl":{"start":{"line":36,"column":12},"end":{"line":36,"column":13}},"loc":{"start":{"line":36,"column":18},"end":{"line":46,"column":3}},"line":36},"2":{"name":"(anonymous_2)","decl":{"start":{"line":38,"column":12},"end":{"line":38,"column":13}},"loc":{"start":{"line":38,"column":24},"end":{"line":42,"column":7}},"line":38},"3":{"name":"(anonymous_3)","decl":{"start":{"line":43,"column":13},"end":{"line":43,"column":14}},"loc":{"start":{"line":43,"column":19},"end":{"line":45,"column":7}},"line":43},"4":{"name":"(anonymous_4)","decl":{"start":{"line":48,"column":18},"end":{"line":48,"column":19}},"loc":{"start":{"line":48,"column":39},"end":{"line":53,"column":3}},"line":48},"5":{"name":"(anonymous_5)","decl":{"start":{"line":50,"column":50},"end":{"line":50,"column":51}},"loc":{"start":{"line":50,"column":56},"end":{"line":52,"column":5}},"line":50},"6":{"name":"(anonymous_6)","decl":{"start":{"line":55,"column":47},"end":{"line":55,"column":48}},"loc":{"start":{"line":55,"column":53},"end":{"line":60,"column":3}},"line":55},"7":{"name":"(anonymous_7)","decl":{"start":{"line":65,"column":4},"end":{"line":65,"column":5}},"loc":{"start":{"line":65,"column":11},"end":{"line":65,"column":72}},"line":65},"8":{"name":"useTheme","decl":{"start":{"line":73,"column":16},"end":{"line":73,"column":24}},"loc":{"start":{"line":73,"column":46},"end":{"line":79,"column":1}},"line":73}},"branchMap":{"0":{"loc":{"start":{"line":39,"column":8},"end":{"line":41,"column":9}},"type":"if","locations":[{"start":{"line":39,"column":8},"end":{"line":41,"column":9}},{"start":{},"end":{}}],"line":39},"1":{"loc":{"start":{"line":39,"column":12},"end":{"line":39,"column":74}},"type":"binary-expr","locations":[{"start":{"line":39,"column":12},"end":{"line":39,"column":30}},{"start":{"line":39,"column":34},"end":{"line":39,"column":51}},{"start":{"line":39,"column":55},"end":{"line":39,"column":74}}],"line":39},"2":{"loc":{"start":{"line":56,"column":4},"end":{"line":58,"column":5}},"type":"if","locations":[{"start":{"line":56,"column":4},"end":{"line":58,"column":5}},{"start":{},"end":{}}],"line":56},"3":{"loc":{"start":{"line":57,"column":13},"end":{"line":57,"column":55}},"type":"cond-expr","locations":[{"start":{"line":57,"column":39},"end":{"line":57,"column":45}},{"start":{"line":57,"column":48},"end":{"line":57,"column":55}}],"line":57},"4":{"loc":{"start":{"line":62,"column":28},"end":{"line":62,"column":79}},"type":"cond-expr","locations":[{"start":{"line":62,"column":55},"end":{"line":62,"column":65}},{"start":{"line":62,"column":68},"end":{"line":62,"column":79}}],"line":62},"5":{"loc":{"start":{"line":75,"column":2},"end":{"line":77,"column":3}},"type":"if","locations":[{"start":{"line":75,"column":2},"end":{"line":77,"column":3}},{"start":{},"end":{}}],"line":75}},"s":{"0":9,"1":9,"2":33,"3":33,"4":33,"5":33,"6":33,"7":0,"8":33,"9":0,"10":0,"11":33,"12":33,"13":33,"14":0,"15":33,"16":33,"17":33,"18":33,"19":33,"20":33,"21":0,"22":33},"f":{"0":33,"1":33,"2":33,"3":0,"4":0,"5":0,"6":33,"7":33,"8":33},"b":{"0":[0,33],"1":[33,33,33],"2":[33,0],"3":[0,33],"4":[0,33],"5":[0,33]},"_coverageSchema":"1a1c01bbd47fc00a2c39e90264f33305004495a9","hash":"f35c7f95c2d66886a1bdeeafd3a891b521d383ac"}
,"/Users/linsuwei/code/Work/Temporarily-project-React Native + Expo/mei-mart-app/src/theme/colors.ts": {"path":"/Users/linsuwei/code/Work/Temporarily-project-React Native + Expo/mei-mart-app/src/theme/colors.ts","statementMap":{"0":{"start":{"line":74,"column":38},"end":{"line":151,"column":10}},"1":{"start":{"line":158,"column":37},"end":{"line":235,"column":10}}},"fnMap":{},"branchMap":{},"s":{"0":9,"1":9},"f":{},"b":{},"_coverageSchema":"1a1c01bbd47fc00a2c39e90264f33305004495a9","hash":"631cdab97a72c80e33627d09c21c8a6232d3993e"}
,"/Users/linsuwei/code/Work/Temporarily-project-React Native + Expo/mei-mart-app/src/theme/index.ts": {"path":"/Users/linsuwei/code/Work/Temporarily-project-React Native + Expo/mei-mart-app/src/theme/index.ts","statementMap":{},"fnMap":{},"branchMap":{},"s":{},"f":{},"b":{},"_coverageSchema":"1a1c01bbd47fc00a2c39e90264f33305004495a9","hash":"eaf33639e8bdf853eb9eed1326080de246c5d405"}
,"/Users/linsuwei/code/Work/Temporarily-project-React Native + Expo/mei-mart-app/src/theme/spacing.ts": {"path":"/Users/linsuwei/code/Work/Temporarily-project-React Native + Expo/mei-mart-app/src/theme/spacing.ts","statementMap":{"0":{"start":{"line":17,"column":23},"end":{"line":27,"column":10}},"1":{"start":{"line":34,"column":28},"end":{"line":42,"column":10}},"2":{"start":{"line":57,"column":50},"end":{"line":64,"column":1}}},"fnMap":{},"branchMap":{},"s":{"0":9,"1":9,"2":9},"f":{},"b":{},"_coverageSchema":"1a1c01bbd47fc00a2c39e90264f33305004495a9","hash":"94e2b512e46ea3dfc00af2d65f7e6dfbbbbf9647"}
,"/Users/linsuwei/code/Work/Temporarily-project-React Native + Expo/mei-mart-app/src/theme/typography.ts": {"path":"/Users/linsuwei/code/Work/Temporarily-project-React Native + Expo/mei-mart-app/src/theme/typography.ts","statementMap":{"0":{"start":{"line":27,"column":66},"end":{"line":77,"column":1}},"1":{"start":{"line":85,"column":16},"end":{"line":85,"column":31}},"2":{"start":{"line":86,"column":2},"end":{"line":92,"column":4}}},"fnMap":{"0":{"name":"textStyle","decl":{"start":{"line":84,"column":16},"end":{"line":84,"column":25}},"loc":{"start":{"line":84,"column":57},"end":{"line":93,"column":1}},"line":84}},"branchMap":{"0":{"loc":{"start":{"line":91,"column":8},"end":{"line":91,"column":87}},"type":"cond-expr","locations":[{"start":{"line":91,"column":44},"end":{"line":91,"column":82}},{"start":{"line":91,"column":85},"end":{"line":91,"column":87}}],"line":91}},"s":{"0":9,"1":0,"2":0},"f":{"0":0},"b":{"0":[0,0]},"_coverageSchema":"1a1c01bbd47fc00a2c39e90264f33305004495a9","hash":"96b6ac6a9dbab11ba82c4dc0be0df15144ead79b"}
,"/Users/linsuwei/code/Work/Temporarily-project-React Native + Expo/mei-mart-app/src/types/index.ts": {"path":"/Users/linsuwei/code/Work/Temporarily-project-React Native + Expo/mei-mart-app/src/types/index.ts","statementMap":{},"fnMap":{},"branchMap":{},"s":{},"f":{},"b":{}}
}
