{"/Users/linsuwei/code/Work/Temporarily-project-React Native + Expo/mei-mart-app/src/components/business/AddressCard/AddressCard.tsx": {"path":"/Users/linsuwei/code/Work/Temporarily-project-React Native + Expo/mei-mart-app/src/components/business/AddressCard/AddressCard.tsx","statementMap":{"0":{"start":{"line":17,"column":21},"end":{"line":17,"column":31}},"1":{"start":{"line":18,"column":22},"end":{"line":18,"column":94}},"2":{"start":{"line":20,"column":2},"end":{"line":98,"column":4}},"3":{"start":{"line":23,"column":30},"end":{"line":27,"column":7}},"4":{"start":{"line":28,"column":31},"end":{"line":28,"column":47}},"5":{"start":{"line":36,"column":27},"end":{"line":36,"column":46}},"6":{"start":{"line":75,"column":29},"end":{"line":75,"column":44}},"7":{"start":{"line":86,"column":29},"end":{"line":86,"column":46}},"8":{"start":{"line":101,"column":15},"end":{"line":134,"column":2}}},"fnMap":{"0":{"name":"AddressCard","decl":{"start":{"line":7,"column":16},"end":{"line":7,"column":27}},"loc":{"start":{"line":16,"column":21},"end":{"line":99,"column":1}},"line":16},"1":{"name":"(anonymous_1)","decl":{"start":{"line":23,"column":13},"end":{"line":23,"column":14}},"loc":{"start":{"line":23,"column":30},"end":{"line":27,"column":7}},"line":23},"2":{"name":"(anonymous_2)","decl":{"start":{"line":28,"column":25},"end":{"line":28,"column":26}},"loc":{"start":{"line":28,"column":31},"end":{"line":28,"column":47}},"line":28},"3":{"name":"(anonymous_3)","decl":{"start":{"line":36,"column":21},"end":{"line":36,"column":22}},"loc":{"start":{"line":36,"column":27},"end":{"line":36,"column":46}},"line":36},"4":{"name":"(anonymous_4)","decl":{"start":{"line":75,"column":23},"end":{"line":75,"column":24}},"loc":{"start":{"line":75,"column":29},"end":{"line":75,"column":44}},"line":75},"5":{"name":"(anonymous_5)","decl":{"start":{"line":86,"column":23},"end":{"line":86,"column":24}},"loc":{"start":{"line":86,"column":29},"end":{"line":86,"column":46}},"line":86}},"branchMap":{"0":{"loc":{"start":{"line":12,"column":2},"end":{"line":12,"column":20}},"type":"default-arg","locations":[{"start":{"line":12,"column":15},"end":{"line":12,"column":20}}],"line":12},"1":{"loc":{"start":{"line":13,"column":2},"end":{"line":13,"column":18}},"type":"default-arg","locations":[{"start":{"line":13,"column":13},"end":{"line":13,"column":18}}],"line":13},"2":{"loc":{"start":{"line":26,"column":8},"end":{"line":26,"column":33}},"type":"binary-expr","locations":[{"start":{"line":26,"column":8},"end":{"line":26,"column":15}},{"start":{"line":26,"column":19},"end":{"line":26,"column":33}}],"line":26},"3":{"loc":{"start":{"line":28,"column":15},"end":{"line":28,"column":59}},"type":"cond-expr","locations":[{"start":{"line":28,"column":25},"end":{"line":28,"column":47}},{"start":{"line":28,"column":50},"end":{"line":28,"column":59}}],"line":28},"4":{"loc":{"start":{"line":33,"column":9},"end":{"line":39,"column":9}},"type":"binary-expr","locations":[{"start":{"line":33,"column":9},"end":{"line":33,"column":19}},{"start":{"line":34,"column":10},"end":{"line":38,"column":12}}],"line":33},"5":{"loc":{"start":{"line":50,"column":13},"end":{"line":61,"column":13}},"type":"binary-expr","locations":[{"start":{"line":50,"column":13},"end":{"line":50,"column":30}},{"start":{"line":51,"column":14},"end":{"line":60,"column":21}}],"line":50},"6":{"loc":{"start":{"line":71,"column":7},"end":{"line":96,"column":7}},"type":"binary-expr","locations":[{"start":{"line":71,"column":8},"end":{"line":71,"column":14}},{"start":{"line":71,"column":18},"end":{"line":71,"column":26}},{"start":{"line":72,"column":8},"end":{"line":95,"column":15}}],"line":71},"7":{"loc":{"start":{"line":73,"column":11},"end":{"line":83,"column":11}},"type":"binary-expr","locations":[{"start":{"line":73,"column":11},"end":{"line":73,"column":17}},{"start":{"line":74,"column":12},"end":{"line":82,"column":24}}],"line":73},"8":{"loc":{"start":{"line":84,"column":11},"end":{"line":94,"column":11}},"type":"binary-expr","locations":[{"start":{"line":84,"column":11},"end":{"line":84,"column":19}},{"start":{"line":85,"column":12},"end":{"line":93,"column":24}}],"line":84}},"s":{"0":2,"1":2,"2":2,"3":2,"4":0,"5":0,"6":1,"7":0,"8":1},"f":{"0":2,"1":2,"2":0,"3":0,"4":1,"5":0},"b":{"0":[2],"1":[2],"2":[2,0],"3":[0,2],"4":[2,0],"5":[2,2],"6":[2,1,1],"7":[1,1],"8":[1,0]},"_coverageSchema":"1a1c01bbd47fc00a2c39e90264f33305004495a9","hash":"190db97b5e6261b5d0a9a21d0e599576ddb2a9bb"}
,"/Users/linsuwei/code/Work/Temporarily-project-React Native + Expo/mei-mart-app/src/components/business/AddressCard/AddressCard.types.ts": {"path":"/Users/linsuwei/code/Work/Temporarily-project-React Native + Expo/mei-mart-app/src/components/business/AddressCard/AddressCard.types.ts","statementMap":{},"fnMap":{},"branchMap":{},"s":{},"f":{},"b":{}}
,"/Users/linsuwei/code/Work/Temporarily-project-React Native + Expo/mei-mart-app/src/components/business/AddressCard/index.ts": {"path":"/Users/linsuwei/code/Work/Temporarily-project-React Native + Expo/mei-mart-app/src/components/business/AddressCard/index.ts","statementMap":{},"fnMap":{},"branchMap":{},"s":{},"f":{},"b":{}}
,"/Users/linsuwei/code/Work/Temporarily-project-React Native + Expo/mei-mart-app/src/components/business/BannerCarousel/BannerCarousel.tsx": {"path":"/Users/linsuwei/code/Work/Temporarily-project-React Native + Expo/mei-mart-app/src/components/business/BannerCarousel/BannerCarousel.tsx","statementMap":{"0":{"start":{"line":16,"column":21},"end":{"line":16,"column":51}},"1":{"start":{"line":26,"column":21},"end":{"line":26,"column":31}},"2":{"start":{"line":27,"column":40},"end":{"line":27,"column":51}},"3":{"start":{"line":28,"column":20},"end":{"line":28,"column":44}},"4":{"start":{"line":30,"column":2},"end":{"line":40,"column":51}},"5":{"start":{"line":31,"column":4},"end":{"line":31,"column":49}},"6":{"start":{"line":31,"column":42},"end":{"line":31,"column":49}},"7":{"start":{"line":32,"column":18},"end":{"line":38,"column":24}},"8":{"start":{"line":33,"column":6},"end":{"line":37,"column":9}},"9":{"start":{"line":34,"column":21},"end":{"line":34,"column":48}},"10":{"start":{"line":35,"column":8},"end":{"line":35,"column":80}},"11":{"start":{"line":36,"column":8},"end":{"line":36,"column":20}},"12":{"start":{"line":39,"column":4},"end":{"line":39,"column":38}},"13":{"start":{"line":39,"column":17},"end":{"line":39,"column":37}},"14":{"start":{"line":42,"column":30},"end":{"line":45,"column":3}},"15":{"start":{"line":43,"column":16},"end":{"line":43,"column":72}},"16":{"start":{"line":44,"column":4},"end":{"line":44,"column":24}},"17":{"start":{"line":47,"column":2},"end":{"line":47,"column":40}},"18":{"start":{"line":47,"column":28},"end":{"line":47,"column":40}},"19":{"start":{"line":49,"column":2},"end":{"line":100,"column":4}},"20":{"start":{"line":60,"column":10},"end":{"line":80,"column":22}},"21":{"start":{"line":62,"column":43},"end":{"line":62,"column":64}},"22":{"start":{"line":86,"column":12},"end":{"line":95,"column":14}},"23":{"start":{"line":103,"column":15},"end":{"line":126,"column":2}}},"fnMap":{"0":{"name":"BannerCarousel","decl":{"start":{"line":18,"column":16},"end":{"line":18,"column":30}},"loc":{"start":{"line":25,"column":24},"end":{"line":101,"column":1}},"line":25},"1":{"name":"(anonymous_1)","decl":{"start":{"line":30,"column":12},"end":{"line":30,"column":13}},"loc":{"start":{"line":30,"column":18},"end":{"line":40,"column":3}},"line":30},"2":{"name":"(anonymous_2)","decl":{"start":{"line":32,"column":30},"end":{"line":32,"column":31}},"loc":{"start":{"line":32,"column":36},"end":{"line":38,"column":5}},"line":32},"3":{"name":"(anonymous_3)","decl":{"start":{"line":33,"column":21},"end":{"line":33,"column":22}},"loc":{"start":{"line":33,"column":31},"end":{"line":37,"column":7}},"line":33},"4":{"name":"(anonymous_4)","decl":{"start":{"line":39,"column":11},"end":{"line":39,"column":12}},"loc":{"start":{"line":39,"column":17},"end":{"line":39,"column":37}},"line":39},"5":{"name":"(anonymous_5)","decl":{"start":{"line":42,"column":30},"end":{"line":42,"column":31}},"loc":{"start":{"line":42,"column":78},"end":{"line":45,"column":3}},"line":42},"6":{"name":"(anonymous_6)","decl":{"start":{"line":59,"column":21},"end":{"line":59,"column":22}},"loc":{"start":{"line":60,"column":10},"end":{"line":80,"column":22}},"line":60},"7":{"name":"(anonymous_7)","decl":{"start":{"line":62,"column":37},"end":{"line":62,"column":38}},"loc":{"start":{"line":62,"column":43},"end":{"line":62,"column":64}},"line":62},"8":{"name":"(anonymous_8)","decl":{"start":{"line":85,"column":23},"end":{"line":85,"column":24}},"loc":{"start":{"line":86,"column":12},"end":{"line":95,"column":14}},"line":86}},"branchMap":{"0":{"loc":{"start":{"line":21,"column":2},"end":{"line":21,"column":17}},"type":"default-arg","locations":[{"start":{"line":21,"column":13},"end":{"line":21,"column":17}}],"line":21},"1":{"loc":{"start":{"line":22,"column":2},"end":{"line":22,"column":25}},"type":"default-arg","locations":[{"start":{"line":22,"column":21},"end":{"line":22,"column":25}}],"line":22},"2":{"loc":{"start":{"line":23,"column":2},"end":{"line":23,"column":17}},"type":"default-arg","locations":[{"start":{"line":23,"column":13},"end":{"line":23,"column":17}}],"line":23},"3":{"loc":{"start":{"line":31,"column":4},"end":{"line":31,"column":49}},"type":"if","locations":[{"start":{"line":31,"column":4},"end":{"line":31,"column":49}},{"start":{},"end":{}}],"line":31},"4":{"loc":{"start":{"line":31,"column":8},"end":{"line":31,"column":40}},"type":"binary-expr","locations":[{"start":{"line":31,"column":8},"end":{"line":31,"column":17}},{"start":{"line":31,"column":21},"end":{"line":31,"column":40}}],"line":31},"5":{"loc":{"start":{"line":47,"column":2},"end":{"line":47,"column":40}},"type":"if","locations":[{"start":{"line":47,"column":2},"end":{"line":47,"column":40}},{"start":{},"end":{}}],"line":47},"6":{"loc":{"start":{"line":62,"column":21},"end":{"line":62,"column":76}},"type":"cond-expr","locations":[{"start":{"line":62,"column":37},"end":{"line":62,"column":64}},{"start":{"line":62,"column":67},"end":{"line":62,"column":76}}],"line":62},"7":{"loc":{"start":{"line":83,"column":7},"end":{"line":98,"column":7}},"type":"binary-expr","locations":[{"start":{"line":83,"column":7},"end":{"line":83,"column":15}},{"start":{"line":83,"column":19},"end":{"line":83,"column":37}},{"start":{"line":84,"column":8},"end":{"line":97,"column":15}}],"line":83},"8":{"loc":{"start":{"line":92,"column":35},"end":{"line":92,"column":97}},"type":"cond-expr","locations":[{"start":{"line":92,"column":55},"end":{"line":92,"column":69}},{"start":{"line":92,"column":72},"end":{"line":92,"column":97}}],"line":92}},"s":{"0":1,"1":3,"2":3,"3":3,"4":3,"5":3,"6":3,"7":0,"8":0,"9":0,"10":0,"11":0,"12":0,"13":0,"14":3,"15":0,"16":0,"17":3,"18":1,"19":2,"20":4,"21":0,"22":4,"23":1},"f":{"0":3,"1":3,"2":0,"3":0,"4":0,"5":0,"6":4,"7":0,"8":4},"b":{"0":[1],"1":[3],"2":[3],"3":[3,0],"4":[3,1],"5":[1,2],"6":[0,4],"7":[2,2,2],"8":[2,2]},"_coverageSchema":"1a1c01bbd47fc00a2c39e90264f33305004495a9","hash":"b34fe09d18bdcef74814775c24beeb0519c9107e"}
,"/Users/linsuwei/code/Work/Temporarily-project-React Native + Expo/mei-mart-app/src/components/business/BannerCarousel/BannerCarousel.types.ts": {"path":"/Users/linsuwei/code/Work/Temporarily-project-React Native + Expo/mei-mart-app/src/components/business/BannerCarousel/BannerCarousel.types.ts","statementMap":{},"fnMap":{},"branchMap":{},"s":{},"f":{},"b":{}}
,"/Users/linsuwei/code/Work/Temporarily-project-React Native + Expo/mei-mart-app/src/components/business/BannerCarousel/index.ts": {"path":"/Users/linsuwei/code/Work/Temporarily-project-React Native + Expo/mei-mart-app/src/components/business/BannerCarousel/index.ts","statementMap":{},"fnMap":{},"branchMap":{},"s":{},"f":{},"b":{}}
,"/Users/linsuwei/code/Work/Temporarily-project-React Native + Expo/mei-mart-app/src/components/business/CartItemRow/CartItemRow.tsx": {"path":"/Users/linsuwei/code/Work/Temporarily-project-React Native + Expo/mei-mart-app/src/components/business/CartItemRow/CartItemRow.tsx","statementMap":{"0":{"start":{"line":16,"column":21},"end":{"line":16,"column":31}},"1":{"start":{"line":17,"column":42},"end":{"line":17,"column":46}},"2":{"start":{"line":19,"column":2},"end":{"line":88,"column":4}},"3":{"start":{"line":27,"column":25},"end":{"line":27,"column":40}},"4":{"start":{"line":47,"column":31},"end":{"line":47,"column":74}},"5":{"start":{"line":59,"column":31},"end":{"line":59,"column":61}},"6":{"start":{"line":78,"column":25},"end":{"line":78,"column":39}},"7":{"start":{"line":91,"column":15},"end":{"line":128,"column":2}}},"fnMap":{"0":{"name":"CartItemRow","decl":{"start":{"line":8,"column":16},"end":{"line":8,"column":27}},"loc":{"start":{"line":15,"column":21},"end":{"line":89,"column":1}},"line":15},"1":{"name":"(anonymous_1)","decl":{"start":{"line":27,"column":19},"end":{"line":27,"column":20}},"loc":{"start":{"line":27,"column":25},"end":{"line":27,"column":40}},"line":27},"2":{"name":"(anonymous_2)","decl":{"start":{"line":47,"column":25},"end":{"line":47,"column":26}},"loc":{"start":{"line":47,"column":31},"end":{"line":47,"column":74}},"line":47},"3":{"name":"(anonymous_3)","decl":{"start":{"line":59,"column":25},"end":{"line":59,"column":26}},"loc":{"start":{"line":59,"column":31},"end":{"line":59,"column":61}},"line":59},"4":{"name":"(anonymous_4)","decl":{"start":{"line":78,"column":19},"end":{"line":78,"column":20}},"loc":{"start":{"line":78,"column":25},"end":{"line":78,"column":39}},"line":78}},"branchMap":{"0":{"loc":{"start":{"line":13,"column":2},"end":{"line":13,"column":21}},"type":"default-arg","locations":[{"start":{"line":13,"column":17},"end":{"line":13,"column":21}}],"line":13},"1":{"loc":{"start":{"line":24,"column":7},"end":{"line":30,"column":7}},"type":"binary-expr","locations":[{"start":{"line":24,"column":7},"end":{"line":24,"column":19}},{"start":{"line":25,"column":8},"end":{"line":29,"column":10}}],"line":24},"2":{"loc":{"start":{"line":44,"column":11},"end":{"line":68,"column":11}},"type":"binary-expr","locations":[{"start":{"line":44,"column":11},"end":{"line":44,"column":23}},{"start":{"line":44,"column":27},"end":{"line":44,"column":43}},{"start":{"line":45,"column":12},"end":{"line":67,"column":19}}],"line":44},"3":{"loc":{"start":{"line":69,"column":11},"end":{"line":73,"column":11}},"type":"binary-expr","locations":[{"start":{"line":69,"column":11},"end":{"line":69,"column":24}},{"start":{"line":70,"column":12},"end":{"line":72,"column":19}}],"line":69},"4":{"loc":{"start":{"line":76,"column":7},"end":{"line":86,"column":7}},"type":"binary-expr","locations":[{"start":{"line":76,"column":7},"end":{"line":76,"column":19}},{"start":{"line":76,"column":23},"end":{"line":76,"column":31}},{"start":{"line":77,"column":8},"end":{"line":85,"column":20}}],"line":76}},"s":{"0":3,"1":3,"2":3,"3":0,"4":1,"5":1,"6":1,"7":1},"f":{"0":3,"1":0,"2":1,"3":1,"4":1},"b":{"0":[2],"1":[3,2],"2":[3,2,1],"3":[3,1],"4":[3,2,1]},"_coverageSchema":"1a1c01bbd47fc00a2c39e90264f33305004495a9","hash":"ab62e29b6959b1107c4e4058a9dbd33a9dbbfa0e"}
,"/Users/linsuwei/code/Work/Temporarily-project-React Native + Expo/mei-mart-app/src/components/business/CartItemRow/CartItemRow.types.ts": {"path":"/Users/linsuwei/code/Work/Temporarily-project-React Native + Expo/mei-mart-app/src/components/business/CartItemRow/CartItemRow.types.ts","statementMap":{},"fnMap":{},"branchMap":{},"s":{},"f":{},"b":{}}
,"/Users/linsuwei/code/Work/Temporarily-project-React Native + Expo/mei-mart-app/src/components/business/CartItemRow/index.ts": {"path":"/Users/linsuwei/code/Work/Temporarily-project-React Native + Expo/mei-mart-app/src/components/business/CartItemRow/index.ts","statementMap":{},"fnMap":{},"branchMap":{},"s":{},"f":{},"b":{}}
,"/Users/linsuwei/code/Work/Temporarily-project-React Native + Expo/mei-mart-app/src/components/business/CategoryGrid/CategoryGrid.tsx": {"path":"/Users/linsuwei/code/Work/Temporarily-project-React Native + Expo/mei-mart-app/src/components/business/CategoryGrid/CategoryGrid.tsx","statementMap":{"0":{"start":{"line":13,"column":21},"end":{"line":13,"column":31}},"1":{"start":{"line":14,"column":58},"end":{"line":14,"column":60}},"2":{"start":{"line":15,"column":2},"end":{"line":17,"column":3}},"3":{"start":{"line":15,"column":15},"end":{"line":15,"column":16}},"4":{"start":{"line":16,"column":4},"end":{"line":16,"column":74}},"5":{"start":{"line":19,"column":2},"end":{"line":38,"column":4}},"6":{"start":{"line":25,"column":8},"end":{"line":35,"column":15}},"7":{"start":{"line":27,"column":12},"end":{"line":29,"column":19}},"8":{"start":{"line":33,"column":14},"end":{"line":33,"column":73}},"9":{"start":{"line":41,"column":15},"end":{"line":49,"column":2}}},"fnMap":{"0":{"name":"CategoryGrid","decl":{"start":{"line":6,"column":16},"end":{"line":6,"column":28}},"loc":{"start":{"line":12,"column":22},"end":{"line":39,"column":1}},"line":12},"1":{"name":"(anonymous_1)","decl":{"start":{"line":24,"column":16},"end":{"line":24,"column":17}},"loc":{"start":{"line":25,"column":8},"end":{"line":35,"column":15}},"line":25},"2":{"name":"(anonymous_2)","decl":{"start":{"line":26,"column":24},"end":{"line":26,"column":25}},"loc":{"start":{"line":27,"column":12},"end":{"line":29,"column":19}},"line":27},"3":{"name":"(anonymous_3)","decl":{"start":{"line":32,"column":66},"end":{"line":32,"column":67}},"loc":{"start":{"line":33,"column":14},"end":{"line":33,"column":73}},"line":33}},"branchMap":{"0":{"loc":{"start":{"line":8,"column":2},"end":{"line":8,"column":13}},"type":"default-arg","locations":[{"start":{"line":8,"column":12},"end":{"line":8,"column":13}}],"line":8},"1":{"loc":{"start":{"line":9,"column":2},"end":{"line":9,"column":17}},"type":"default-arg","locations":[{"start":{"line":9,"column":13},"end":{"line":9,"column":17}}],"line":9},"2":{"loc":{"start":{"line":31,"column":11},"end":{"line":34,"column":14}},"type":"binary-expr","locations":[{"start":{"line":31,"column":11},"end":{"line":31,"column":36}},{"start":{"line":32,"column":12},"end":{"line":34,"column":14}}],"line":31}},"s":{"0":2,"1":2,"2":2,"3":2,"4":3,"5":2,"6":3,"7":8,"8":0,"9":1},"f":{"0":2,"1":3,"2":8,"3":0},"b":{"0":[1],"1":[2],"2":[3,0]},"_coverageSchema":"1a1c01bbd47fc00a2c39e90264f33305004495a9","hash":"da6a84505b5b0a26744c46b97a4f06c3a5ab5bde"}
,"/Users/linsuwei/code/Work/Temporarily-project-React Native + Expo/mei-mart-app/src/components/business/CategoryGrid/CategoryGrid.types.ts": {"path":"/Users/linsuwei/code/Work/Temporarily-project-React Native + Expo/mei-mart-app/src/components/business/CategoryGrid/CategoryGrid.types.ts","statementMap":{},"fnMap":{},"branchMap":{},"s":{},"f":{},"b":{}}
,"/Users/linsuwei/code/Work/Temporarily-project-React Native + Expo/mei-mart-app/src/components/business/CategoryGrid/index.ts": {"path":"/Users/linsuwei/code/Work/Temporarily-project-React Native + Expo/mei-mart-app/src/components/business/CategoryGrid/index.ts","statementMap":{},"fnMap":{},"branchMap":{},"s":{},"f":{},"b":{}}
,"/Users/linsuwei/code/Work/Temporarily-project-React Native + Expo/mei-mart-app/src/components/business/CategoryItem/CategoryItem.tsx": {"path":"/Users/linsuwei/code/Work/Temporarily-project-React Native + Expo/mei-mart-app/src/components/business/CategoryItem/CategoryItem.tsx","statementMap":{"0":{"start":{"line":6,"column":17},"end":{"line":10,"column":10}},"1":{"start":{"line":13,"column":21},"end":{"line":13,"column":31}},"2":{"start":{"line":14,"column":15},"end":{"line":14,"column":29}},"3":{"start":{"line":16,"column":2},"end":{"line":52,"column":4}},"4":{"start":{"line":19,"column":30},"end":{"line":19,"column":75}},"5":{"start":{"line":20,"column":31},"end":{"line":20,"column":48}},"6":{"start":{"line":55,"column":15},"end":{"line":71,"column":2}}},"fnMap":{"0":{"name":"CategoryItem","decl":{"start":{"line":12,"column":16},"end":{"line":12,"column":28}},"loc":{"start":{"line":12,"column":92},"end":{"line":53,"column":1}},"line":12},"1":{"name":"(anonymous_1)","decl":{"start":{"line":19,"column":13},"end":{"line":19,"column":14}},"loc":{"start":{"line":19,"column":30},"end":{"line":19,"column":75}},"line":19},"2":{"name":"(anonymous_2)","decl":{"start":{"line":20,"column":25},"end":{"line":20,"column":26}},"loc":{"start":{"line":20,"column":31},"end":{"line":20,"column":48}},"line":20}},"branchMap":{"0":{"loc":{"start":{"line":12,"column":41},"end":{"line":12,"column":52}},"type":"default-arg","locations":[{"start":{"line":12,"column":48},"end":{"line":12,"column":52}}],"line":12},"1":{"loc":{"start":{"line":19,"column":49},"end":{"line":19,"column":74}},"type":"binary-expr","locations":[{"start":{"line":19,"column":49},"end":{"line":19,"column":56}},{"start":{"line":19,"column":60},"end":{"line":19,"column":74}}],"line":19},"2":{"loc":{"start":{"line":20,"column":15},"end":{"line":20,"column":60}},"type":"cond-expr","locations":[{"start":{"line":20,"column":25},"end":{"line":20,"column":48}},{"start":{"line":20,"column":51},"end":{"line":20,"column":60}}],"line":20},"3":{"loc":{"start":{"line":36,"column":16},"end":{"line":36,"column":47}},"type":"binary-expr","locations":[{"start":{"line":36,"column":17},"end":{"line":36,"column":37}},{"start":{"line":36,"column":42},"end":{"line":36,"column":47}}],"line":36}},"s":{"0":2,"1":10,"2":10,"3":10,"4":10,"5":1,"6":2},"f":{"0":10,"1":10,"2":1},"b":{"0":[2],"1":[10,0],"2":[1,9],"3":[10,0]},"_coverageSchema":"1a1c01bbd47fc00a2c39e90264f33305004495a9","hash":"dd16f3e08c60354fd37133e5321c576cccf3da1f"}
,"/Users/linsuwei/code/Work/Temporarily-project-React Native + Expo/mei-mart-app/src/components/business/CategoryItem/CategoryItem.types.ts": {"path":"/Users/linsuwei/code/Work/Temporarily-project-React Native + Expo/mei-mart-app/src/components/business/CategoryItem/CategoryItem.types.ts","statementMap":{},"fnMap":{},"branchMap":{},"s":{},"f":{},"b":{}}
,"/Users/linsuwei/code/Work/Temporarily-project-React Native + Expo/mei-mart-app/src/components/business/CategoryItem/index.ts": {"path":"/Users/linsuwei/code/Work/Temporarily-project-React Native + Expo/mei-mart-app/src/components/business/CategoryItem/index.ts","statementMap":{},"fnMap":{},"branchMap":{},"s":{},"f":{},"b":{},"_coverageSchema":"1a1c01bbd47fc00a2c39e90264f33305004495a9","hash":"b1b2d898b6a732072705769136b80e073333b2fe"}
,"/Users/linsuwei/code/Work/Temporarily-project-React Native + Expo/mei-mart-app/src/components/business/CouponCard/CouponCard.tsx": {"path":"/Users/linsuwei/code/Work/Temporarily-project-React Native + Expo/mei-mart-app/src/components/business/CouponCard/CouponCard.tsx","statementMap":{"0":{"start":{"line":7,"column":21},"end":{"line":7,"column":31}},"1":{"start":{"line":9,"column":4},"end":{"line":9,"column":87}},"2":{"start":{"line":10,"column":18},"end":{"line":10,"column":74}},"3":{"start":{"line":12,"column":2},"end":{"line":68,"column":4}},"4":{"start":{"line":15,"column":30},"end":{"line":22,"column":7}},"5":{"start":{"line":23,"column":31},"end":{"line":23,"column":46}},"6":{"start":{"line":64,"column":74},"end":{"line":64,"column":87}},"7":{"start":{"line":71,"column":15},"end":{"line":102,"column":2}}},"fnMap":{"0":{"name":"CouponCard","decl":{"start":{"line":6,"column":16},"end":{"line":6,"column":26}},"loc":{"start":{"line":6,"column":80},"end":{"line":69,"column":1}},"line":6},"1":{"name":"(anonymous_1)","decl":{"start":{"line":15,"column":13},"end":{"line":15,"column":14}},"loc":{"start":{"line":15,"column":30},"end":{"line":22,"column":7}},"line":15},"2":{"name":"(anonymous_2)","decl":{"start":{"line":23,"column":25},"end":{"line":23,"column":26}},"loc":{"start":{"line":23,"column":31},"end":{"line":23,"column":46}},"line":23},"3":{"name":"(anonymous_3)","decl":{"start":{"line":64,"column":68},"end":{"line":64,"column":69}},"loc":{"start":{"line":64,"column":74},"end":{"line":64,"column":87}},"line":64}},"branchMap":{"0":{"loc":{"start":{"line":9,"column":4},"end":{"line":9,"column":87}},"type":"cond-expr","locations":[{"start":{"line":9,"column":35},"end":{"line":9,"column":60}},{"start":{"line":9,"column":63},"end":{"line":9,"column":87}}],"line":9},"1":{"loc":{"start":{"line":10,"column":18},"end":{"line":10,"column":74}},"type":"binary-expr","locations":[{"start":{"line":10,"column":18},"end":{"line":10,"column":58}},{"start":{"line":10,"column":62},"end":{"line":10,"column":74}}],"line":10},"2":{"loc":{"start":{"line":18,"column":27},"end":{"line":18,"column":99}},"type":"cond-expr","locations":[{"start":{"line":18,"column":37},"end":{"line":18,"column":64}},{"start":{"line":18,"column":67},"end":{"line":18,"column":99}}],"line":18},"3":{"loc":{"start":{"line":19,"column":23},"end":{"line":19,"column":75}},"type":"cond-expr","locations":[{"start":{"line":19,"column":33},"end":{"line":19,"column":47}},{"start":{"line":19,"column":50},"end":{"line":19,"column":75}}],"line":19},"4":{"loc":{"start":{"line":21,"column":8},"end":{"line":21,"column":33}},"type":"binary-expr","locations":[{"start":{"line":21,"column":8},"end":{"line":21,"column":15}},{"start":{"line":21,"column":19},"end":{"line":21,"column":33}}],"line":21},"5":{"loc":{"start":{"line":23,"column":15},"end":{"line":23,"column":58}},"type":"cond-expr","locations":[{"start":{"line":23,"column":25},"end":{"line":23,"column":46}},{"start":{"line":23,"column":49},"end":{"line":23,"column":58}}],"line":23},"6":{"loc":{"start":{"line":31,"column":21},"end":{"line":31,"column":76}},"type":"cond-expr","locations":[{"start":{"line":31,"column":31},"end":{"line":31,"column":45}},{"start":{"line":31,"column":48},"end":{"line":31,"column":76}}],"line":31},"7":{"loc":{"start":{"line":44,"column":31},"end":{"line":44,"column":83}},"type":"cond-expr","locations":[{"start":{"line":44,"column":41},"end":{"line":44,"column":55}},{"start":{"line":44,"column":58},"end":{"line":44,"column":83}}],"line":44},"8":{"loc":{"start":{"line":58,"column":9},"end":{"line":62,"column":9}},"type":"binary-expr","locations":[{"start":{"line":58,"column":9},"end":{"line":58,"column":20}},{"start":{"line":59,"column":10},"end":{"line":61,"column":17}}],"line":58},"9":{"loc":{"start":{"line":63,"column":9},"end":{"line":65,"column":9}},"type":"binary-expr","locations":[{"start":{"line":63,"column":9},"end":{"line":63,"column":21}},{"start":{"line":63,"column":25},"end":{"line":63,"column":30}},{"start":{"line":63,"column":34},"end":{"line":63,"column":41}},{"start":{"line":64,"column":10},"end":{"line":64,"column":91}}],"line":63}},"s":{"0":2,"1":2,"2":2,"3":2,"4":2,"5":0,"6":1,"7":1},"f":{"0":2,"1":2,"2":0,"3":1},"b":{"0":[2,0],"1":[2,2],"2":[2,0],"3":[2,0],"4":[2,0],"5":[0,2],"6":[2,0],"7":[2,0],"8":[2,0],"9":[2,2,1,1]},"_coverageSchema":"1a1c01bbd47fc00a2c39e90264f33305004495a9","hash":"8d8feb95b867c352a653bade3414aa1ee0a6b917"}
,"/Users/linsuwei/code/Work/Temporarily-project-React Native + Expo/mei-mart-app/src/components/business/CouponCard/CouponCard.types.ts": {"path":"/Users/linsuwei/code/Work/Temporarily-project-React Native + Expo/mei-mart-app/src/components/business/CouponCard/CouponCard.types.ts","statementMap":{},"fnMap":{},"branchMap":{},"s":{},"f":{},"b":{}}
,"/Users/linsuwei/code/Work/Temporarily-project-React Native + Expo/mei-mart-app/src/components/business/CouponCard/index.ts": {"path":"/Users/linsuwei/code/Work/Temporarily-project-React Native + Expo/mei-mart-app/src/components/business/CouponCard/index.ts","statementMap":{},"fnMap":{},"branchMap":{},"s":{},"f":{},"b":{}}
,"/Users/linsuwei/code/Work/Temporarily-project-React Native + Expo/mei-mart-app/src/components/business/NotificationItem/NotificationItem.tsx": {"path":"/Users/linsuwei/code/Work/Temporarily-project-React Native + Expo/mei-mart-app/src/components/business/NotificationItem/NotificationItem.tsx","statementMap":{"0":{"start":{"line":6,"column":70},"end":{"line":10,"column":1}},"1":{"start":{"line":13,"column":21},"end":{"line":13,"column":31}},"2":{"start":{"line":14,"column":29},"end":{"line":14,"column":77}},"3":{"start":{"line":15,"column":20},"end":{"line":15,"column":77}},"4":{"start":{"line":17,"column":2},"end":{"line":62,"column":4}},"5":{"start":{"line":20,"column":30},"end":{"line":24,"column":7}},"6":{"start":{"line":25,"column":31},"end":{"line":25,"column":52}},"7":{"start":{"line":65,"column":15},"end":{"line":82,"column":2}}},"fnMap":{"0":{"name":"NotificationItem","decl":{"start":{"line":12,"column":16},"end":{"line":12,"column":32}},"loc":{"start":{"line":12,"column":91},"end":{"line":63,"column":1}},"line":12},"1":{"name":"(anonymous_1)","decl":{"start":{"line":20,"column":13},"end":{"line":20,"column":14}},"loc":{"start":{"line":20,"column":30},"end":{"line":24,"column":7}},"line":20},"2":{"name":"(anonymous_2)","decl":{"start":{"line":25,"column":25},"end":{"line":25,"column":26}},"loc":{"start":{"line":25,"column":31},"end":{"line":25,"column":52}},"line":25}},"branchMap":{"0":{"loc":{"start":{"line":14,"column":29},"end":{"line":14,"column":77}},"type":"binary-expr","locations":[{"start":{"line":14,"column":29},"end":{"line":14,"column":57}},{"start":{"line":14,"column":61},"end":{"line":14,"column":77}}],"line":14},"1":{"loc":{"start":{"line":15,"column":20},"end":{"line":15,"column":77}},"type":"binary-expr","locations":[{"start":{"line":15,"column":20},"end":{"line":15,"column":59}},{"start":{"line":15,"column":63},"end":{"line":15,"column":77}}],"line":15},"2":{"loc":{"start":{"line":23,"column":8},"end":{"line":23,"column":33}},"type":"binary-expr","locations":[{"start":{"line":23,"column":8},"end":{"line":23,"column":15}},{"start":{"line":23,"column":19},"end":{"line":23,"column":33}}],"line":23},"3":{"loc":{"start":{"line":25,"column":15},"end":{"line":25,"column":64}},"type":"cond-expr","locations":[{"start":{"line":25,"column":25},"end":{"line":25,"column":52}},{"start":{"line":25,"column":55},"end":{"line":25,"column":64}}],"line":25},"4":{"loc":{"start":{"line":43,"column":14},"end":{"line":43,"column":54}},"type":"binary-expr","locations":[{"start":{"line":43,"column":14},"end":{"line":43,"column":32}},{"start":{"line":43,"column":36},"end":{"line":43,"column":54}}],"line":43},"5":{"loc":{"start":{"line":49,"column":11},"end":{"line":49,"column":97}},"type":"binary-expr","locations":[{"start":{"line":49,"column":11},"end":{"line":49,"column":29}},{"start":{"line":49,"column":33},"end":{"line":49,"column":97}}],"line":49}},"s":{"0":1,"1":1,"2":1,"3":1,"4":1,"5":1,"6":0,"7":1},"f":{"0":1,"1":1,"2":0},"b":{"0":[1,0],"1":[1,0],"2":[1,0],"3":[0,1],"4":[1,1],"5":[1,1]},"_coverageSchema":"1a1c01bbd47fc00a2c39e90264f33305004495a9","hash":"28ce04fdae9525479541bd66666098f74b4a1c12"}
,"/Users/linsuwei/code/Work/Temporarily-project-React Native + Expo/mei-mart-app/src/components/business/NotificationItem/NotificationItem.types.ts": {"path":"/Users/linsuwei/code/Work/Temporarily-project-React Native + Expo/mei-mart-app/src/components/business/NotificationItem/NotificationItem.types.ts","statementMap":{},"fnMap":{},"branchMap":{},"s":{},"f":{},"b":{}}
,"/Users/linsuwei/code/Work/Temporarily-project-React Native + Expo/mei-mart-app/src/components/business/NotificationItem/index.ts": {"path":"/Users/linsuwei/code/Work/Temporarily-project-React Native + Expo/mei-mart-app/src/components/business/NotificationItem/index.ts","statementMap":{},"fnMap":{},"branchMap":{},"s":{},"f":{},"b":{}}
,"/Users/linsuwei/code/Work/Temporarily-project-React Native + Expo/mei-mart-app/src/components/business/OrderCard/OrderCard.tsx": {"path":"/Users/linsuwei/code/Work/Temporarily-project-React Native + Expo/mei-mart-app/src/components/business/OrderCard/OrderCard.tsx","statementMap":{"0":{"start":{"line":9,"column":45},"end":{"line":16,"column":1}},"1":{"start":{"line":18,"column":84},"end":{"line":31,"column":1}},"2":{"start":{"line":34,"column":21},"end":{"line":34,"column":31}},"3":{"start":{"line":35,"column":25},"end":{"line":35,"column":51}},"4":{"start":{"line":37,"column":4},"end":{"line":39,"column":85}},"5":{"start":{"line":40,"column":18},"end":{"line":40,"column":55}},"6":{"start":{"line":42,"column":2},"end":{"line":93,"column":4}},"7":{"start":{"line":45,"column":30},"end":{"line":49,"column":7}},"8":{"start":{"line":50,"column":31},"end":{"line":50,"column":45}},"9":{"start":{"line":67,"column":10},"end":{"line":67,"column":51}},"10":{"start":{"line":82,"column":12},"end":{"line":88,"column":14}},"11":{"start":{"line":87,"column":29},"end":{"line":87,"column":52}},"12":{"start":{"line":96,"column":15},"end":{"line":122,"column":2}}},"fnMap":{"0":{"name":"OrderCard","decl":{"start":{"line":33,"column":16},"end":{"line":33,"column":25}},"loc":{"start":{"line":33,"column":80},"end":{"line":94,"column":1}},"line":33},"1":{"name":"(anonymous_1)","decl":{"start":{"line":45,"column":13},"end":{"line":45,"column":14}},"loc":{"start":{"line":45,"column":30},"end":{"line":49,"column":7}},"line":45},"2":{"name":"(anonymous_2)","decl":{"start":{"line":50,"column":25},"end":{"line":50,"column":26}},"loc":{"start":{"line":50,"column":31},"end":{"line":50,"column":45}},"line":50},"3":{"name":"(anonymous_3)","decl":{"start":{"line":66,"column":37},"end":{"line":66,"column":38}},"loc":{"start":{"line":67,"column":10},"end":{"line":67,"column":51}},"line":67},"4":{"name":"(anonymous_4)","decl":{"start":{"line":81,"column":23},"end":{"line":81,"column":24}},"loc":{"start":{"line":82,"column":12},"end":{"line":88,"column":14}},"line":82},"5":{"name":"(anonymous_5)","decl":{"start":{"line":87,"column":23},"end":{"line":87,"column":24}},"loc":{"start":{"line":87,"column":29},"end":{"line":87,"column":52}},"line":87}},"branchMap":{"0":{"loc":{"start":{"line":37,"column":4},"end":{"line":39,"column":85}},"type":"cond-expr","locations":[{"start":{"line":38,"column":8},"end":{"line":38,"column":31}},{"start":{"line":39,"column":9},"end":{"line":39,"column":84}}],"line":37},"1":{"loc":{"start":{"line":39,"column":9},"end":{"line":39,"column":84}},"type":"binary-expr","locations":[{"start":{"line":39,"column":10},"end":{"line":39,"column":65}},{"start":{"line":39,"column":70},"end":{"line":39,"column":84}}],"line":39},"2":{"loc":{"start":{"line":40,"column":18},"end":{"line":40,"column":55}},"type":"binary-expr","locations":[{"start":{"line":40,"column":18},"end":{"line":40,"column":49}},{"start":{"line":40,"column":53},"end":{"line":40,"column":55}}],"line":40},"3":{"loc":{"start":{"line":48,"column":8},"end":{"line":48,"column":33}},"type":"binary-expr","locations":[{"start":{"line":48,"column":8},"end":{"line":48,"column":15}},{"start":{"line":48,"column":19},"end":{"line":48,"column":33}}],"line":48},"4":{"loc":{"start":{"line":50,"column":15},"end":{"line":50,"column":57}},"type":"cond-expr","locations":[{"start":{"line":50,"column":25},"end":{"line":50,"column":45}},{"start":{"line":50,"column":48},"end":{"line":50,"column":57}}],"line":50},"5":{"loc":{"start":{"line":69,"column":9},"end":{"line":73,"column":9}},"type":"binary-expr","locations":[{"start":{"line":69,"column":9},"end":{"line":69,"column":31}},{"start":{"line":70,"column":10},"end":{"line":72,"column":17}}],"line":69},"6":{"loc":{"start":{"line":79,"column":7},"end":{"line":91,"column":7}},"type":"binary-expr","locations":[{"start":{"line":79,"column":7},"end":{"line":79,"column":25}},{"start":{"line":79,"column":29},"end":{"line":79,"column":37}},{"start":{"line":80,"column":8},"end":{"line":90,"column":15}}],"line":79},"7":{"loc":{"start":{"line":85,"column":23},"end":{"line":85,"column":63}},"type":"cond-expr","locations":[{"start":{"line":85,"column":42},"end":{"line":85,"column":51}},{"start":{"line":85,"column":54},"end":{"line":85,"column":63}}],"line":85}},"s":{"0":1,"1":1,"2":2,"3":2,"4":2,"5":2,"6":2,"7":2,"8":0,"9":2,"10":2,"11":1,"12":1},"f":{"0":2,"1":2,"2":0,"3":2,"4":2,"5":1},"b":{"0":[0,2],"1":[2,0],"2":[2,0],"3":[2,0],"4":[0,2],"5":[2,0],"6":[2,2,1],"7":[1,1]},"_coverageSchema":"1a1c01bbd47fc00a2c39e90264f33305004495a9","hash":"6a9b1b38263a8e4aa1b26179998e8cb9822c51db"}
,"/Users/linsuwei/code/Work/Temporarily-project-React Native + Expo/mei-mart-app/src/components/business/OrderCard/OrderCard.types.ts": {"path":"/Users/linsuwei/code/Work/Temporarily-project-React Native + Expo/mei-mart-app/src/components/business/OrderCard/OrderCard.types.ts","statementMap":{"0":{"start":{"line":12,"column":63},"end":{"line":19,"column":1}}},"fnMap":{},"branchMap":{},"s":{"0":1},"f":{},"b":{},"_coverageSchema":"1a1c01bbd47fc00a2c39e90264f33305004495a9","hash":"51083d1ac363202c526058e1ff4dbbacc9da7fc8"}
,"/Users/linsuwei/code/Work/Temporarily-project-React Native + Expo/mei-mart-app/src/components/business/OrderCard/index.ts": {"path":"/Users/linsuwei/code/Work/Temporarily-project-React Native + Expo/mei-mart-app/src/components/business/OrderCard/index.ts","statementMap":{},"fnMap":{},"branchMap":{},"s":{},"f":{},"b":{}}
,"/Users/linsuwei/code/Work/Temporarily-project-React Native + Expo/mei-mart-app/src/components/business/ProductCard/ProductCard.tsx": {"path":"/Users/linsuwei/code/Work/Temporarily-project-React Native + Expo/mei-mart-app/src/components/business/ProductCard/ProductCard.tsx","statementMap":{"0":{"start":{"line":10,"column":21},"end":{"line":10,"column":31}},"1":{"start":{"line":12,"column":2},"end":{"line":60,"column":4}},"2":{"start":{"line":15,"column":30},"end":{"line":22,"column":7}},"3":{"start":{"line":23,"column":31},"end":{"line":23,"column":47}},"4":{"start":{"line":54,"column":27},"end":{"line":54,"column":47}},"5":{"start":{"line":63,"column":15},"end":{"line":90,"column":2}}},"fnMap":{"0":{"name":"ProductCard","decl":{"start":{"line":9,"column":16},"end":{"line":9,"column":27}},"loc":{"start":{"line":9,"column":89},"end":{"line":61,"column":1}},"line":9},"1":{"name":"(anonymous_1)","decl":{"start":{"line":15,"column":13},"end":{"line":15,"column":14}},"loc":{"start":{"line":15,"column":30},"end":{"line":22,"column":7}},"line":15},"2":{"name":"(anonymous_2)","decl":{"start":{"line":23,"column":25},"end":{"line":23,"column":26}},"loc":{"start":{"line":23,"column":31},"end":{"line":23,"column":47}},"line":23},"3":{"name":"(anonymous_3)","decl":{"start":{"line":54,"column":21},"end":{"line":54,"column":22}},"loc":{"start":{"line":54,"column":27},"end":{"line":54,"column":47}},"line":54}},"branchMap":{"0":{"loc":{"start":{"line":21,"column":8},"end":{"line":21,"column":33}},"type":"binary-expr","locations":[{"start":{"line":21,"column":8},"end":{"line":21,"column":15}},{"start":{"line":21,"column":19},"end":{"line":21,"column":33}}],"line":21},"1":{"loc":{"start":{"line":23,"column":15},"end":{"line":23,"column":59}},"type":"cond-expr","locations":[{"start":{"line":23,"column":25},"end":{"line":23,"column":47}},{"start":{"line":23,"column":50},"end":{"line":23,"column":59}}],"line":23},"2":{"loc":{"start":{"line":36,"column":9},"end":{"line":48,"column":9}},"type":"binary-expr","locations":[{"start":{"line":36,"column":9},"end":{"line":36,"column":43}},{"start":{"line":37,"column":10},"end":{"line":47,"column":17}}],"line":36},"3":{"loc":{"start":{"line":42,"column":13},"end":{"line":46,"column":13}},"type":"binary-expr","locations":[{"start":{"line":42,"column":13},"end":{"line":42,"column":51}},{"start":{"line":43,"column":14},"end":{"line":45,"column":21}}],"line":42},"4":{"loc":{"start":{"line":49,"column":9},"end":{"line":57,"column":9}},"type":"binary-expr","locations":[{"start":{"line":49,"column":9},"end":{"line":49,"column":20}},{"start":{"line":50,"column":10},"end":{"line":56,"column":12}}],"line":49}},"s":{"0":4,"1":4,"2":4,"3":1,"4":1,"5":1},"f":{"0":4,"1":4,"2":1,"3":1},"b":{"0":[4,0],"1":[1,3],"2":[4,4],"3":[4,4],"4":[4,1]},"_coverageSchema":"1a1c01bbd47fc00a2c39e90264f33305004495a9","hash":"69adf393c26ab160f53b72dbab550cabfb76269d"}
,"/Users/linsuwei/code/Work/Temporarily-project-React Native + Expo/mei-mart-app/src/components/business/ProductCard/ProductCard.types.ts": {"path":"/Users/linsuwei/code/Work/Temporarily-project-React Native + Expo/mei-mart-app/src/components/business/ProductCard/ProductCard.types.ts","statementMap":{},"fnMap":{},"branchMap":{},"s":{},"f":{},"b":{}}
,"/Users/linsuwei/code/Work/Temporarily-project-React Native + Expo/mei-mart-app/src/components/business/ProductCard/index.ts": {"path":"/Users/linsuwei/code/Work/Temporarily-project-React Native + Expo/mei-mart-app/src/components/business/ProductCard/index.ts","statementMap":{},"fnMap":{},"branchMap":{},"s":{},"f":{},"b":{}}
,"/Users/linsuwei/code/Work/Temporarily-project-React Native + Expo/mei-mart-app/src/components/business/ProductItem/ProductItem.tsx": {"path":"/Users/linsuwei/code/Work/Temporarily-project-React Native + Expo/mei-mart-app/src/components/business/ProductItem/ProductItem.tsx","statementMap":{"0":{"start":{"line":7,"column":21},"end":{"line":7,"column":31}},"1":{"start":{"line":8,"column":32},"end":{"line":8,"column":36}},"2":{"start":{"line":10,"column":2},"end":{"line":44,"column":4}},"3":{"start":{"line":13,"column":30},"end":{"line":17,"column":7}},"4":{"start":{"line":18,"column":31},"end":{"line":18,"column":44}},"5":{"start":{"line":47,"column":15},"end":{"line":62,"column":2}}},"fnMap":{"0":{"name":"ProductItem","decl":{"start":{"line":6,"column":16},"end":{"line":6,"column":27}},"loc":{"start":{"line":6,"column":73},"end":{"line":45,"column":1}},"line":6},"1":{"name":"(anonymous_1)","decl":{"start":{"line":13,"column":13},"end":{"line":13,"column":14}},"loc":{"start":{"line":13,"column":30},"end":{"line":17,"column":7}},"line":13},"2":{"name":"(anonymous_2)","decl":{"start":{"line":18,"column":25},"end":{"line":18,"column":26}},"loc":{"start":{"line":18,"column":31},"end":{"line":18,"column":44}},"line":18}},"branchMap":{"0":{"loc":{"start":{"line":16,"column":8},"end":{"line":16,"column":33}},"type":"binary-expr","locations":[{"start":{"line":16,"column":8},"end":{"line":16,"column":15}},{"start":{"line":16,"column":19},"end":{"line":16,"column":33}}],"line":16},"1":{"loc":{"start":{"line":18,"column":15},"end":{"line":18,"column":56}},"type":"cond-expr","locations":[{"start":{"line":18,"column":25},"end":{"line":18,"column":44}},{"start":{"line":18,"column":47},"end":{"line":18,"column":56}}],"line":18}},"s":{"0":4,"1":4,"2":4,"3":4,"4":1,"5":2},"f":{"0":4,"1":4,"2":1},"b":{"0":[4,0],"1":[1,3]},"_coverageSchema":"1a1c01bbd47fc00a2c39e90264f33305004495a9","hash":"8b87cd59b10a27bf07be707dadcfad5af03ad6f0"}
,"/Users/linsuwei/code/Work/Temporarily-project-React Native + Expo/mei-mart-app/src/components/business/ProductItem/ProductItem.types.ts": {"path":"/Users/linsuwei/code/Work/Temporarily-project-React Native + Expo/mei-mart-app/src/components/business/ProductItem/ProductItem.types.ts","statementMap":{},"fnMap":{},"branchMap":{},"s":{},"f":{},"b":{}}
,"/Users/linsuwei/code/Work/Temporarily-project-React Native + Expo/mei-mart-app/src/components/business/ProductItem/index.ts": {"path":"/Users/linsuwei/code/Work/Temporarily-project-React Native + Expo/mei-mart-app/src/components/business/ProductItem/index.ts","statementMap":{},"fnMap":{},"branchMap":{},"s":{},"f":{},"b":{},"_coverageSchema":"1a1c01bbd47fc00a2c39e90264f33305004495a9","hash":"918088aaa271894a31194ad971a777c0e3116073"}
,"/Users/linsuwei/code/Work/Temporarily-project-React Native + Expo/mei-mart-app/src/components/business/PromoShortcut/PromoShortcut.tsx": {"path":"/Users/linsuwei/code/Work/Temporarily-project-React Native + Expo/mei-mart-app/src/components/business/PromoShortcut/PromoShortcut.tsx","statementMap":{"0":{"start":{"line":7,"column":21},"end":{"line":7,"column":31}},"1":{"start":{"line":9,"column":2},"end":{"line":40,"column":4}},"2":{"start":{"line":12,"column":8},"end":{"line":37,"column":20}},"3":{"start":{"line":14,"column":34},"end":{"line":18,"column":11}},"4":{"start":{"line":19,"column":35},"end":{"line":19,"column":48}},"5":{"start":{"line":43,"column":15},"end":{"line":56,"column":2}}},"fnMap":{"0":{"name":"PromoShortcut","decl":{"start":{"line":6,"column":16},"end":{"line":6,"column":29}},"loc":{"start":{"line":6,"column":78},"end":{"line":41,"column":1}},"line":6},"1":{"name":"(anonymous_1)","decl":{"start":{"line":11,"column":17},"end":{"line":11,"column":18}},"loc":{"start":{"line":12,"column":8},"end":{"line":37,"column":20}},"line":12},"2":{"name":"(anonymous_2)","decl":{"start":{"line":14,"column":17},"end":{"line":14,"column":18}},"loc":{"start":{"line":14,"column":34},"end":{"line":18,"column":11}},"line":14},"3":{"name":"(anonymous_3)","decl":{"start":{"line":19,"column":29},"end":{"line":19,"column":30}},"loc":{"start":{"line":19,"column":35},"end":{"line":19,"column":48}},"line":19}},"branchMap":{"0":{"loc":{"start":{"line":17,"column":12},"end":{"line":17,"column":37}},"type":"binary-expr","locations":[{"start":{"line":17,"column":12},"end":{"line":17,"column":19}},{"start":{"line":17,"column":23},"end":{"line":17,"column":37}}],"line":17},"1":{"loc":{"start":{"line":19,"column":19},"end":{"line":19,"column":60}},"type":"cond-expr","locations":[{"start":{"line":19,"column":29},"end":{"line":19,"column":48}},{"start":{"line":19,"column":51},"end":{"line":19,"column":60}}],"line":19}},"s":{"0":1,"1":1,"2":3,"3":3,"4":0,"5":1},"f":{"0":1,"1":3,"2":3,"3":0},"b":{"0":[3,0],"1":[0,3]},"_coverageSchema":"1a1c01bbd47fc00a2c39e90264f33305004495a9","hash":"70c74d83346df9b5be442cf208b02ea10287441f"}
,"/Users/linsuwei/code/Work/Temporarily-project-React Native + Expo/mei-mart-app/src/components/business/PromoShortcut/PromoShortcut.types.ts": {"path":"/Users/linsuwei/code/Work/Temporarily-project-React Native + Expo/mei-mart-app/src/components/business/PromoShortcut/PromoShortcut.types.ts","statementMap":{},"fnMap":{},"branchMap":{},"s":{},"f":{},"b":{}}
,"/Users/linsuwei/code/Work/Temporarily-project-React Native + Expo/mei-mart-app/src/components/business/PromoShortcut/index.ts": {"path":"/Users/linsuwei/code/Work/Temporarily-project-React Native + Expo/mei-mart-app/src/components/business/PromoShortcut/index.ts","statementMap":{},"fnMap":{},"branchMap":{},"s":{},"f":{},"b":{}}
,"/Users/linsuwei/code/Work/Temporarily-project-React Native + Expo/mei-mart-app/src/components/business/ReviewItem/ReviewItem.tsx": {"path":"/Users/linsuwei/code/Work/Temporarily-project-React Native + Expo/mei-mart-app/src/components/business/ReviewItem/ReviewItem.tsx","statementMap":{"0":{"start":{"line":7,"column":21},"end":{"line":7,"column":31}},"1":{"start":{"line":8,"column":2},"end":{"line":64,"column":4}},"2":{"start":{"line":11,"column":30},"end":{"line":15,"column":7}},"3":{"start":{"line":16,"column":31},"end":{"line":16,"column":46}},"4":{"start":{"line":37,"column":14},"end":{"line":42,"column":16}},"5":{"start":{"line":54,"column":12},"end":{"line":59,"column":14}},"6":{"start":{"line":67,"column":15},"end":{"line":82,"column":2}}},"fnMap":{"0":{"name":"ReviewItem","decl":{"start":{"line":6,"column":16},"end":{"line":6,"column":26}},"loc":{"start":{"line":6,"column":73},"end":{"line":65,"column":1}},"line":6},"1":{"name":"(anonymous_1)","decl":{"start":{"line":11,"column":13},"end":{"line":11,"column":14}},"loc":{"start":{"line":11,"column":30},"end":{"line":15,"column":7}},"line":11},"2":{"name":"(anonymous_2)","decl":{"start":{"line":16,"column":25},"end":{"line":16,"column":26}},"loc":{"start":{"line":16,"column":31},"end":{"line":16,"column":46}},"line":16},"3":{"name":"(anonymous_3)","decl":{"start":{"line":36,"column":33},"end":{"line":36,"column":34}},"loc":{"start":{"line":37,"column":14},"end":{"line":42,"column":16}},"line":37},"4":{"name":"(anonymous_4)","decl":{"start":{"line":53,"column":41},"end":{"line":53,"column":42}},"loc":{"start":{"line":54,"column":12},"end":{"line":59,"column":14}},"line":54}},"branchMap":{"0":{"loc":{"start":{"line":14,"column":8},"end":{"line":14,"column":33}},"type":"binary-expr","locations":[{"start":{"line":14,"column":8},"end":{"line":14,"column":15}},{"start":{"line":14,"column":19},"end":{"line":14,"column":33}}],"line":14},"1":{"loc":{"start":{"line":16,"column":15},"end":{"line":16,"column":58}},"type":"cond-expr","locations":[{"start":{"line":16,"column":25},"end":{"line":16,"column":46}},{"start":{"line":16,"column":49},"end":{"line":16,"column":58}}],"line":16},"2":{"loc":{"start":{"line":39,"column":22},"end":{"line":39,"column":81}},"type":"cond-expr","locations":[{"start":{"line":39,"column":58},"end":{"line":39,"column":64}},{"start":{"line":39,"column":67},"end":{"line":39,"column":81}}],"line":39},"3":{"loc":{"start":{"line":51,"column":7},"end":{"line":62,"column":7}},"type":"binary-expr","locations":[{"start":{"line":51,"column":7},"end":{"line":51,"column":20}},{"start":{"line":51,"column":24},"end":{"line":51,"column":48}},{"start":{"line":52,"column":8},"end":{"line":61,"column":15}}],"line":51}},"s":{"0":1,"1":1,"2":1,"3":0,"4":5,"5":0,"6":1},"f":{"0":1,"1":1,"2":0,"3":5,"4":0},"b":{"0":[1,0],"1":[0,1],"2":[4,1],"3":[1,0,0]},"_coverageSchema":"1a1c01bbd47fc00a2c39e90264f33305004495a9","hash":"bc0fec4f194e56195590492d5a3b4c9b2cd12921"}
,"/Users/linsuwei/code/Work/Temporarily-project-React Native + Expo/mei-mart-app/src/components/business/ReviewItem/ReviewItem.types.ts": {"path":"/Users/linsuwei/code/Work/Temporarily-project-React Native + Expo/mei-mart-app/src/components/business/ReviewItem/ReviewItem.types.ts","statementMap":{},"fnMap":{},"branchMap":{},"s":{},"f":{},"b":{}}
,"/Users/linsuwei/code/Work/Temporarily-project-React Native + Expo/mei-mart-app/src/components/business/ReviewItem/index.ts": {"path":"/Users/linsuwei/code/Work/Temporarily-project-React Native + Expo/mei-mart-app/src/components/business/ReviewItem/index.ts","statementMap":{},"fnMap":{},"branchMap":{},"s":{},"f":{},"b":{}}
,"/Users/linsuwei/code/Work/Temporarily-project-React Native + Expo/mei-mart-app/src/components/business/SearchBar/SearchBar.tsx": {"path":"/Users/linsuwei/code/Work/Temporarily-project-React Native + Expo/mei-mart-app/src/components/business/SearchBar/SearchBar.tsx","statementMap":{"0":{"start":{"line":18,"column":21},"end":{"line":18,"column":31}},"1":{"start":{"line":19,"column":34},"end":{"line":19,"column":62}},"2":{"start":{"line":20,"column":23},"end":{"line":20,"column":42}},"3":{"start":{"line":21,"column":18},"end":{"line":21,"column":49}},"4":{"start":{"line":23,"column":23},"end":{"line":26,"column":3}},"5":{"start":{"line":24,"column":4},"end":{"line":24,"column":41}},"6":{"start":{"line":24,"column":23},"end":{"line":24,"column":41}},"7":{"start":{"line":25,"column":4},"end":{"line":25,"column":21}},"8":{"start":{"line":28,"column":23},"end":{"line":31,"column":3}},"9":{"start":{"line":29,"column":4},"end":{"line":29,"column":24}},"10":{"start":{"line":30,"column":4},"end":{"line":30,"column":24}},"11":{"start":{"line":33,"column":22},"end":{"line":36,"column":3}},"12":{"start":{"line":34,"column":4},"end":{"line":34,"column":21}},"13":{"start":{"line":35,"column":4},"end":{"line":35,"column":16}},"14":{"start":{"line":38,"column":2},"end":{"line":83,"column":4}},"15":{"start":{"line":86,"column":15},"end":{"line":100,"column":2}}},"fnMap":{"0":{"name":"SearchBar","decl":{"start":{"line":7,"column":16},"end":{"line":7,"column":25}},"loc":{"start":{"line":17,"column":19},"end":{"line":84,"column":1}},"line":17},"1":{"name":"(anonymous_1)","decl":{"start":{"line":23,"column":23},"end":{"line":23,"column":24}},"loc":{"start":{"line":23,"column":41},"end":{"line":26,"column":3}},"line":23},"2":{"name":"(anonymous_2)","decl":{"start":{"line":28,"column":23},"end":{"line":28,"column":24}},"loc":{"start":{"line":28,"column":29},"end":{"line":31,"column":3}},"line":28},"3":{"name":"(anonymous_3)","decl":{"start":{"line":33,"column":22},"end":{"line":33,"column":23}},"loc":{"start":{"line":33,"column":28},"end":{"line":36,"column":3}},"line":33}},"branchMap":{"0":{"loc":{"start":{"line":10,"column":2},"end":{"line":10,"column":33}},"type":"default-arg","locations":[{"start":{"line":10,"column":16},"end":{"line":10,"column":33}}],"line":10},"1":{"loc":{"start":{"line":15,"column":2},"end":{"line":15,"column":19}},"type":"default-arg","locations":[{"start":{"line":15,"column":14},"end":{"line":15,"column":19}}],"line":15},"2":{"loc":{"start":{"line":19,"column":43},"end":{"line":19,"column":61}},"type":"binary-expr","locations":[{"start":{"line":19,"column":43},"end":{"line":19,"column":55}},{"start":{"line":19,"column":59},"end":{"line":19,"column":61}}],"line":19},"3":{"loc":{"start":{"line":21,"column":18},"end":{"line":21,"column":49}},"type":"cond-expr","locations":[{"start":{"line":21,"column":33},"end":{"line":21,"column":38}},{"start":{"line":21,"column":41},"end":{"line":21,"column":49}}],"line":21},"4":{"loc":{"start":{"line":24,"column":4},"end":{"line":24,"column":41}},"type":"if","locations":[{"start":{"line":24,"column":4},"end":{"line":24,"column":41}},{"start":{},"end":{}}],"line":24},"5":{"loc":{"start":{"line":67,"column":7},"end":{"line":81,"column":7}},"type":"binary-expr","locations":[{"start":{"line":67,"column":7},"end":{"line":67,"column":25}},{"start":{"line":68,"column":8},"end":{"line":80,"column":20}}],"line":67}},"s":{"0":3,"1":3,"2":3,"3":3,"4":3,"5":1,"6":0,"7":1,"8":3,"9":1,"10":1,"11":3,"12":0,"13":0,"14":3,"15":1},"f":{"0":3,"1":1,"2":1,"3":0},"b":{"0":[0],"1":[3],"2":[3,2],"3":[1,2],"4":[0,1],"5":[3,2]},"_coverageSchema":"1a1c01bbd47fc00a2c39e90264f33305004495a9","hash":"e0bd10cbf9a901ae5d0645fc9d25d0145b680156"}
,"/Users/linsuwei/code/Work/Temporarily-project-React Native + Expo/mei-mart-app/src/components/business/SearchBar/SearchBar.types.ts": {"path":"/Users/linsuwei/code/Work/Temporarily-project-React Native + Expo/mei-mart-app/src/components/business/SearchBar/SearchBar.types.ts","statementMap":{},"fnMap":{},"branchMap":{},"s":{},"f":{},"b":{}}
,"/Users/linsuwei/code/Work/Temporarily-project-React Native + Expo/mei-mart-app/src/components/business/SearchBar/index.ts": {"path":"/Users/linsuwei/code/Work/Temporarily-project-React Native + Expo/mei-mart-app/src/components/business/SearchBar/index.ts","statementMap":{},"fnMap":{},"branchMap":{},"s":{},"f":{},"b":{}}
,"/Users/linsuwei/code/Work/Temporarily-project-React Native + Expo/mei-mart-app/src/components/business/TimelineStep/TimelineStep.tsx": {"path":"/Users/linsuwei/code/Work/Temporarily-project-React Native + Expo/mei-mart-app/src/components/business/TimelineStep/TimelineStep.tsx","statementMap":{"0":{"start":{"line":11,"column":21},"end":{"line":11,"column":31}},"1":{"start":{"line":12,"column":2},"end":{"line":80,"column":4}},"2":{"start":{"line":15,"column":28},"end":{"line":15,"column":44}},"3":{"start":{"line":16,"column":25},"end":{"line":16,"column":43}},"4":{"start":{"line":17,"column":22},"end":{"line":21,"column":39}},"5":{"start":{"line":22,"column":8},"end":{"line":77,"column":10}},"6":{"start":{"line":83,"column":15},"end":{"line":97,"column":2}}},"fnMap":{"0":{"name":"TimelineStep","decl":{"start":{"line":6,"column":16},"end":{"line":6,"column":28}},"loc":{"start":{"line":10,"column":22},"end":{"line":81,"column":1}},"line":10},"1":{"name":"(anonymous_1)","decl":{"start":{"line":14,"column":17},"end":{"line":14,"column":18}},"loc":{"start":{"line":14,"column":30},"end":{"line":78,"column":7}},"line":14}},"branchMap":{"0":{"loc":{"start":{"line":8,"column":2},"end":{"line":8,"column":33}},"type":"default-arg","locations":[{"start":{"line":8,"column":17},"end":{"line":8,"column":33}}],"line":8},"1":{"loc":{"start":{"line":17,"column":22},"end":{"line":21,"column":39}},"type":"cond-expr","locations":[{"start":{"line":18,"column":12},"end":{"line":18,"column":26}},{"start":{"line":19,"column":12},"end":{"line":21,"column":39}}],"line":17},"2":{"loc":{"start":{"line":19,"column":12},"end":{"line":21,"column":39}},"type":"cond-expr","locations":[{"start":{"line":20,"column":14},"end":{"line":20,"column":29}},{"start":{"line":21,"column":14},"end":{"line":21,"column":39}}],"line":19},"3":{"loc":{"start":{"line":29,"column":37},"end":{"line":29,"column":84}},"type":"cond-expr","locations":[{"start":{"line":29,"column":63},"end":{"line":29,"column":68}},{"start":{"line":29,"column":71},"end":{"line":29,"column":84}}],"line":29},"4":{"loc":{"start":{"line":29,"column":37},"end":{"line":29,"column":60}},"type":"binary-expr","locations":[{"start":{"line":29,"column":37},"end":{"line":29,"column":45}},{"start":{"line":29,"column":49},"end":{"line":29,"column":60}}],"line":29},"5":{"loc":{"start":{"line":34,"column":17},"end":{"line":36,"column":17}},"type":"binary-expr","locations":[{"start":{"line":34,"column":18},"end":{"line":34,"column":26}},{"start":{"line":34,"column":30},"end":{"line":34,"column":41}},{"start":{"line":35,"column":18},"end":{"line":35,"column":96}}],"line":34},"6":{"loc":{"start":{"line":38,"column":15},"end":{"line":48,"column":15}},"type":"binary-expr","locations":[{"start":{"line":38,"column":15},"end":{"line":38,"column":35}},{"start":{"line":39,"column":16},"end":{"line":47,"column":18}}],"line":38},"7":{"loc":{"start":{"line":44,"column":24},"end":{"line":44,"column":86}},"type":"cond-expr","locations":[{"start":{"line":44,"column":43},"end":{"line":44,"column":58}},{"start":{"line":44,"column":61},"end":{"line":44,"column":86}}],"line":44},"8":{"loc":{"start":{"line":55,"column":27},"end":{"line":55,"column":75}},"type":"cond-expr","locations":[{"start":{"line":55,"column":38},"end":{"line":55,"column":52}},{"start":{"line":55,"column":55},"end":{"line":55,"column":75}}],"line":55},"9":{"loc":{"start":{"line":56,"column":32},"end":{"line":56,"column":56}},"type":"cond-expr","locations":[{"start":{"line":56,"column":43},"end":{"line":56,"column":48}},{"start":{"line":56,"column":51},"end":{"line":56,"column":56}}],"line":56},"10":{"loc":{"start":{"line":62,"column":15},"end":{"line":66,"column":22}},"type":"cond-expr","locations":[{"start":{"line":63,"column":16},"end":{"line":65,"column":23}},{"start":{"line":66,"column":18},"end":{"line":66,"column":22}}],"line":62},"11":{"loc":{"start":{"line":67,"column":15},"end":{"line":71,"column":22}},"type":"cond-expr","locations":[{"start":{"line":68,"column":16},"end":{"line":70,"column":23}},{"start":{"line":71,"column":18},"end":{"line":71,"column":22}}],"line":67}},"s":{"0":1,"1":1,"2":3,"3":3,"4":3,"5":3,"6":1},"f":{"0":1,"1":3},"b":{"0":[1],"1":[1,2],"2":[2,0],"3":[3,0],"4":[3,2],"5":[3,2,3],"6":[3,2],"7":[2,0],"8":[1,2],"9":[1,2],"10":[3,0],"11":[1,2]},"_coverageSchema":"1a1c01bbd47fc00a2c39e90264f33305004495a9","hash":"9bdaad3107bac12cd6f535e585f6af82a7619008"}
,"/Users/linsuwei/code/Work/Temporarily-project-React Native + Expo/mei-mart-app/src/components/business/TimelineStep/TimelineStep.types.ts": {"path":"/Users/linsuwei/code/Work/Temporarily-project-React Native + Expo/mei-mart-app/src/components/business/TimelineStep/TimelineStep.types.ts","statementMap":{},"fnMap":{},"branchMap":{},"s":{},"f":{},"b":{}}
,"/Users/linsuwei/code/Work/Temporarily-project-React Native + Expo/mei-mart-app/src/components/business/TimelineStep/index.ts": {"path":"/Users/linsuwei/code/Work/Temporarily-project-React Native + Expo/mei-mart-app/src/components/business/TimelineStep/index.ts","statementMap":{},"fnMap":{},"branchMap":{},"s":{},"f":{},"b":{}}
,"/Users/linsuwei/code/Work/Temporarily-project-React Native + Expo/mei-mart-app/src/components/cultural/DiamondPattern/DiamondPattern.tsx": {"path":"/Users/linsuwei/code/Work/Temporarily-project-React Native + Expo/mei-mart-app/src/components/cultural/DiamondPattern/DiamondPattern.tsx","statementMap":{"0":{"start":{"line":12,"column":21},"end":{"line":12,"column":31}},"1":{"start":{"line":13,"column":20},"end":{"line":13,"column":34}},"2":{"start":{"line":14,"column":2},"end":{"line":25,"column":4}},"3":{"start":{"line":28,"column":15},"end":{"line":34,"column":2}}},"fnMap":{"0":{"name":"DiamondPattern","decl":{"start":{"line":6,"column":16},"end":{"line":6,"column":30}},"loc":{"start":{"line":11,"column":24},"end":{"line":26,"column":1}},"line":11}},"branchMap":{"0":{"loc":{"start":{"line":7,"column":2},"end":{"line":7,"column":13}},"type":"default-arg","locations":[{"start":{"line":7,"column":10},"end":{"line":7,"column":13}}],"line":7},"1":{"loc":{"start":{"line":8,"column":2},"end":{"line":8,"column":14}},"type":"default-arg","locations":[{"start":{"line":8,"column":11},"end":{"line":8,"column":14}}],"line":8},"2":{"loc":{"start":{"line":9,"column":2},"end":{"line":9,"column":16}},"type":"default-arg","locations":[{"start":{"line":9,"column":12},"end":{"line":9,"column":16}}],"line":9}},"s":{"0":1,"1":1,"2":1,"3":1},"f":{"0":1},"b":{"0":[1],"1":[1],"2":[1]},"_coverageSchema":"1a1c01bbd47fc00a2c39e90264f33305004495a9","hash":"3283a31d5561800170348179b3ae43e4df10fbb5"}
,"/Users/linsuwei/code/Work/Temporarily-project-React Native + Expo/mei-mart-app/src/components/cultural/DiamondPattern/DiamondPattern.types.ts": {"path":"/Users/linsuwei/code/Work/Temporarily-project-React Native + Expo/mei-mart-app/src/components/cultural/DiamondPattern/DiamondPattern.types.ts","statementMap":{},"fnMap":{},"branchMap":{},"s":{},"f":{},"b":{}}
,"/Users/linsuwei/code/Work/Temporarily-project-React Native + Expo/mei-mart-app/src/components/cultural/DiamondPattern/index.ts": {"path":"/Users/linsuwei/code/Work/Temporarily-project-React Native + Expo/mei-mart-app/src/components/cultural/DiamondPattern/index.ts","statementMap":{},"fnMap":{},"branchMap":{},"s":{},"f":{},"b":{}}
,"/Users/linsuwei/code/Work/Temporarily-project-React Native + Expo/mei-mart-app/src/components/cultural/LogoBadge/LogoBadge.tsx": {"path":"/Users/linsuwei/code/Work/Temporarily-project-React Native + Expo/mei-mart-app/src/components/cultural/LogoBadge/LogoBadge.tsx","statementMap":{"0":{"start":{"line":7,"column":21},"end":{"line":7,"column":31}},"1":{"start":{"line":8,"column":2},"end":{"line":26,"column":4}},"2":{"start":{"line":29,"column":15},"end":{"line":34,"column":2}}},"fnMap":{"0":{"name":"LogoBadge","decl":{"start":{"line":6,"column":16},"end":{"line":6,"column":25}},"loc":{"start":{"line":6,"column":65},"end":{"line":27,"column":1}},"line":6}},"branchMap":{"0":{"loc":{"start":{"line":6,"column":28},"end":{"line":6,"column":37}},"type":"default-arg","locations":[{"start":{"line":6,"column":35},"end":{"line":6,"column":37}}],"line":6}},"s":{"0":1,"1":1,"2":1},"f":{"0":1},"b":{"0":[1]},"_coverageSchema":"1a1c01bbd47fc00a2c39e90264f33305004495a9","hash":"27e5dfaf836c77b782eadbae35213d50be0be38e"}
,"/Users/linsuwei/code/Work/Temporarily-project-React Native + Expo/mei-mart-app/src/components/cultural/LogoBadge/LogoBadge.types.ts": {"path":"/Users/linsuwei/code/Work/Temporarily-project-React Native + Expo/mei-mart-app/src/components/cultural/LogoBadge/LogoBadge.types.ts","statementMap":{},"fnMap":{},"branchMap":{},"s":{},"f":{},"b":{}}
,"/Users/linsuwei/code/Work/Temporarily-project-React Native + Expo/mei-mart-app/src/components/cultural/LogoBadge/index.ts": {"path":"/Users/linsuwei/code/Work/Temporarily-project-React Native + Expo/mei-mart-app/src/components/cultural/LogoBadge/index.ts","statementMap":{},"fnMap":{},"branchMap":{},"s":{},"f":{},"b":{}}
,"/Users/linsuwei/code/Work/Temporarily-project-React Native + Expo/mei-mart-app/src/components/cultural/TaisDivider/TaisDivider.tsx": {"path":"/Users/linsuwei/code/Work/Temporarily-project-React Native + Expo/mei-mart-app/src/components/cultural/TaisDivider/TaisDivider.tsx","statementMap":{"0":{"start":{"line":6,"column":21},"end":{"line":6,"column":46}},"1":{"start":{"line":9,"column":21},"end":{"line":9,"column":31}},"2":{"start":{"line":10,"column":23},"end":{"line":10,"column":37}},"3":{"start":{"line":11,"column":20},"end":{"line":11,"column":40}},"4":{"start":{"line":12,"column":20},"end":{"line":12,"column":55}},"5":{"start":{"line":13,"column":22},"end":{"line":13,"column":28}},"6":{"start":{"line":15,"column":2},"end":{"line":32,"column":4}},"7":{"start":{"line":20,"column":12},"end":{"line":27,"column":14}},"8":{"start":{"line":35,"column":15},"end":{"line":40,"column":2}}},"fnMap":{"0":{"name":"TaisDivider","decl":{"start":{"line":8,"column":16},"end":{"line":8,"column":27}},"loc":{"start":{"line":8,"column":71},"end":{"line":33,"column":1}},"line":8},"1":{"name":"(anonymous_1)","decl":{"start":{"line":19,"column":25},"end":{"line":19,"column":26}},"loc":{"start":{"line":20,"column":12},"end":{"line":27,"column":14}},"line":20}},"branchMap":{"0":{"loc":{"start":{"line":8,"column":30},"end":{"line":8,"column":41}},"type":"default-arg","locations":[{"start":{"line":8,"column":38},"end":{"line":8,"column":41}}],"line":8},"1":{"loc":{"start":{"line":24,"column":20},"end":{"line":24,"column":64}},"type":"cond-expr","locations":[{"start":{"line":24,"column":46},"end":{"line":24,"column":55}},{"start":{"line":24,"column":58},"end":{"line":24,"column":64}}],"line":24}},"s":{"0":1,"1":1,"2":1,"3":1,"4":1,"5":1,"6":1,"7":8,"8":1},"f":{"0":1,"1":8},"b":{"0":[1],"1":[2,6]},"_coverageSchema":"1a1c01bbd47fc00a2c39e90264f33305004495a9","hash":"3820641a49c0336022751b6912e50da3eef097d6"}
,"/Users/linsuwei/code/Work/Temporarily-project-React Native + Expo/mei-mart-app/src/components/cultural/TaisDivider/TaisDivider.types.ts": {"path":"/Users/linsuwei/code/Work/Temporarily-project-React Native + Expo/mei-mart-app/src/components/cultural/TaisDivider/TaisDivider.types.ts","statementMap":{},"fnMap":{},"branchMap":{},"s":{},"f":{},"b":{}}
,"/Users/linsuwei/code/Work/Temporarily-project-React Native + Expo/mei-mart-app/src/components/cultural/TaisDivider/index.ts": {"path":"/Users/linsuwei/code/Work/Temporarily-project-React Native + Expo/mei-mart-app/src/components/cultural/TaisDivider/index.ts","statementMap":{},"fnMap":{},"branchMap":{},"s":{},"f":{},"b":{}}
,"/Users/linsuwei/code/Work/Temporarily-project-React Native + Expo/mei-mart-app/src/components/cultural/TaisPattern/TaisPattern.tsx": {"path":"/Users/linsuwei/code/Work/Temporarily-project-React Native + Expo/mei-mart-app/src/components/cultural/TaisPattern/TaisPattern.tsx","statementMap":{"0":{"start":{"line":12,"column":21},"end":{"line":12,"column":31}},"1":{"start":{"line":13,"column":19},"end":{"line":13,"column":39}},"2":{"start":{"line":14,"column":2},"end":{"line":25,"column":4}},"3":{"start":{"line":28,"column":15},"end":{"line":34,"column":2}}},"fnMap":{"0":{"name":"TaisPattern","decl":{"start":{"line":6,"column":16},"end":{"line":6,"column":27}},"loc":{"start":{"line":11,"column":21},"end":{"line":26,"column":1}},"line":11}},"branchMap":{"0":{"loc":{"start":{"line":7,"column":2},"end":{"line":7,"column":13}},"type":"default-arg","locations":[{"start":{"line":7,"column":10},"end":{"line":7,"column":13}}],"line":7},"1":{"loc":{"start":{"line":8,"column":2},"end":{"line":8,"column":14}},"type":"default-arg","locations":[{"start":{"line":8,"column":11},"end":{"line":8,"column":14}}],"line":8},"2":{"loc":{"start":{"line":9,"column":2},"end":{"line":9,"column":15}},"type":"default-arg","locations":[{"start":{"line":9,"column":12},"end":{"line":9,"column":15}}],"line":9}},"s":{"0":1,"1":1,"2":1,"3":1},"f":{"0":1},"b":{"0":[1],"1":[1],"2":[1]},"_coverageSchema":"1a1c01bbd47fc00a2c39e90264f33305004495a9","hash":"9093f592b61925b89717d538e84f6ad4a3e167c7"}
,"/Users/linsuwei/code/Work/Temporarily-project-React Native + Expo/mei-mart-app/src/components/cultural/TaisPattern/TaisPattern.types.ts": {"path":"/Users/linsuwei/code/Work/Temporarily-project-React Native + Expo/mei-mart-app/src/components/cultural/TaisPattern/TaisPattern.types.ts","statementMap":{},"fnMap":{},"branchMap":{},"s":{},"f":{},"b":{}}
,"/Users/linsuwei/code/Work/Temporarily-project-React Native + Expo/mei-mart-app/src/components/cultural/TaisPattern/index.ts": {"path":"/Users/linsuwei/code/Work/Temporarily-project-React Native + Expo/mei-mart-app/src/components/cultural/TaisPattern/index.ts","statementMap":{},"fnMap":{},"branchMap":{},"s":{},"f":{},"b":{}}
,"/Users/linsuwei/code/Work/Temporarily-project-React Native + Expo/mei-mart-app/src/components/cultural/UmaLulikSkyline/UmaLulikSkyline.tsx": {"path":"/Users/linsuwei/code/Work/Temporarily-project-React Native + Expo/mei-mart-app/src/components/cultural/UmaLulikSkyline/UmaLulikSkyline.tsx","statementMap":{"0":{"start":{"line":7,"column":21},"end":{"line":7,"column":31}},"1":{"start":{"line":8,"column":18},"end":{"line":8,"column":43}},"2":{"start":{"line":9,"column":20},"end":{"line":9,"column":40}},"3":{"start":{"line":10,"column":16},"end":{"line":10,"column":54}},"4":{"start":{"line":12,"column":4},"end":{"line":12,"column":138}},"5":{"start":{"line":14,"column":2},"end":{"line":23,"column":4}},"6":{"start":{"line":19,"column":10},"end":{"line":19,"column":66}},"7":{"start":{"line":26,"column":15},"end":{"line":30,"column":2}}},"fnMap":{"0":{"name":"UmaLulikSkyline","decl":{"start":{"line":6,"column":16},"end":{"line":6,"column":31}},"loc":{"start":{"line":6,"column":79},"end":{"line":24,"column":1}},"line":6},"1":{"name":"(anonymous_1)","decl":{"start":{"line":18,"column":19},"end":{"line":18,"column":20}},"loc":{"start":{"line":19,"column":10},"end":{"line":19,"column":66}},"line":19}},"branchMap":{"0":{"loc":{"start":{"line":6,"column":34},"end":{"line":6,"column":45}},"type":"default-arg","locations":[{"start":{"line":6,"column":43},"end":{"line":6,"column":45}}],"line":6}},"s":{"0":1,"1":1,"2":1,"3":1,"4":1,"5":1,"6":8,"7":1},"f":{"0":1,"1":8},"b":{"0":[1]},"_coverageSchema":"1a1c01bbd47fc00a2c39e90264f33305004495a9","hash":"62b829e06c1192cf5ce18a77457280ea8129df8e"}
,"/Users/linsuwei/code/Work/Temporarily-project-React Native + Expo/mei-mart-app/src/components/cultural/UmaLulikSkyline/UmaLulikSkyline.types.ts": {"path":"/Users/linsuwei/code/Work/Temporarily-project-React Native + Expo/mei-mart-app/src/components/cultural/UmaLulikSkyline/UmaLulikSkyline.types.ts","statementMap":{},"fnMap":{},"branchMap":{},"s":{},"f":{},"b":{}}
,"/Users/linsuwei/code/Work/Temporarily-project-React Native + Expo/mei-mart-app/src/components/cultural/UmaLulikSkyline/index.ts": {"path":"/Users/linsuwei/code/Work/Temporarily-project-React Native + Expo/mei-mart-app/src/components/cultural/UmaLulikSkyline/index.ts","statementMap":{},"fnMap":{},"branchMap":{},"s":{},"f":{},"b":{}}
,"/Users/linsuwei/code/Work/Temporarily-project-React Native + Expo/mei-mart-app/src/components/feedback/EmptyState/EmptyState.tsx": {"path":"/Users/linsuwei/code/Work/Temporarily-project-React Native + Expo/mei-mart-app/src/components/feedback/EmptyState/EmptyState.tsx","statementMap":{"0":{"start":{"line":15,"column":21},"end":{"line":15,"column":31}},"1":{"start":{"line":16,"column":2},"end":{"line":47,"column":4}},"2":{"start":{"line":50,"column":15},"end":{"line":59,"column":2}}},"fnMap":{"0":{"name":"EmptyState","decl":{"start":{"line":7,"column":16},"end":{"line":7,"column":26}},"loc":{"start":{"line":14,"column":20},"end":{"line":48,"column":1}},"line":14}},"branchMap":{"0":{"loc":{"start":{"line":10,"column":2},"end":{"line":10,"column":16}},"type":"default-arg","locations":[{"start":{"line":10,"column":9},"end":{"line":10,"column":16}}],"line":10},"1":{"loc":{"start":{"line":27,"column":7},"end":{"line":36,"column":7}},"type":"binary-expr","locations":[{"start":{"line":27,"column":7},"end":{"line":27,"column":18}},{"start":{"line":28,"column":8},"end":{"line":35,"column":15}}],"line":27},"2":{"loc":{"start":{"line":37,"column":7},"end":{"line":45,"column":7}},"type":"binary-expr","locations":[{"start":{"line":37,"column":7},"end":{"line":37,"column":18}},{"start":{"line":37,"column":22},"end":{"line":37,"column":30}},{"start":{"line":38,"column":8},"end":{"line":44,"column":10}}],"line":37}},"s":{"0":2,"1":2,"2":1},"f":{"0":2},"b":{"0":[2],"1":[2,1],"2":[2,1,1]},"_coverageSchema":"1a1c01bbd47fc00a2c39e90264f33305004495a9","hash":"b2ef01f4a13f9811e2da008eb0549b295095b1ce"}
,"/Users/linsuwei/code/Work/Temporarily-project-React Native + Expo/mei-mart-app/src/components/feedback/EmptyState/EmptyState.types.ts": {"path":"/Users/linsuwei/code/Work/Temporarily-project-React Native + Expo/mei-mart-app/src/components/feedback/EmptyState/EmptyState.types.ts","statementMap":{},"fnMap":{},"branchMap":{},"s":{},"f":{},"b":{}}
,"/Users/linsuwei/code/Work/Temporarily-project-React Native + Expo/mei-mart-app/src/components/feedback/EmptyState/index.ts": {"path":"/Users/linsuwei/code/Work/Temporarily-project-React Native + Expo/mei-mart-app/src/components/feedback/EmptyState/index.ts","statementMap":{},"fnMap":{},"branchMap":{},"s":{},"f":{},"b":{}}
,"/Users/linsuwei/code/Work/Temporarily-project-React Native + Expo/mei-mart-app/src/components/feedback/ErrorBoundary/ErrorBoundary.tsx": {"path":"/Users/linsuwei/code/Work/Temporarily-project-React Native + Expo/mei-mart-app/src/components/feedback/ErrorBoundary/ErrorBoundary.tsx","statementMap":{"0":{"start":{"line":9,"column":4},"end":{"line":9,"column":17}},"1":{"start":{"line":10,"column":4},"end":{"line":10,"column":37}},"2":{"start":{"line":14,"column":4},"end":{"line":14,"column":37}},"3":{"start":{"line":18,"column":4},"end":{"line":18,"column":43}},"4":{"start":{"line":23,"column":4},"end":{"line":28,"column":5}},"5":{"start":{"line":24,"column":6},"end":{"line":26,"column":7}},"6":{"start":{"line":25,"column":8},"end":{"line":25,"column":35}},"7":{"start":{"line":27,"column":6},"end":{"line":27,"column":86}},"8":{"start":{"line":29,"column":4},"end":{"line":29,"column":31}}},"fnMap":{"0":{"name":"(anonymous_0)","decl":{"start":{"line":8,"column":2},"end":{"line":8,"column":3}},"loc":{"start":{"line":8,"column":41},"end":{"line":11,"column":3}},"line":8},"1":{"name":"(anonymous_1)","decl":{"start":{"line":13,"column":2},"end":{"line":13,"column":3}},"loc":{"start":{"line":13,"column":68},"end":{"line":15,"column":3}},"line":13},"2":{"name":"(anonymous_2)","decl":{"start":{"line":17,"column":2},"end":{"line":17,"column":3}},"loc":{"start":{"line":17,"column":62},"end":{"line":20,"column":3}},"line":17},"3":{"name":"(anonymous_3)","decl":{"start":{"line":22,"column":2},"end":{"line":22,"column":3}},"loc":{"start":{"line":22,"column":11},"end":{"line":30,"column":3}},"line":22}},"branchMap":{"0":{"loc":{"start":{"line":23,"column":4},"end":{"line":28,"column":5}},"type":"if","locations":[{"start":{"line":23,"column":4},"end":{"line":28,"column":5}},{"start":{},"end":{}}],"line":23},"1":{"loc":{"start":{"line":24,"column":6},"end":{"line":26,"column":7}},"type":"if","locations":[{"start":{"line":24,"column":6},"end":{"line":26,"column":7}},{"start":{},"end":{}}],"line":24}},"s":{"0":3,"1":3,"2":2,"3":1,"4":5,"5":2,"6":2,"7":0,"8":3},"f":{"0":3,"1":2,"2":1,"3":5},"b":{"0":[2,3],"1":[2,0]},"_coverageSchema":"1a1c01bbd47fc00a2c39e90264f33305004495a9","hash":"aa83cf77e4d682dc581bea7e8dc78c914e0fdc67"}
,"/Users/linsuwei/code/Work/Temporarily-project-React Native + Expo/mei-mart-app/src/components/feedback/ErrorBoundary/ErrorBoundary.types.ts": {"path":"/Users/linsuwei/code/Work/Temporarily-project-React Native + Expo/mei-mart-app/src/components/feedback/ErrorBoundary/ErrorBoundary.types.ts","statementMap":{},"fnMap":{},"branchMap":{},"s":{},"f":{},"b":{}}
,"/Users/linsuwei/code/Work/Temporarily-project-React Native + Expo/mei-mart-app/src/components/feedback/ErrorBoundary/index.ts": {"path":"/Users/linsuwei/code/Work/Temporarily-project-React Native + Expo/mei-mart-app/src/components/feedback/ErrorBoundary/index.ts","statementMap":{},"fnMap":{},"branchMap":{},"s":{},"f":{},"b":{}}
,"/Users/linsuwei/code/Work/Temporarily-project-React Native + Expo/mei-mart-app/src/components/feedback/ErrorState/ErrorState.tsx": {"path":"/Users/linsuwei/code/Work/Temporarily-project-React Native + Expo/mei-mart-app/src/components/feedback/ErrorState/ErrorState.tsx","statementMap":{"0":{"start":{"line":8,"column":21},"end":{"line":8,"column":31}},"1":{"start":{"line":9,"column":2},"end":{"line":24,"column":4}},"2":{"start":{"line":27,"column":15},"end":{"line":36,"column":2}}},"fnMap":{"0":{"name":"ErrorState","decl":{"start":{"line":7,"column":16},"end":{"line":7,"column":26}},"loc":{"start":{"line":7,"column":74},"end":{"line":25,"column":1}},"line":7}},"branchMap":{"0":{"loc":{"start":{"line":20,"column":7},"end":{"line":22,"column":7}},"type":"binary-expr","locations":[{"start":{"line":20,"column":7},"end":{"line":20,"column":14}},{"start":{"line":21,"column":8},"end":{"line":21,"column":99}}],"line":20}},"s":{"0":2,"1":2,"2":2},"f":{"0":2},"b":{"0":[2,1]},"_coverageSchema":"1a1c01bbd47fc00a2c39e90264f33305004495a9","hash":"9aa392821bcacf4a114644e69bfbbab0965f3961"}
,"/Users/linsuwei/code/Work/Temporarily-project-React Native + Expo/mei-mart-app/src/components/feedback/ErrorState/ErrorState.types.ts": {"path":"/Users/linsuwei/code/Work/Temporarily-project-React Native + Expo/mei-mart-app/src/components/feedback/ErrorState/ErrorState.types.ts","statementMap":{},"fnMap":{},"branchMap":{},"s":{},"f":{},"b":{}}
,"/Users/linsuwei/code/Work/Temporarily-project-React Native + Expo/mei-mart-app/src/components/feedback/ErrorState/index.ts": {"path":"/Users/linsuwei/code/Work/Temporarily-project-React Native + Expo/mei-mart-app/src/components/feedback/ErrorState/index.ts","statementMap":{},"fnMap":{},"branchMap":{},"s":{},"f":{},"b":{},"_coverageSchema":"1a1c01bbd47fc00a2c39e90264f33305004495a9","hash":"a2eb9cfd8d27529e2e24ea0cfa17c8e983747641"}
,"/Users/linsuwei/code/Work/Temporarily-project-React Native + Expo/mei-mart-app/src/components/feedback/LoadingOverlay/LoadingOverlay.tsx": {"path":"/Users/linsuwei/code/Work/Temporarily-project-React Native + Expo/mei-mart-app/src/components/feedback/LoadingOverlay/LoadingOverlay.tsx","statementMap":{"0":{"start":{"line":6,"column":21},"end":{"line":6,"column":31}},"1":{"start":{"line":7,"column":2},"end":{"line":22,"column":4}},"2":{"start":{"line":25,"column":15},"end":{"line":33,"column":2}}},"fnMap":{"0":{"name":"LoadingOverlay","decl":{"start":{"line":5,"column":16},"end":{"line":5,"column":30}},"loc":{"start":{"line":5,"column":82},"end":{"line":23,"column":1}},"line":5}},"branchMap":{"0":{"loc":{"start":{"line":13,"column":30},"end":{"line":13,"column":50}},"type":"binary-expr","locations":[{"start":{"line":13,"column":30},"end":{"line":13,"column":37}},{"start":{"line":13,"column":41},"end":{"line":13,"column":50}}],"line":13},"1":{"loc":{"start":{"line":16,"column":11},"end":{"line":18,"column":11}},"type":"binary-expr","locations":[{"start":{"line":16,"column":11},"end":{"line":16,"column":18}},{"start":{"line":17,"column":12},"end":{"line":17,"column":98}}],"line":16}},"s":{"0":2,"1":2,"2":1},"f":{"0":2},"b":{"0":[2,0],"1":[2,2]},"_coverageSchema":"1a1c01bbd47fc00a2c39e90264f33305004495a9","hash":"849bd9233e8493dacae3b35f400ffe7e65082986"}
,"/Users/linsuwei/code/Work/Temporarily-project-React Native + Expo/mei-mart-app/src/components/feedback/LoadingOverlay/LoadingOverlay.types.ts": {"path":"/Users/linsuwei/code/Work/Temporarily-project-React Native + Expo/mei-mart-app/src/components/feedback/LoadingOverlay/LoadingOverlay.types.ts","statementMap":{},"fnMap":{},"branchMap":{},"s":{},"f":{},"b":{}}
,"/Users/linsuwei/code/Work/Temporarily-project-React Native + Expo/mei-mart-app/src/components/feedback/LoadingOverlay/index.ts": {"path":"/Users/linsuwei/code/Work/Temporarily-project-React Native + Expo/mei-mart-app/src/components/feedback/LoadingOverlay/index.ts","statementMap":{},"fnMap":{},"branchMap":{},"s":{},"f":{},"b":{}}
[...]
tart":{"line":43,"column":43},"end":{"line":43,"column":65}},"5":{"start":{"line":44,"column":49},"end":{"line":44,"column":74}},"6":{"start":{"line":45,"column":51},"end":{"line":45,"column":77}},"7":{"start":{"line":46,"column":55},"end":{"line":46,"column":83}},"8":{"start":{"line":50,"column":39},"end":{"line":50,"column":51}},"9":{"start":{"line":51,"column":30},"end":{"line":55,"column":7}}},"fnMap":{"0":{"name":"(anonymous_0)","decl":{"start":{"line":29,"column":4},"end":{"line":29,"column":5}},"loc":{"start":{"line":29,"column":14},"end":{"line":47,"column":5}},"line":29},"1":{"name":"(anonymous_1)","decl":{"start":{"line":41,"column":17},"end":{"line":41,"column":18}},"loc":{"start":{"line":41,"column":29},"end":{"line":41,"column":44}},"line":41},"2":{"name":"(anonymous_2)","decl":{"start":{"line":42,"column":20},"end":{"line":42,"column":21}},"loc":{"start":{"line":42,"column":35},"end":{"line":42,"column":53}},"line":42},"3":{"name":"(anonymous_3)","decl":{"start":{"line":43,"column":24},"end":{"line":43,"column":25}},"loc":{"start":{"line":43,"column":43},"end":{"line":43,"column":65}},"line":43},"4":{"name":"(anonymous_4)","decl":{"start":{"line":44,"column":27},"end":{"line":44,"column":28}},"loc":{"start":{"line":44,"column":49},"end":{"line":44,"column":74}},"line":44},"5":{"name":"(anonymous_5)","decl":{"start":{"line":45,"column":28},"end":{"line":45,"column":29}},"loc":{"start":{"line":45,"column":51},"end":{"line":45,"column":77}},"line":45},"6":{"name":"(anonymous_6)","decl":{"start":{"line":46,"column":30},"end":{"line":46,"column":31}},"loc":{"start":{"line":46,"column":55},"end":{"line":46,"column":83}},"line":46},"7":{"name":"(anonymous_7)","decl":{"start":{"line":50,"column":33},"end":{"line":50,"column":34}},"loc":{"start":{"line":50,"column":39},"end":{"line":50,"column":51}},"line":50},"8":{"name":"(anonymous_8)","decl":{"start":{"line":51,"column":18},"end":{"line":51,"column":19}},"loc":{"start":{"line":51,"column":30},"end":{"line":55,"column":7}},"line":51}},"branchMap":{},"s":{"0":1,"1":1,"2":2,"3":2,"4":1,"5":2,"6":0,"7":2,"8":1,"9":9},"f":{"0":1,"1":2,"2":2,"3":1,"4":2,"5":0,"6":2,"7":1,"8":9},"b":{},"_coverageSchema":"1a1c01bbd47fc00a2c39e90264f33305004495a9","hash":"b20a90df0ca5b93b3bd089f0e3ba0eae5b6f91ee"}
,"/Users/linsuwei/code/Work/Temporarily-project-React Native + Expo/mei-mart-app/src/store/authStore.ts": {"path":"/Users/linsuwei/code/Work/Temporarily-project-React Native + Expo/mei-mart-app/src/store/authStore.ts","statementMap":{"0":{"start":{"line":13,"column":28},"end":{"line":27,"column":1}},"1":{"start":{"line":15,"column":14},"end":{"line":21,"column":5}},"2":{"start":{"line":19,"column":40},"end":{"line":19,"column":91}},"3":{"start":{"line":20,"column":23},"end":{"line":20,"column":87}},"4":{"start":{"line":24,"column":39},"end":{"line":24,"column":51}}},"fnMap":{"0":{"name":"(anonymous_0)","decl":{"start":{"line":15,"column":4},"end":{"line":15,"column":5}},"loc":{"start":{"line":15,"column":14},"end":{"line":21,"column":5}},"line":15},"1":{"name":"(anonymous_1)","decl":{"start":{"line":19,"column":15},"end":{"line":19,"column":16}},"loc":{"start":{"line":19,"column":40},"end":{"line":19,"column":91}},"line":19},"2":{"name":"(anonymous_2)","decl":{"start":{"line":20,"column":17},"end":{"line":20,"column":18}},"loc":{"start":{"line":20,"column":23},"end":{"line":20,"column":87}},"line":20},"3":{"name":"(anonymous_3)","decl":{"start":{"line":24,"column":33},"end":{"line":24,"column":34}},"loc":{"start":{"line":24,"column":39},"end":{"line":24,"column":51}},"line":24}},"branchMap":{},"s":{"0":1,"1":1,"2":2,"3":4,"4":1},"f":{"0":1,"1":2,"2":4,"3":1},"b":{},"_coverageSchema":"1a1c01bbd47fc00a2c39e90264f33305004495a9","hash":"9669c624faf913ce01f0b8a9d7a4e3f19fde80fb"}
,"/Users/linsuwei/code/Work/Temporarily-project-React Native + Expo/mei-mart-app/src/theme/ThemeProvider.tsx": {"path":"/Users/linsuwei/code/Work/Temporarily-project-React Native + Expo/mei-mart-app/src/theme/ThemeProvider.tsx","statementMap":{"0":{"start":{"line":27,"column":20},"end":{"line":27,"column":41}},"1":{"start":{"line":29,"column":21},"end":{"line":29,"column":66}},"2":{"start":{"line":32,"column":23},"end":{"line":32,"column":39}},"3":{"start":{"line":33,"column":31},"end":{"line":33,"column":60}},"4":{"start":{"line":36,"column":2},"end":{"line":46,"column":9}},"5":{"start":{"line":37,"column":4},"end":{"line":45,"column":9}},"6":{"start":{"line":39,"column":8},"end":{"line":41,"column":9}},"7":{"start":{"line":40,"column":10},"end":{"line":40,"column":31}},"8":{"start":{"line":48,"column":18},"end":{"line":53,"column":3}},"9":{"start":{"line":49,"column":4},"end":{"line":49,"column":23}},"10":{"start":{"line":50,"column":4},"end":{"line":52,"column":7}},"11":{"start":{"line":55,"column":39},"end":{"line":60,"column":26}},"12":{"start":{"line":56,"column":4},"end":{"line":58,"column":5}},"13":{"start":{"line":57,"column":6},"end":{"line":57,"column":56}},"14":{"start":{"line":59,"column":4},"end":{"line":59,"column":16}},"15":{"start":{"line":62,"column":28},"end":{"line":62,"column":79}},"16":{"start":{"line":64,"column":16},"end":{"line":68,"column":3}},"17":{"start":{"line":65,"column":11},"end":{"line":65,"column":72}},"18":{"start":{"line":70,"column":2},"end":{"line":70,"column":81}},"19":{"start":{"line":74,"column":14},"end":{"line":74,"column":38}},"20":{"start":{"line":75,"column":2},"end":{"line":77,"column":3}},"21":{"start":{"line":76,"column":4},"end":{"line":76,"column":68}},"22":{"start":{"line":78,"column":2},"end":{"line":78,"column":13}}},"fnMap":{"0":{"name":"ThemeProvider","decl":{"start":{"line":31,"column":16},"end":{"line":31,"column":29}},"loc":{"start":{"line":31,"column":69},"end":{"line":71,"column":1}},"line":31},"1":{"name":"(anonymous_1)","decl":{"start":{"line":36,"column":12},"end":{"line":36,"column":13}},"loc":{"start":{"line":36,"column":18},"end":{"line":46,"column":3}},"line":36},"2":{"name":"(anonymous_2)","decl":{"start":{"line":38,"column":12},"end":{"line":38,"column":13}},"loc":{"start":{"line":38,"column":24},"end":{"line":42,"column":7}},"line":38},"3":{"name":"(anonymous_3)","decl":{"start":{"line":43,"column":13},"end":{"line":43,"column":14}},"loc":{"start":{"line":43,"column":19},"end":{"line":45,"column":7}},"line":43},"4":{"name":"(anonymous_4)","decl":{"start":{"line":48,"column":18},"end":{"line":48,"column":19}},"loc":{"start":{"line":48,"column":39},"end":{"line":53,"column":3}},"line":48},"5":{"name":"(anonymous_5)","decl":{"start":{"line":50,"column":50},"end":{"line":50,"column":51}},"loc":{"start":{"line":50,"column":56},"end":{"line":52,"column":5}},"line":50},"6":{"name":"(anonymous_6)","decl":{"start":{"line":55,"column":47},"end":{"line":55,"column":48}},"loc":{"start":{"line":55,"column":53},"end":{"line":60,"column":3}},"line":55},"7":{"name":"(anonymous_7)","decl":{"start":{"line":65,"column":4},"end":{"line":65,"column":5}},"loc":{"start":{"line":65,"column":11},"end":{"line":65,"column":72}},"line":65},"8":{"name":"useTheme","decl":{"start":{"line":73,"column":16},"end":{"line":73,"column":24}},"loc":{"start":{"line":73,"column":46},"end":{"line":79,"column":1}},"line":73}},"branchMap":{"0":{"loc":{"start":{"line":39,"column":8},"end":{"line":41,"column":9}},"type":"if","locations":[{"start":{"line":39,"column":8},"end":{"line":41,"column":9}},{"start":{},"end":{}}],"line":39},"1":{"loc":{"start":{"line":39,"column":12},"end":{"line":39,"column":74}},"type":"binary-expr","locations":[{"start":{"line":39,"column":12},"end":{"line":39,"column":30}},{"start":{"line":39,"column":34},"end":{"line":39,"column":51}},{"start":{"line":39,"column":55},"end":{"line":39,"column":74}}],"line":39},"2":{"loc":{"start":{"line":56,"column":4},"end":{"line":58,"column":5}},"type":"if","locations":[{"start":{"line":56,"column":4},"end":{"line":58,"column":5}},{"start":{},"end":{}}],"line":56},"3":{"loc":{"start":{"line":57,"column":13},"end":{"line":57,"column":55}},"type":"cond-expr","locations":[{"start":{"line":57,"column":39},"end":{"line":57,"column":45}},{"start":{"line":57,"column":48},"end":{"line":57,"column":55}}],"line":57},"4":{"loc":{"start":{"line":62,"column":28},"end":{"line":62,"column":79}},"type":"cond-expr","locations":[{"start":{"line":62,"column":55},"end":{"line":62,"column":65}},{"start":{"line":62,"column":68},"end":{"line":62,"column":79}}],"line":62},"5":{"loc":{"start":{"line":75,"column":2},"end":{"line":77,"column":3}},"type":"if","locations":[{"start":{"line":75,"column":2},"end":{"line":77,"column":3}},{"start":{},"end":{}}],"line":75}},"s":{"0":42,"1":42,"2":99,"3":99,"4":99,"5":98,"6":98,"7":0,"8":99,"9":0,"10":0,"11":99,"12":99,"13":99,"14":0,"15":99,"16":99,"17":99,"18":99,"19":129,"20":129,"21":0,"22":129},"f":{"0":99,"1":98,"2":98,"3":0,"4":0,"5":0,"6":99,"7":99,"8":129},"b":{"0":[0,98],"1":[98,98,98],"2":[99,0],"3":[0,99],"4":[0,99],"5":[0,129]},"_coverageSchema":"1a1c01bbd47fc00a2c39e90264f33305004495a9","hash":"f35c7f95c2d66886a1bdeeafd3a891b521d383ac"}
,"/Users/linsuwei/code/Work/Temporarily-project-React Native + Expo/mei-mart-app/src/theme/colors.ts": {"path":"/Users/linsuwei/code/Work/Temporarily-project-React Native + Expo/mei-mart-app/src/theme/colors.ts","statementMap":{"0":{"start":{"line":74,"column":38},"end":{"line":151,"column":10}},"1":{"start":{"line":158,"column":37},"end":{"line":235,"column":10}}},"fnMap":{},"branchMap":{},"s":{"0":42,"1":42},"f":{},"b":{},"_coverageSchema":"1a1c01bbd47fc00a2c39e90264f33305004495a9","hash":"631cdab97a72c80e33627d09c21c8a6232d3993e"}
,"/Users/linsuwei/code/Work/Temporarily-project-React Native + Expo/mei-mart-app/src/theme/index.ts": {"path":"/Users/linsuwei/code/Work/Temporarily-project-React Native + Expo/mei-mart-app/src/theme/index.ts","statementMap":{},"fnMap":{},"branchMap":{},"s":{},"f":{},"b":{},"_coverageSchema":"1a1c01bbd47fc00a2c39e90264f33305004495a9","hash":"eaf33639e8bdf853eb9eed1326080de246c5d405"}
,"/Users/linsuwei/code/Work/Temporarily-project-React Native + Expo/mei-mart-app/src/theme/spacing.ts": {"path":"/Users/linsuwei/code/Work/Temporarily-project-React Native + Expo/mei-mart-app/src/theme/spacing.ts","statementMap":{"0":{"start":{"line":17,"column":23},"end":{"line":27,"column":10}},"1":{"start":{"line":34,"column":28},"end":{"line":42,"column":10}},"2":{"start":{"line":57,"column":50},"end":{"line":64,"column":1}}},"fnMap":{},"branchMap":{},"s":{"0":42,"1":42,"2":42},"f":{},"b":{},"_coverageSchema":"1a1c01bbd47fc00a2c39e90264f33305004495a9","hash":"94e2b512e46ea3dfc00af2d65f7e6dfbbbbf9647"}
,"/Users/linsuwei/code/Work/Temporarily-project-React Native + Expo/mei-mart-app/src/theme/typography.ts": {"path":"/Users/linsuwei/code/Work/Temporarily-project-React Native + Expo/mei-mart-app/src/theme/typography.ts","statementMap":{"0":{"start":{"line":27,"column":66},"end":{"line":77,"column":1}},"1":{"start":{"line":85,"column":16},"end":{"line":85,"column":31}},"2":{"start":{"line":86,"column":2},"end":{"line":92,"column":4}}},"fnMap":{"0":{"name":"textStyle","decl":{"start":{"line":84,"column":16},"end":{"line":84,"column":25}},"loc":{"start":{"line":84,"column":57},"end":{"line":93,"column":1}},"line":84}},"branchMap":{"0":{"loc":{"start":{"line":91,"column":8},"end":{"line":91,"column":87}},"type":"cond-expr","locations":[{"start":{"line":91,"column":44},"end":{"line":91,"column":82}},{"start":{"line":91,"column":85},"end":{"line":91,"column":87}}],"line":91}},"s":{"0":42,"1":145,"2":145},"f":{"0":145},"b":{"0":[14,131]},"_coverageSchema":"1a1c01bbd47fc00a2c39e90264f33305004495a9","hash":"96b6ac6a9dbab11ba82c4dc0be0df15144ead79b"}
,"/Users/linsuwei/code/Work/Temporarily-project-React Native + Expo/mei-mart-app/src/types/index.ts": {"path":"/Users/linsuwei/code/Work/Temporarily-project-React Native + Expo/mei-mart-app/src/types/index.ts","statementMap":{},"fnMap":{},"branchMap":{},"s":{},"f":{},"b":{}}
,"/Users/linsuwei/code/Work/Temporarily-project-React Native + Expo/mei-mart-app/src/utils/format.ts": {"path":"/Users/linsuwei/code/Work/Temporarily-project-React Native + Expo/mei-mart-app/src/utils/format.ts","statementMap":{"0":{"start":{"line":1,"column":49},"end":{"line":6,"column":1}},"1":{"start":{"line":13,"column":17},"end":{"line":13,"column":49}},"2":{"start":{"line":14,"column":15},"end":{"line":14,"column":49}},"3":{"start":{"line":15,"column":20},"end":{"line":15,"column":42}},"4":{"start":{"line":16,"column":2},"end":{"line":16,"column":33}},"5":{"start":{"line":20,"column":2},"end":{"line":20,"column":70}},"6":{"start":{"line":20,"column":26},"end":{"line":20,"column":70}},"7":{"start":{"line":21,"column":2},"end":{"line":21,"column":62}},"8":{"start":{"line":21,"column":22},"end":{"line":21,"column":62}},"9":{"start":{"line":22,"column":2},"end":{"line":22,"column":23}},"10":{"start":{"line":26,"column":2},"end":{"line":38,"column":3}},"11":{"start":{"line":27,"column":17},"end":{"line":27,"column":30}},"12":{"start":{"line":28,"column":4},"end":{"line":28,"column":49}},"13":{"start":{"line":28,"column":38},"end":{"line":28,"column":49}},"14":{"start":{"line":29,"column":4},"end":{"line":35,"column":20}},"15":{"start":{"line":37,"column":4},"end":{"line":37,"column":15}},"16":{"start":{"line":42,"column":2},"end":{"line":42,"column":47}},"17":{"start":{"line":42,"column":34},"end":{"line":42,"column":47}},"18":{"start":{"line":43,"column":15},"end":{"line":43,"column":32}},"19":{"start":{"line":44,"column":15},"end":{"line":44,"column":30}},"20":{"start":{"line":45,"column":17},"end":{"line":45,"column":45}},"21":{"start":{"line":46,"column":2},"end":{"line":46,"column":35}}},"fnMap":{"0":{"name":"formatPrice","decl":{"start":{"line":8,"column":16},"end":{"line":8,"column":27}},"loc":{"start":{"line":12,"column":10},"end":{"line":17,"column":1}},"line":12},"1":{"name":"formatCompactNumber","decl":{"start":{"line":19,"column":16},"end":{"line":19,"column":35}},"loc":{"start":{"line":19,"column":59},"end":{"line":23,"column":1}},"line":19},"2":{"name":"formatDate","decl":{"start":{"line":25,"column":16},"end":{"line":25,"column":26}},"loc":{"start":{"line":25,"column":66},"end":{"line":39,"column":1}},"line":25},"3":{"name":"maskPhone","decl":{"start":{"line":41,"column":16},"end":{"line":41,"column":25}},"loc":{"start":{"line":41,"column":49},"end":{"line":47,"column":1}},"line":41}},"branchMap":{"0":{"loc":{"start":{"line":10,"column":2},"end":{"line":10,"column":18}},"type":"default-arg","locations":[{"start":{"line":10,"column":13},"end":{"line":10,"column":18}}],"line":10},"1":{"loc":{"start":{"line":11,"column":2},"end":{"line":11,"column":14}},"type":"default-arg","locations":[{"start":{"line":11,"column":13},"end":{"line":11,"column":14}}],"line":11},"2":{"loc":{"start":{"line":13,"column":17},"end":{"line":13,"column":49}},"type":"binary-expr","locations":[{"start":{"line":13,"column":17},"end":{"line":13,"column":43}},{"start":{"line":13,"column":47},"end":{"line":13,"column":49}}],"line":13},"3":{"loc":{"start":{"line":14,"column":15},"end":{"line":14,"column":49}},"type":"cond-expr","locations":[{"start":{"line":14,"column":40},"end":{"line":14,"column":45}},{"start":{"line":14,"column":48},"end":{"line":14,"column":49}}],"line":14},"4":{"loc":{"start":{"line":20,"column":2},"end":{"line":20,"column":70}},"type":"if","locations":[{"start":{"line":20,"column":2},"end":{"line":20,"column":70}},{"start":{},"end":{}}],"line":20},"5":{"loc":{"start":{"line":21,"column":2},"end":{"line":21,"column":62}},"type":"if","locations":[{"start":{"line":21,"column":2},"end":{"line":21,"column":62}},{"start":{},"end":{}}],"line":21},"6":{"loc":{"start":{"line":25,"column":40},"end":{"line":25,"column":56}},"type":"default-arg","locations":[{"start":{"line":25,"column":49},"end":{"line":25,"column":56}}],"line":25},"7":{"loc":{"start":{"line":28,"column":4},"end":{"line":28,"column":49}},"type":"if","locations":[{"start":{"line":28,"column":4},"end":{"line":28,"column":49}},{"start":{},"end":{}}],"line":28},"8":{"loc":{"start":{"line":42,"column":2},"end":{"line":42,"column":47}},"type":"if","locations":[{"start":{"line":42,"column":2},"end":{"line":42,"column":47}},{"start":{},"end":{}}],"line":42},"9":{"loc":{"start":{"line":42,"column":6},"end":{"line":42,"column":32}},"type":"binary-expr","locations":[{"start":{"line":42,"column":6},"end":{"line":42,"column":12}},{"start":{"line":42,"column":16},"end":{"line":42,"column":32}}],"line":42}},"s":{"0":1,"1":7,"2":7,"3":7,"4":7,"5":3,"6":1,"7":2,"8":1,"9":1,"10":2,"11":2,"12":2,"13":1,"14":1,"15":0,"16":3,"17":2,"18":1,"19":1,"20":1,"21":1},"f":{"0":7,"1":3,"2":2,"3":3},"b":{"0":[2],"1":[4],"2":[7,1],"3":[5,2],"4":[1,2],"5":[1,1],"6":[1],"7":[1,1],"8":[2,1],"9":[3,2]},"_coverageSchema":"1a1c01bbd47fc00a2c39e90264f33305004495a9","hash":"c8a037360d89b273c0179c72168ef8bf243494c1"}
,"/Users/linsuwei/code/Work/Temporarily-project-React Native + Expo/mei-mart-app/src/utils/index.ts": {"path":"/Users/linsuwei/code/Work/Temporarily-project-React Native + Expo/mei-mart-app/src/utils/index.ts","statementMap":{},"fnMap":{},"branchMap":{},"s":{},"f":{},"b":{}}
,"/Users/linsuwei/code/Work/Temporarily-project-React Native + Expo/mei-mart-app/src/utils/validate.ts": {"path":"/Users/linsuwei/code/Work/Temporarily-project-React Native + Expo/mei-mart-app/src/utils/validate.ts","statementMap":{"0":{"start":{"line":2,"column":2},"end":{"line":2,"column":27}},"1":{"start":{"line":2,"column":14},"end":{"line":2,"column":27}},"2":{"start":{"line":3,"column":2},"end":{"line":5,"column":3}},"3":{"start":{"line":4,"column":4},"end":{"line":4,"column":70}},"4":{"start":{"line":6,"column":2},"end":{"line":8,"column":3}},"5":{"start":{"line":7,"column":4},"end":{"line":7,"column":39}},"6":{"start":{"line":9,"column":2},"end":{"line":9,"column":42}},"7":{"start":{"line":13,"column":2},"end":{"line":13,"column":62}},"8":{"start":{"line":17,"column":2},"end":{"line":17,"column":32}},"9":{"start":{"line":21,"column":2},"end":{"line":21,"column":50}}},"fnMap":{"0":{"name":"isValidPhone","decl":{"start":{"line":1,"column":16},"end":{"line":1,"column":28}},"loc":{"start":{"line":1,"column":98},"end":{"line":10,"column":1}},"line":1},"1":{"name":"isValidPassword","decl":{"start":{"line":12,"column":16},"end":{"line":12,"column":31}},"loc":{"start":{"line":12,"column":59},"end":{"line":14,"column":1}},"line":12},"2":{"name":"isSmsCode","decl":{"start":{"line":16,"column":16},"end":{"line":16,"column":25}},"loc":{"start":{"line":16,"column":49},"end":{"line":18,"column":1}},"line":16},"3":{"name":"isValidEmail","decl":{"start":{"line":20,"column":16},"end":{"line":20,"column":28}},"loc":{"start":{"line":20,"column":53},"end":{"line":22,"column":1}},"line":20}},"branchMap":{"0":{"loc":{"start":{"line":1,"column":44},"end":{"line":1,"column":87}},"type":"default-arg","locations":[{"start":{"line":1,"column":78},"end":{"line":1,"column":87}}],"line":1},"1":{"loc":{"start":{"line":2,"column":2},"end":{"line":2,"column":27}},"type":"if","locations":[{"start":{"line":2,"column":2},"end":{"line":2,"column":27}},{"start":{},"end":{}}],"line":2},"2":{"loc":{"start":{"line":3,"column":2},"end":{"line":5,"column":3}},"type":"if","locations":[{"start":{"line":3,"column":2},"end":{"line":5,"column":3}},{"start":{},"end":{}}],"line":3},"3":{"loc":{"start":{"line":6,"column":2},"end":{"line":8,"column":3}},"type":"if","locations":[{"start":{"line":6,"column":2},"end":{"line":8,"column":3}},{"start":{},"end":{}}],"line":6},"4":{"loc":{"start":{"line":13,"column":9},"end":{"line":13,"column":61}},"type":"binary-expr","locations":[{"start":{"line":13,"column":9},"end":{"line":13,"column":37}},{"start":{"line":13,"column":41},"end":{"line":13,"column":61}}],"line":13}},"s":{"0":7,"1":1,"2":6,"3":3,"4":3,"5":2,"6":1,"7":4,"8":5,"9":5},"f":{"0":7,"1":4,"2":5,"3":5},"b":{"0":[2],"1":[1,6],"2":[3,3],"3":[2,1],"4":[4,4]},"_coverageSchema":"1a1c01bbd47fc00a2c39e90264f33305004495a9","hash":"9e033ccb1f0b853f531fdc2e90560e31c0176736"}
}
