TN:
SF:src/components/ui/Avatar/Avatar.tsx
FN:13,Avatar
FN:81,(anonymous_1)
FNF:2
FNH:2
FNDA:4,Avatar
FNDA:1,(anonymous_1)
DA:7,1
DA:21,4
DA:22,4
DA:24,4
DA:27,4
DA:73,4
DA:74,1
DA:81,1
DA:88,3
DA:95,1
LF:10
LH:10
BRDA:15,0,0,4
BRDA:16,1,0,3
BRDA:18,2,0,0
BRDA:38,3,0,0
BRDA:38,3,1,4
BRDA:57,4,0,4
BRDA:57,4,1,1
BRDA:73,5,0,1
BRDA:73,5,1,3
BRDA:80,6,0,0
BRDA:80,6,1,1
BRDA:81,7,0,0
BRDA:81,7,1,1
BRF:13
BRH:9
end_of_record
TN:
SF:src/components/ui/Avatar/Avatar.types.ts
FNF:0
FNH:0
LF:0
LH:0
BRF:0
BRH:0
end_of_record
TN:
SF:src/components/ui/Avatar/index.ts
FNF:0
FNH:0
LF:0
LH:0
BRF:0
BRH:0
end_of_record
TN:
SF:src/components/ui/Badge/Badge.tsx
FN:6,Badge
FNF:1
FNH:1
FNDA:4,Badge
DA:13,4
DA:15,4
DA:16,1
DA:19,3
DA:20,3
DA:22,3
DA:23,1
DA:33,2
DA:45,1
LF:9
LH:9
BRDA:7,0,0,0
BRDA:8,1,0,3
BRDA:9,2,0,3
BRDA:15,3,0,1
BRDA:15,3,1,3
BRDA:19,4,0,3
BRDA:19,4,1,3
BRDA:20,5,0,1
BRDA:20,5,1,2
BRDA:22,6,0,1
BRDA:22,6,1,2
BRDA:27,7,0,1
BRDA:27,7,1,1
BRDA:37,8,0,2
BRDA:37,8,1,2
BRF:15
BRH:14
end_of_record
TN:
SF:src/components/ui/Badge/Badge.types.ts
FNF:0
FNH:0
LF:0
LH:0
BRF:0
BRH:0
end_of_record
TN:
SF:src/components/ui/Badge/index.ts
FNF:0
FNH:0
LF:0
LH:0
BRF:0
BRH:0
end_of_record
TN:
SF:src/components/ui/Button/Button.tsx
FN:18,Button
FN:55,(anonymous_1)
FNF:2
FNH:2
FNDA:5,Button
FNDA:5,(anonymous_1)
DA:6,1
DA:12,1
DA:29,5
DA:30,5
DA:32,5
DA:39,5
DA:46,5
DA:55,5
DA:91,1
LF:9
LH:9
BRDA:19,0,0,5
BRDA:20,1,0,5
BRDA:21,2,0,4
BRDA:22,3,0,4
BRDA:23,4,0,5
BRDA:30,5,0,5
BRDA:30,5,1,4
BRDA:61,6,0,2
BRDA:61,6,1,3
BRDA:61,7,0,0
BRDA:61,7,1,3
BRDA:62,8,0,0
BRDA:62,8,1,5
BRDA:64,9,0,5
BRDA:64,9,1,0
BRDA:68,10,0,5
BRDA:68,10,1,1
BRDA:80,11,0,0
BRDA:80,11,1,5
BRF:19
BRH:15
end_of_record
TN:
SF:src/components/ui/Button/Button.types.ts
FNF:0
FNH:0
LF:0
LH:0
BRF:0
BRH:0
end_of_record
TN:
SF:src/components/ui/Button/index.ts
FNF:0
FNH:0
LF:0
LH:0
BRF:0
BRH:0
end_of_record
TN:
SF:src/components/ui/Card/Card.tsx
FN:6,Card
FN:41,(anonymous_1)
FNF:2
FNH:2
FNDA:3,Card
FNDA:1,(anonymous_1)
DA:15,3
DA:18,3
DA:34,3
DA:35,1
DA:41,1
DA:48,2
DA:55,1
LF:7
LH:7
BRDA:9,0,0,3
BRDA:10,1,0,3
BRDA:26,2,0,3
BRDA:26,2,1,0
BRDA:34,3,0,1
BRDA:34,3,1,2
BRDA:41,4,0,0
BRDA:41,4,1,1
BRF:8
BRH:6
end_of_record
TN:
SF:src/components/ui/Card/Card.types.ts
FNF:0
FNH:0
LF:0
LH:0
BRF:0
BRH:0
end_of_record
TN:
SF:src/components/ui/Card/index.ts
FNF:0
FNH:0
LF:0
LH:0
BRF:0
BRH:0
end_of_record
TN:
SF:src/components/ui/Checkbox/Checkbox.tsx
FN:7,Checkbox
FN:13,(anonymous_1)
FN:18,(anonymous_2)
FNF:3
FNH:3
FNDA:4,Checkbox
FNDA:1,(anonymous_1)
FNDA:4,(anonymous_2)
DA:8,4
DA:10,4
DA:13,1
DA:18,4
DA:36,1
LF:5
LH:5
BRDA:7,0,0,3
BRDA:13,1,0,1
BRDA:13,1,1,1
BRDA:16,2,0,4
BRDA:16,2,1,3
BRDA:18,3,0,1
BRDA:18,3,1,3
BRDA:18,4,0,0
BRDA:18,4,1,3
BRDA:24,5,0,1
BRDA:24,5,1,3
BRDA:25,6,0,1
BRDA:25,6,1,3
BRDA:29,7,0,4
BRDA:29,7,1,1
BRDA:31,8,0,4
BRDA:31,8,1,1
BRF:17
BRH:16
end_of_record
TN:
SF:src/components/ui/Checkbox/Checkbox.types.ts
FNF:0
FNH:0
LF:0
LH:0
BRF:0
BRH:0
end_of_record
TN:
SF:src/components/ui/Checkbox/index.ts
FNF:0
FNH:0
LF:0
LH:0
BRF:0
BRH:0
end_of_record
TN:
SF:src/components/ui/Chip/Chip.tsx
FN:7,Chip
FN:16,(anonymous_1)
FN:21,(anonymous_2)
FNF:3
FNH:3
FNDA:3,Chip
FNDA:1,(anonymous_1)
FNDA:3,(anonymous_2)
DA:8,3
DA:10,3
DA:11,3
DA:13,3
DA:16,1
DA:21,3
DA:34,1
LF:7
LH:7
BRDA:7,0,0,3
BRDA:10,1,0,1
BRDA:10,1,1,2
BRDA:11,2,0,1
BRDA:11,2,1,2
BRDA:23,3,0,0
BRDA:23,3,1,3
BRDA:23,4,0,0
BRDA:23,4,1,3
BRDA:27,5,0,3
BRDA:27,5,1,0
BRF:11
BRH:8
end_of_record
TN:
SF:src/components/ui/Chip/Chip.types.ts
FNF:0
FNH:0
LF:0
LH:0
BRF:0
BRH:0
end_of_record
TN:
SF:src/components/ui/Chip/index.ts
FNF:0
FNH:0
LF:0
LH:0
BRF:0
BRH:0
end_of_record
TN:
SF:src/components/ui/Input/Input.tsx
FN:8,Input
FN:27,(anonymous_1)
FNF:2
FNH:2
FNDA:4,Input
FNDA:4,(anonymous_1)
DA:23,4
DA:24,4
DA:25,4
DA:27,4
DA:28,4
DA:29,0
DA:33,4
DA:105,1
LF:8
LH:7
BRDA:28,0,0,0
BRDA:28,0,1,4
BRDA:35,1,0,4
BRDA:35,1,1,3
BRDA:48,2,0,1
BRDA:48,2,1,3
BRDA:49,3,0,1
BRDA:49,3,1,3
BRDA:50,4,0,0
BRDA:50,4,1,4
BRDA:54,5,0,4
BRDA:54,5,1,0
BRDA:74,6,0,4
BRDA:74,6,1,1
BRDA:77,7,0,4
BRDA:77,7,1,0
BRDA:83,8,0,0
BRDA:83,8,1,0
BRDA:84,9,0,0
BRDA:84,9,1,0
BRDA:94,10,0,1
BRDA:94,10,1,3
BRDA:98,11,0,0
BRDA:98,11,1,3
BRF:24
BRH:15
end_of_record
TN:
SF:src/components/ui/Input/Input.types.ts
FNF:0
FNH:0
LF:0
LH:0
BRF:0
BRH:0
end_of_record
TN:
SF:src/components/ui/Input/index.ts
FNF:0
FNH:0
LF:0
LH:0
BRF:0
BRH:0
end_of_record
TN:
SF:src/components/ui/Skeleton/Skeleton.tsx
FN:7,Skeleton
FN:15,(anonymous_1)
FN:17,(anonymous_2)
FN:35,(anonymous_3)
FNF:4
FNH:4
FNDA:3,Skeleton
FNDA:3,(anonymous_1)
FNDA:3,(anonymous_2)
FNDA:3,(anonymous_3)
DA:14,3
DA:15,3
DA:17,3
DA:18,3
DA:34,3
DA:35,3
DA:38,3
DA:40,3
DA:59,1
LF:9
LH:9
BRDA:8,0,0,1
BRDA:9,1,0,1
BRDA:10,2,0,1
BRDA:38,3,0,1
BRDA:38,3,1,2
BRDA:38,4,0,1
BRDA:38,4,1,1
BRDA:38,5,0,1
BRDA:38,5,1,1
BRF:9
BRH:9
end_of_record
TN:
SF:src/components/ui/Skeleton/Skeleton.types.ts
FNF:0
FNH:0
LF:0
LH:0
BRF:0
BRH:0
end_of_record
TN:
SF:src/components/ui/Skeleton/index.ts
FNF:0
FNH:0
LF:0
LH:0
BRF:0
BRH:0
end_of_record
TN:
SF:src/components/ui/Switch/Switch.tsx
FN:11,Switch
FN:40,(anonymous_1)
FN:55,(anonymous_2)
FNF:3
FNH:2
FNDA:3,Switch
FNDA:0,(anonymous_1)
FNDA:1,(anonymous_2)
DA:6,1
DA:7,1
DA:8,1
DA:9,1
DA:12,3
DA:13,3
DA:14,3
DA:17,3
DA:36,3
DA:37,1
DA:40,0
DA:52,2
DA:55,1
DA:65,1
LF:14
LH:13
BRDA:11,0,0,3
BRDA:13,1,0,1
BRDA:13,1,1,2
BRDA:20,2,0,0
BRDA:20,2,1,3
BRDA:21,3,0,3
BRDA:21,3,1,1
BRDA:29,4,0,1
BRDA:29,4,1,2
BRDA:36,5,0,1
BRDA:36,5,1,2
BRDA:40,6,0,0
BRDA:40,6,1,0
BRDA:55,7,0,1
BRDA:55,7,1,1
BRF:15
BRH:12
end_of_record
TN:
SF:src/components/ui/Switch/Switch.types.ts
FNF:0
FNH:0
LF:0
LH:0
BRF:0
BRH:0
end_of_record
TN:
SF:src/components/ui/Switch/index.ts
FNF:0
FNH:0
LF:0
LH:0
BRF:0
BRH:0
end_of_record
TN:
SF:src/config/api.ts
FNF:0
FNH:0
DA:2,0
LF:1
LH:0
BRF:0
BRH:0
end_of_record
TN:
SF:src/config/env.ts
FNF:0
FNH:0
DA:9,0
DA:11,0
DA:12,0
DA:13,0
LF:4
LH:0
BRF:0
BRH:0
end_of_record
TN:
SF:src/theme/ThemeProvider.tsx
FN:31,ThemeProvider
FN:36,(anonymous_1)
FN:38,(anonymous_2)
FN:43,(anonymous_3)
FN:48,(anonymous_4)
FN:50,(anonymous_5)
FN:55,(anonymous_6)
FN:65,(anonymous_7)
FN:73,useTheme
FNF:9
FNH:6
FNDA:33,ThemeProvider
FNDA:33,(anonymous_1)
FNDA:33,(anonymous_2)
FNDA:0,(anonymous_3)
FNDA:0,(anonymous_4)
FNDA:0,(anonymous_5)
FNDA:33,(anonymous_6)
FNDA:33,(anonymous_7)
FNDA:33,useTheme
DA:27,9
DA:29,9
DA:32,33
DA:33,33
DA:36,33
DA:37,33
DA:39,33
DA:40,0
DA:48,33
DA:49,0
DA:50,0
DA:55,33
DA:56,33
DA:57,33
DA:59,0
DA:62,33
DA:64,33
DA:65,33
DA:70,33
DA:74,33
DA:75,33
DA:76,0
DA:78,33
LF:23
LH:18
BRDA:39,0,0,0
BRDA:39,0,1,33
BRDA:39,1,0,33
BRDA:39,1,1,33
BRDA:39,1,2,33
BRDA:56,2,0,33
BRDA:56,2,1,0
BRDA:57,3,0,0
BRDA:57,3,1,33
BRDA:62,4,0,0
BRDA:62,4,1,33
BRDA:75,5,0,0
BRDA:75,5,1,33
BRF:13
BRH:8
end_of_record
TN:
SF:src/theme/colors.ts
FNF:0
FNH:0
DA:74,9
DA:158,9
LF:2
LH:2
BRF:0
BRH:0
end_of_record
TN:
SF:src/theme/index.ts
FNF:0
FNH:0
LF:0
LH:0
BRF:0
BRH:0
end_of_record
TN:
SF:src/theme/spacing.ts
FNF:0
FNH:0
DA:17,9
DA:34,9
DA:57,9
LF:3
LH:3
BRF:0
BRH:0
end_of_record
TN:
SF:src/theme/typography.ts
FN:84,textStyle
FNF:1
FNH:0
FNDA:0,textStyle
DA:27,9
DA:85,0
DA:86,0
LF:3
LH:1
BRDA:91,0,0,0
BRDA:91,0,1,0
BRF:2
BRH:0
end_of_record
TN:
SF:src/types/index.ts
FNF:0
FNH:0
LF:0
LH:0
BRF:0
BRH:0
end_of_record
