TN:
SF:src/components/business/AddressCard/AddressCard.tsx
FN:7,AddressCard
FN:23,(anonymous_1)
FN:28,(anonymous_2)
FN:36,(anonymous_3)
FN:75,(anonymous_4)
FN:86,(anonymous_5)
FNF:6
FNH:3
FNDA:2,AddressCard
FNDA:2,(anonymous_1)
FNDA:0,(anonymous_2)
FNDA:0,(anonymous_3)
FNDA:1,(anonymous_4)
FNDA:0,(anonymous_5)
DA:17,2
DA:18,2
DA:20,2
DA:23,2
DA:28,0
DA:36,0
DA:75,1
DA:86,0
DA:101,1
LF:9
LH:6
BRDA:12,0,0,2
BRDA:13,1,0,2
BRDA:26,2,0,2
BRDA:26,2,1,0
BRDA:28,3,0,0
BRDA:28,3,1,2
BRDA:33,4,0,2
BRDA:33,4,1,0
BRDA:50,5,0,2
BRDA:50,5,1,2
BRDA:71,6,0,2
BRDA:71,6,1,1
BRDA:71,6,2,1
BRDA:73,7,0,1
BRDA:73,7,1,1
BRDA:84,8,0,1
BRDA:84,8,1,0
BRF:17
BRH:13
end_of_record
TN:
SF:src/components/business/AddressCard/AddressCard.types.ts
FNF:0
FNH:0
LF:0
LH:0
BRF:0
BRH:0
end_of_record
TN:
SF:src/components/business/AddressCard/index.ts
FNF:0
FNH:0
LF:0
LH:0
BRF:0
BRH:0
end_of_record
TN:
SF:src/components/business/BannerCarousel/BannerCarousel.tsx
FN:18,BannerCarousel
FN:30,(anonymous_1)
FN:32,(anonymous_2)
FN:33,(anonymous_3)
FN:39,(anonymous_4)
FN:42,(anonymous_5)
FN:59,(anonymous_6)
FN:62,(anonymous_7)
FN:85,(anonymous_8)
FNF:9
FNH:4
FNDA:3,BannerCarousel
FNDA:3,(anonymous_1)
FNDA:0,(anonymous_2)
FNDA:0,(anonymous_3)
FNDA:0,(anonymous_4)
FNDA:0,(anonymous_5)
FNDA:4,(anonymous_6)
FNDA:0,(anonymous_7)
FNDA:4,(anonymous_8)
DA:16,1
DA:26,3
DA:27,3
DA:28,3
DA:30,3
DA:31,3
DA:32,0
DA:33,0
DA:34,0
DA:35,0
DA:36,0
DA:39,0
DA:42,3
DA:43,0
DA:44,0
DA:47,3
DA:49,2
DA:60,4
DA:62,0
DA:86,4
DA:103,1
LF:21
LH:12
BRDA:21,0,0,1
BRDA:22,1,0,3
BRDA:23,2,0,3
BRDA:31,3,0,3
BRDA:31,3,1,0
BRDA:31,4,0,3
BRDA:31,4,1,1
BRDA:47,5,0,1
BRDA:47,5,1,2
BRDA:62,6,0,0
BRDA:62,6,1,4
BRDA:83,7,0,2
BRDA:83,7,1,2
BRDA:83,7,2,2
BRDA:92,8,0,2
BRDA:92,8,1,2
BRF:16
BRH:14
end_of_record
TN:
SF:src/components/business/BannerCarousel/BannerCarousel.types.ts
FNF:0
FNH:0
LF:0
LH:0
BRF:0
BRH:0
end_of_record
TN:
SF:src/components/business/BannerCarousel/index.ts
FNF:0
FNH:0
LF:0
LH:0
BRF:0
BRH:0
end_of_record
TN:
SF:src/components/business/CartItemRow/CartItemRow.tsx
FN:8,CartItemRow
FN:27,(anonymous_1)
FN:47,(anonymous_2)
FN:59,(anonymous_3)
FN:78,(anonymous_4)
FNF:5
FNH:4
FNDA:3,CartItemRow
FNDA:0,(anonymous_1)
FNDA:1,(anonymous_2)
FNDA:1,(anonymous_3)
FNDA:1,(anonymous_4)
DA:16,3
DA:17,3
DA:19,3
DA:27,0
DA:47,1
DA:59,1
DA:78,1
DA:91,1
LF:8
LH:7
BRDA:13,0,0,2
BRDA:24,1,0,3
BRDA:24,1,1,2
BRDA:44,2,0,3
BRDA:44,2,1,2
BRDA:44,2,2,1
BRDA:69,3,0,3
BRDA:69,3,1,1
BRDA:76,4,0,3
BRDA:76,4,1,2
BRDA:76,4,2,1
BRF:11
BRH:11
end_of_record
TN:
SF:src/components/business/CartItemRow/CartItemRow.types.ts
FNF:0
FNH:0
LF:0
LH:0
BRF:0
BRH:0
end_of_record
TN:
SF:src/components/business/CartItemRow/index.ts
FNF:0
FNH:0
LF:0
LH:0
BRF:0
BRH:0
end_of_record
TN:
SF:src/components/business/CategoryGrid/CategoryGrid.tsx
FN:6,CategoryGrid
FN:24,(anonymous_1)
FN:26,(anonymous_2)
FN:32,(anonymous_3)
FNF:4
FNH:3
FNDA:2,CategoryGrid
FNDA:3,(anonymous_1)
FNDA:8,(anonymous_2)
FNDA:0,(anonymous_3)
DA:13,2
DA:14,2
DA:15,2
DA:16,3
DA:19,2
DA:25,3
DA:27,8
DA:33,0
DA:41,1
LF:9
LH:8
BRDA:8,0,0,1
BRDA:9,1,0,2
BRDA:31,2,0,3
BRDA:31,2,1,0
BRF:4
BRH:3
end_of_record
TN:
SF:src/components/business/CategoryGrid/CategoryGrid.types.ts
FNF:0
FNH:0
LF:0
LH:0
BRF:0
BRH:0
end_of_record
TN:
SF:src/components/business/CategoryGrid/index.ts
FNF:0
FNH:0
LF:0
LH:0
BRF:0
BRH:0
end_of_record
TN:
SF:src/components/business/CategoryItem/CategoryItem.tsx
FN:12,CategoryItem
FN:19,(anonymous_1)
FN:20,(anonymous_2)
FNF:3
FNH:3
FNDA:10,CategoryItem
FNDA:10,(anonymous_1)
FNDA:1,(anonymous_2)
DA:6,2
DA:13,10
DA:14,10
DA:16,10
DA:19,10
DA:20,1
DA:55,2
LF:7
LH:7
BRDA:12,0,0,2
BRDA:19,1,0,10
BRDA:19,1,1,0
BRDA:20,2,0,1
BRDA:20,2,1,9
BRDA:36,3,0,10
BRDA:36,3,1,0
BRF:7
BRH:5
end_of_record
TN:
SF:src/components/business/CategoryItem/CategoryItem.types.ts
FNF:0
FNH:0
LF:0
LH:0
BRF:0
BRH:0
end_of_record
TN:
SF:src/components/business/CategoryItem/index.ts
FNF:0
FNH:0
LF:0
LH:0
BRF:0
BRH:0
end_of_record
TN:
SF:src/components/business/CouponCard/CouponCard.tsx
FN:6,CouponCard
FN:15,(anonymous_1)
FN:23,(anonymous_2)
FN:64,(anonymous_3)
FNF:4
FNH:3
FNDA:2,CouponCard
FNDA:2,(anonymous_1)
FNDA:0,(anonymous_2)
FNDA:1,(anonymous_3)
DA:7,2
DA:9,2
DA:10,2
DA:12,2
DA:15,2
DA:23,0
DA:64,1
DA:71,1
LF:8
LH:7
BRDA:9,0,0,2
BRDA:9,0,1,0
BRDA:10,1,0,2
BRDA:10,1,1,2
BRDA:18,2,0,2
BRDA:18,2,1,0
BRDA:19,3,0,2
BRDA:19,3,1,0
BRDA:21,4,0,2
BRDA:21,4,1,0
BRDA:23,5,0,0
BRDA:23,5,1,2
BRDA:31,6,0,2
BRDA:31,6,1,0
BRDA:44,7,0,2
BRDA:44,7,1,0
BRDA:58,8,0,2
BRDA:58,8,1,0
BRDA:63,9,0,2
BRDA:63,9,1,2
BRDA:63,9,2,1
BRDA:63,9,3,1
BRF:22
BRH:14
end_of_record
TN:
SF:src/components/business/CouponCard/CouponCard.types.ts
FNF:0
FNH:0
LF:0
LH:0
BRF:0
BRH:0
end_of_record
TN:
SF:src/components/business/CouponCard/index.ts
FNF:0
FNH:0
LF:0
LH:0
BRF:0
BRH:0
end_of_record
TN:
SF:src/components/business/NotificationItem/NotificationItem.tsx
FN:12,NotificationItem
FN:20,(anonymous_1)
FN:25,(anonymous_2)
FNF:3
FNH:2
FNDA:1,NotificationItem
FNDA:1,(anonymous_1)
FNDA:0,(anonymous_2)
DA:6,1
DA:13,1
DA:14,1
DA:15,1
DA:17,1
DA:20,1
DA:25,0
DA:65,1
LF:8
LH:7
BRDA:14,0,0,1
BRDA:14,0,1,0
BRDA:15,1,0,1
BRDA:15,1,1,0
BRDA:23,2,0,1
BRDA:23,2,1,0
BRDA:25,3,0,0
BRDA:25,3,1,1
BRDA:43,4,0,1
BRDA:43,4,1,1
BRDA:49,5,0,1
BRDA:49,5,1,1
BRF:12
BRH:8
end_of_record
TN:
SF:src/components/business/NotificationItem/NotificationItem.types.ts
FNF:0
FNH:0
LF:0
LH:0
BRF:0
BRH:0
end_of_record
TN:
SF:src/components/business/NotificationItem/index.ts
FNF:0
FNH:0
LF:0
LH:0
BRF:0
BRH:0
end_of_record
TN:
SF:src/components/business/OrderCard/OrderCard.tsx
FN:33,OrderCard
FN:45,(anonymous_1)
FN:50,(anonymous_2)
FN:66,(anonymous_3)
FN:81,(anonymous_4)
FN:87,(anonymous_5)
FNF:6
FNH:5
FNDA:2,OrderCard
FNDA:2,(anonymous_1)
FNDA:0,(anonymous_2)
FNDA:2,(anonymous_3)
FNDA:2,(anonymous_4)
FNDA:1,(anonymous_5)
DA:9,1
DA:18,1
DA:34,2
DA:35,2
DA:37,2
DA:40,2
DA:42,2
DA:45,2
DA:50,0
DA:67,2
DA:82,2
DA:87,1
DA:96,1
LF:13
LH:12
BRDA:37,0,0,0
BRDA:37,0,1,2
BRDA:39,1,0,2
BRDA:39,1,1,0
BRDA:40,2,0,2
BRDA:40,2,1,0
BRDA:48,3,0,2
BRDA:48,3,1,0
BRDA:50,4,0,0
BRDA:50,4,1,2
BRDA:69,5,0,2
BRDA:69,5,1,0
BRDA:79,6,0,2
BRDA:79,6,1,2
BRDA:79,6,2,1
BRDA:85,7,0,1
BRDA:85,7,1,1
BRF:17
BRH:11
end_of_record
TN:
SF:src/components/business/OrderCard/OrderCard.types.ts
FNF:0
FNH:0
DA:12,1
LF:1
LH:1
BRF:0
BRH:0
end_of_record
TN:
SF:src/components/business/OrderCard/index.ts
FNF:0
FNH:0
LF:0
LH:0
BRF:0
BRH:0
end_of_record
TN:
SF:src/components/business/ProductCard/ProductCard.tsx
FN:9,ProductCard
FN:15,(anonymous_1)
FN:23,(anonymous_2)
FN:54,(anonymous_3)
FNF:4
FNH:4
FNDA:4,ProductCard
FNDA:4,(anonymous_1)
FNDA:1,(anonymous_2)
FNDA:1,(anonymous_3)
DA:10,4
DA:12,4
DA:15,4
DA:23,1
DA:54,1
DA:63,1
LF:6
LH:6
BRDA:21,0,0,4
BRDA:21,0,1,0
BRDA:23,1,0,1
BRDA:23,1,1,3
BRDA:36,2,0,4
BRDA:36,2,1,4
BRDA:42,3,0,4
BRDA:42,3,1,4
BRDA:49,4,0,4
BRDA:49,4,1,1
BRF:10
BRH:9
end_of_record
TN:
SF:src/components/business/ProductCard/ProductCard.types.ts
FNF:0
FNH:0
LF:0
LH:0
BRF:0
BRH:0
end_of_record
TN:
SF:src/components/business/ProductCard/index.ts
FNF:0
FNH:0
LF:0
LH:0
BRF:0
BRH:0
end_of_record
TN:
SF:src/components/business/ProductItem/ProductItem.tsx
FN:6,ProductItem
FN:13,(anonymous_1)
FN:18,(anonymous_2)
FNF:3
FNH:3
FNDA:4,ProductItem
FNDA:4,(anonymous_1)
FNDA:1,(anonymous_2)
DA:7,4
DA:8,4
DA:10,4
DA:13,4
DA:18,1
DA:47,2
LF:6
LH:6
BRDA:16,0,0,4
BRDA:16,0,1,0
BRDA:18,1,0,1
BRDA:18,1,1,3
BRF:4
BRH:3
end_of_record
TN:
SF:src/components/business/ProductItem/ProductItem.types.ts
FNF:0
FNH:0
LF:0
LH:0
BRF:0
BRH:0
end_of_record
TN:
SF:src/components/business/ProductItem/index.ts
FNF:0
FNH:0
LF:0
LH:0
BRF:0
BRH:0
end_of_record
TN:
SF:src/components/business/PromoShortcut/PromoShortcut.tsx
FN:6,PromoShortcut
FN:11,(anonymous_1)
FN:14,(anonymous_2)
FN:19,(anonymous_3)
FNF:4
FNH:3
FNDA:1,PromoShortcut
FNDA:3,(anonymous_1)
FNDA:3,(anonymous_2)
FNDA:0,(anonymous_3)
DA:7,1
DA:9,1
DA:12,3
DA:14,3
DA:19,0
DA:43,1
LF:6
LH:5
BRDA:17,0,0,3
BRDA:17,0,1,0
BRDA:19,1,0,0
BRDA:19,1,1,3
BRF:4
BRH:2
end_of_record
TN:
SF:src/components/business/PromoShortcut/PromoShortcut.types.ts
FNF:0
FNH:0
LF:0
LH:0
BRF:0
BRH:0
end_of_record
TN:
SF:src/components/business/PromoShortcut/index.ts
FNF:0
FNH:0
LF:0
LH:0
BRF:0
BRH:0
end_of_record
TN:
SF:src/components/business/ReviewItem/ReviewItem.tsx
FN:6,ReviewItem
FN:11,(anonymous_1)
FN:16,(anonymous_2)
FN:36,(anonymous_3)
FN:53,(anonymous_4)
FNF:5
FNH:3
FNDA:1,ReviewItem
FNDA:1,(anonymous_1)
FNDA:0,(anonymous_2)
FNDA:5,(anonymous_3)
FNDA:0,(anonymous_4)
DA:7,1
DA:8,1
DA:11,1
DA:16,0
DA:37,5
DA:54,0
DA:67,1
LF:7
LH:5
BRDA:14,0,0,1
BRDA:14,0,1,0
BRDA:16,1,0,0
BRDA:16,1,1,1
BRDA:39,2,0,4
BRDA:39,2,1,1
BRDA:51,3,0,1
BRDA:51,3,1,0
BRDA:51,3,2,0
BRF:9
BRH:5
end_of_record
TN:
SF:src/components/business/ReviewItem/ReviewItem.types.ts
FNF:0
FNH:0
LF:0
LH:0
BRF:0
BRH:0
end_of_record
TN:
SF:src/components/business/ReviewItem/index.ts
FNF:0
FNH:0
LF:0
LH:0
BRF:0
BRH:0
end_of_record
TN:
SF:src/components/business/SearchBar/SearchBar.tsx
FN:7,SearchBar
FN:23,(anonymous_1)
FN:28,(anonymous_2)
FN:33,(anonymous_3)
FNF:4
FNH:3
FNDA:3,SearchBar
FNDA:1,(anonymous_1)
FNDA:1,(anonymous_2)
FNDA:0,(anonymous_3)
DA:18,3
DA:19,3
DA:20,3
DA:21,3
DA:23,3
DA:24,1
DA:25,1
DA:28,3
DA:29,1
DA:30,1
DA:33,3
DA:34,0
DA:35,0
DA:38,3
DA:86,1
LF:15
LH:13
BRDA:10,0,0,0
BRDA:15,1,0,3
BRDA:19,2,0,3
BRDA:19,2,1,2
BRDA:21,3,0,1
BRDA:21,3,1,2
BRDA:24,4,0,0
BRDA:24,4,1,1
BRDA:67,5,0,3
BRDA:67,5,1,2
BRF:10
BRH:8
end_of_record
TN:
SF:src/components/business/SearchBar/SearchBar.types.ts
FNF:0
FNH:0
LF:0
LH:0
BRF:0
BRH:0
end_of_record
TN:
SF:src/components/business/SearchBar/index.ts
FNF:0
FNH:0
LF:0
LH:0
BRF:0
BRH:0
end_of_record
TN:
SF:src/components/business/TimelineStep/TimelineStep.tsx
FN:6,TimelineStep
FN:14,(anonymous_1)
FNF:2
FNH:2
FNDA:1,TimelineStep
FNDA:3,(anonymous_1)
DA:11,1
DA:12,1
DA:15,3
DA:16,3
DA:17,3
DA:22,3
DA:83,1
LF:7
LH:7
BRDA:8,0,0,1
BRDA:17,1,0,1
BRDA:17,1,1,2
BRDA:19,2,0,2
BRDA:19,2,1,0
BRDA:29,3,0,3
BRDA:29,3,1,0
BRDA:29,4,0,3
BRDA:29,4,1,2
BRDA:34,5,0,3
BRDA:34,5,1,2
BRDA:34,5,2,3
BRDA:38,6,0,3
BRDA:38,6,1,2
BRDA:44,7,0,2
BRDA:44,7,1,0
BRDA:55,8,0,1
BRDA:55,8,1,2
BRDA:56,9,0,1
BRDA:56,9,1,2
BRDA:62,10,0,3
BRDA:62,10,1,0
BRDA:67,11,0,1
BRDA:67,11,1,2
BRF:24
BRH:20
end_of_record
TN:
SF:src/components/business/TimelineStep/TimelineStep.types.ts
FNF:0
FNH:0
LF:0
LH:0
BRF:0
BRH:0
end_of_record
TN:
SF:src/components/business/TimelineStep/index.ts
FNF:0
FNH:0
LF:0
LH:0
BRF:0
BRH:0
end_of_record
TN:
SF:src/components/cultural/DiamondPattern/DiamondPattern.tsx
FN:6,DiamondPattern
FNF:1
FNH:1
FNDA:1,DiamondPattern
DA:12,1
DA:13,1
DA:14,1
DA:28,1
LF:4
LH:4
BRDA:7,0,0,1
BRDA:8,1,0,1
BRDA:9,2,0,1
BRF:3
BRH:3
end_of_record
TN:
SF:src/components/cultural/DiamondPattern/DiamondPattern.types.ts
FNF:0
FNH:0
LF:0
LH:0
BRF:0
BRH:0
end_of_record
TN:
SF:src/components/cultural/DiamondPattern/index.ts
FNF:0
FNH:0
LF:0
LH:0
BRF:0
BRH:0
end_of_record
TN:
SF:src/components/cultural/LogoBadge/LogoBadge.tsx
FN:6,LogoBadge
FNF:1
FNH:1
FNDA:1,LogoBadge
DA:7,1
DA:8,1
DA:29,1
LF:3
LH:3
BRDA:6,0,0,1
BRF:1
BRH:1
end_of_record
TN:
SF:src/components/cultural/LogoBadge/LogoBadge.types.ts
FNF:0
FNH:0
LF:0
LH:0
BRF:0
BRH:0
end_of_record
TN:
SF:src/components/cultural/LogoBadge/index.ts
FNF:0
FNH:0
LF:0
LH:0
BRF:0
BRH:0
end_of_record
TN:
SF:src/components/cultural/TaisDivider/TaisDivider.tsx
FN:8,TaisDivider
FN:19,(anonymous_1)
FNF:2
FNH:2
FNDA:1,TaisDivider
FNDA:8,(anonymous_1)
DA:6,1
DA:9,1
DA:10,1
DA:11,1
DA:12,1
DA:13,1
DA:15,1
DA:20,8
DA:35,1
LF:9
LH:9
BRDA:8,0,0,1
BRDA:24,1,0,2
BRDA:24,1,1,6
BRF:3
BRH:3
end_of_record
TN:
SF:src/components/cultural/TaisDivider/TaisDivider.types.ts
FNF:0
FNH:0
LF:0
LH:0
BRF:0
BRH:0
end_of_record
TN:
SF:src/components/cultural/TaisDivider/index.ts
FNF:0
FNH:0
LF:0
LH:0
BRF:0
BRH:0
end_of_record
TN:
SF:src/components/cultural/TaisPattern/TaisPattern.tsx
FN:6,TaisPattern
FNF:1
FNH:1
FNDA:1,TaisPattern
DA:12,1
DA:13,1
DA:14,1
DA:28,1
LF:4
LH:4
BRDA:7,0,0,1
BRDA:8,1,0,1
BRDA:9,2,0,1
BRF:3
BRH:3
end_of_record
TN:
SF:src/components/cultural/TaisPattern/TaisPattern.types.ts
FNF:0
FNH:0
LF:0
LH:0
BRF:0
BRH:0
end_of_record
TN:
SF:src/components/cultural/TaisPattern/index.ts
FNF:0
FNH:0
LF:0
LH:0
BRF:0
BRH:0
end_of_record
TN:
SF:src/components/cultural/UmaLulikSkyline/UmaLulikSkyline.tsx
FN:6,UmaLulikSkyline
FN:18,(anonymous_1)
FNF:2
FNH:2
FNDA:1,UmaLulikSkyline
FNDA:8,(anonymous_1)
DA:7,1
DA:8,1
DA:9,1
DA:10,1
DA:12,1
DA:14,1
DA:19,8
DA:26,1
LF:8
LH:8
BRDA:6,0,0,1
BRF:1
BRH:1
end_of_record
TN:
SF:src/components/cultural/UmaLulikSkyline/UmaLulikSkyline.types.ts
FNF:0
FNH:0
LF:0
LH:0
BRF:0
BRH:0
end_of_record
TN:
SF:src/components/cultural/UmaLulikSkyline/index.ts
FNF:0
FNH:0
LF:0
LH:0
BRF:0
BRH:0
end_of_record
TN:
SF:src/components/feedback/EmptyState/EmptyState.tsx
FN:7,EmptyState
FNF:1
FNH:1
FNDA:2,EmptyState
DA:15,2
DA:16,2
DA:50,1
LF:3
LH:3
BRDA:10,0,0,2
BRDA:27,1,0,2
BRDA:27,1,1,1
BRDA:37,2,0,2
BRDA:37,2,1,1
BRDA:37,2,2,1
BRF:6
BRH:6
end_of_record
TN:
SF:src/components/feedback/EmptyState/EmptyState.types.ts
FNF:0
FNH:0
LF:0
LH:0
BRF:0
BRH:0
end_of_record
TN:
SF:src/components/feedback/EmptyState/index.ts
FNF:0
FNH:0
LF:0
LH:0
BRF:0
BRH:0
end_of_record
TN:
SF:src/components/feedback/ErrorBoundary/ErrorBoundary.tsx
FN:8,(anonymous_0)
FN:13,(anonymous_1)
FN:17,(anonymous_2)
FN:22,(anonymous_3)
FNF:4
FNH:4
FNDA:3,(anonymous_0)
FNDA:2,(anonymous_1)
FNDA:1,(anonymous_2)
FNDA:5,(anonymous_3)
DA:9,3
DA:10,3
DA:14,2
DA:18,1
DA:23,5
DA:24,2
DA:25,2
DA:27,0
DA:29,3
LF:9
LH:8
BRDA:23,0,0,2
BRDA:23,0,1,3
BRDA:24,1,0,2
BRDA:24,1,1,0
BRF:4
BRH:3
end_of_record
TN:
SF:src/components/feedback/ErrorBoundary/ErrorBoundary.types.ts
FNF:0
FNH:0
LF:0
LH:0
BRF:0
BRH:0
end_of_record
TN:
SF:src/components/feedback/ErrorBoundary/index.ts
FNF:0
FNH:0
LF:0
LH:0
BRF:0
BRH:0
end_of_record
TN:
SF:src/components/feedback/ErrorState/ErrorState.tsx
FN:7,ErrorState
FNF:1
FNH:1
FNDA:2,ErrorState
DA:8,2
DA:9,2
DA:27,2
LF:3
LH:3
BRDA:20,0,0,2
BRDA:20,0,1,1
BRF:2
BRH:2
end_of_record
TN:
SF:src/components/feedback/ErrorState/ErrorState.types.ts
FNF:0
FNH:0
LF:0
LH:0
BRF:0
BRH:0
end_of_record
TN:
SF:src/components/feedback/ErrorState/index.ts
FNF:0
FNH:0
LF:0
LH:0
BRF:0
BRH:0
end_of_record
TN:
SF:src/components/feedback/LoadingOverlay/LoadingOverlay.tsx
FN:5,LoadingOverlay
FNF:1
FNH:1
FNDA:2,LoadingOverlay
DA:6,2
DA:7,2
DA:25,1
LF:3
LH:3
BRDA:13,0,0,2
BRDA:13,0,1,0
BRDA:16,1,0,2
BRDA:16,1,1,2
BRF:4
BRH:3
end_of_record
TN:
SF:src/components/feedback/LoadingOverlay/LoadingOverlay.types.ts
FNF:0
FNH:0
LF:0
LH:0
BRF:0
BRH:0
end_of_record
TN:
SF:src/components/feedback/LoadingOverlay/index.ts
FNF:0
FNH:0
LF:0
LH:0
BRF:0
BRH:0
end_of_record
TN:
SF:src/components/feedback/OfflineBanner/OfflineBanner.tsx
FN:6,OfflineBanner
FN:35,WeakNetworkBanner
FNF:2
FNH:2
FNDA:2,OfflineBanner
FNDA:1,WeakNetworkBanner
DA:7,2
DA:8,2
DA:36,1
DA:37,1
DA:52,1
LF:5
LH:5
BRDA:19,0,0,2
BRDA:19,0,1,1
BRF:2
BRH:2
end_of_record
TN:
SF:src/components/feedback/OfflineBanner/OfflineBanner.types.ts
FNF:0
FNH:0
LF:0
LH:0
BRF:0
BRH:0
end_of_record
TN:
SF:src/components/feedback/OfflineBanner/index.ts
FNF:0
FNH:0
LF:0
LH:0
BRF:0
BRH:0
end_of_record
TN:
SF:src/components/feedback/Toast/Toast.tsx
FN:13,Toast
FN:26,(anonymous_1)
FN:29,(anonymous_2)
FNF:3
FNH:2
FNDA:2,Toast
FNDA:2,(anonymous_1)
FNDA:0,(anonymous_2)
DA:7,1
DA:21,2
DA:22,2
DA:23,2
DA:24,2
DA:26,2
DA:27,2
DA:28,0
DA:29,0
DA:33,2
DA:35,1
DA:48,1
LF:12
LH:10
BRDA:16,0,0,1
BRDA:17,1,0,2
BRDA:23,2,0,2
BRDA:23,2,1,0
BRDA:24,3,0,0
BRDA:24,3,1,2
BRDA:27,4,0,0
BRDA:27,4,1,2
BRDA:27,5,0,2
BRDA:27,5,1,1
BRDA:27,5,2,1
BRDA:33,6,0,1
BRDA:33,6,1,1
BRF:13
BRH:10
end_of_record
TN:
SF:src/components/feedback/Toast/Toast.types.ts
FNF:0
FNH:0
LF:0
LH:0
BRF:0
BRH:0
end_of_record
TN:
SF:src/components/feedback/Toast/index.ts
FNF:0
FNH:0
LF:0
LH:0
BRF:0
BRH:0
end_of_record
TN:
SF:src/components/layout/BottomNav/BottomNav.tsx
FN:8,BottomNav
FN:29,(anonymous_1)
FN:36,(anonymous_2)
FNF:3
FNH:3
FNDA:2,BottomNav
FNDA:10,(anonymous_1)
FNDA:1,(anonymous_2)
DA:9,2
DA:11,2
DA:13,2
DA:30,10
DA:31,10
DA:32,10
DA:36,1
DA:62,1
LF:8
LH:8
BRDA:31,0,0,2
BRDA:31,0,1,8
BRDA:43,1,0,10
BRDA:43,1,1,2
BRDA:43,1,2,2
BRDA:50,2,0,2
BRDA:50,2,1,8
BRF:7
BRH:7
end_of_record
TN:
SF:src/components/layout/BottomNav/BottomNav.types.ts
FNF:0
FNH:0
DA:9,1
LF:1
LH:1
BRF:0
BRH:0
end_of_record
TN:
SF:src/components/layout/BottomNav/index.ts
FNF:0
FNH:0
LF:0
LH:0
BRF:0
BRH:0
end_of_record
TN:
SF:src/components/layout/KeyboardAvoidingView/KeyboardAvoidingView.tsx
FN:5,KeyboardAvoidingWrapper
FNF:1
FNH:1
FNDA:1,KeyboardAvoidingWrapper
DA:6,1
DA:7,1
DA:19,1
LF:3
LH:3
BRF:0
BRH:0
end_of_record
TN:
SF:src/components/layout/KeyboardAvoidingView/KeyboardAvoidingView.types.ts
FNF:0
FNH:0
LF:0
LH:0
BRF:0
BRH:0
end_of_record
TN:
SF:src/components/layout/KeyboardAvoidingView/index.ts
FNF:0
FNH:0
LF:0
LH:0
BRF:0
BRH:0
end_of_record
TN:
SF:src/components/layout/PageHeader/PageHeader.tsx
FN:6,PageHeader
FNF:1
FNH:1
FNDA:3,PageHeader
DA:13,3
DA:15,3
DA:52,1
LF:3
LH:3
BRDA:8,0,0,2
BRDA:27,1,0,3
BRDA:27,1,1,1
BRDA:41,2,0,1
BRDA:41,2,1,2
BRDA:45,3,0,3
BRDA:45,3,1,0
BRDA:47,4,0,3
BRDA:47,4,1,1
BRF:9
BRH:8
end_of_record
TN:
SF:src/components/layout/PageHeader/PageHeader.types.ts
FNF:0
FNH:0
LF:0
LH:0
BRF:0
BRH:0
end_of_record
TN:
SF:src/components/layout/PageHeader/index.ts
FNF:0
FNH:0
LF:0
LH:0
BRF:0
BRH:0
end_of_record
TN:
SF:src/components/layout/SafeAreaWrapper/SafeAreaWrapper.tsx
FN:6,SafeAreaWrapper
FNF:1
FNH:1
FNDA:1,SafeAreaWrapper
DA:12,1
DA:13,1
DA:24,1
LF:3
LH:3
BRDA:8,0,0,1
BRF:1
BRH:1
end_of_record
TN:
SF:src/components/layout/SafeAreaWrapper/SafeAreaWrapper.types.ts
FNF:0
FNH:0
LF:0
LH:0
BRF:0
BRH:0
end_of_record
TN:
SF:src/components/layout/SafeAreaWrapper/index.ts
FNF:0
FNH:0
LF:0
LH:0
BRF:0
BRH:0
end_of_record
TN:
SF:src/components/layout/StatusBar/StatusBar.tsx
FN:5,StatusBarConfig
FNF:1
FNH:1
FNDA:1,StatusBarConfig
DA:6,1
DA:7,1
DA:8,1
LF:3
LH:3
BRDA:5,0,0,1
BRDA:12,1,0,0
BRDA:12,1,1,1
BRF:3
BRH:2
end_of_record
TN:
SF:src/components/layout/StatusBar/StatusBar.types.ts
FNF:0
FNH:0
LF:0
LH:0
BRF:0
BRH:0
end_of_record
TN:
SF:src/components/layout/StatusBar/index.ts
FNF:0
FNH:0
LF:0
LH:0
BRF:0
BRH:0
end_of_record
TN:
SF:src/components/layout/TabBar/TabBar.tsx
FN:5,TabBar
FN:13,(anonymous_1)
FN:25,(anonymous_2)
FNF:3
FNH:3
FNDA:2,TabBar
FNDA:5,(anonymous_1)
FNDA:1,(anonymous_2)
DA:6,2
DA:7,2
DA:14,5
DA:15,5
DA:25,1
DA:48,1
LF:6
LH:6
BRDA:20,0,0,5
BRDA:20,0,1,2
BRDA:34,1,0,2
BRDA:34,1,1,3
BRDA:35,2,0,2
BRDA:35,2,1,3
BRF:6
BRH:6
end_of_record
TN:
SF:src/components/layout/TabBar/TabBar.types.ts
FNF:0
FNH:0
LF:0
LH:0
BRF:0
BRH:0
end_of_record
TN:
SF:src/components/layout/TabBar/index.ts
FNF:0
FNH:0
LF:0
LH:0
BRF:0
BRH:0
end_of_record
TN:
SF:src/components/ui/Avatar/Avatar.tsx
FN:13,Avatar
FN:81,(anonymous_1)
FNF:2
FNH:2
FNDA:4,Avatar
FNDA:1,(anonymous_1)
DA:7,1
DA:21,4
DA:22,4
DA:24,4
DA:27,4
DA:73,4
DA:74,1
DA:81,1
DA:88,3
DA:95,1
LF:10
LH:10
BRDA:15,0,0,4
BRDA:16,1,0,3
BRDA:18,2,0,0
BRDA:38,3,0,0
BRDA:38,3,1,4
BRDA:57,4,0,4
BRDA:57,4,1,1
BRDA:73,5,0,1
BRDA:73,5,1,3
BRDA:80,6,0,0
BRDA:80,6,1,1
BRDA:81,7,0,0
BRDA:81,7,1,1
BRF:13
BRH:9
end_of_record
TN:
SF:src/components/ui/Avatar/Avatar.types.ts
FNF:0
FNH:0
LF:0
LH:0
BRF:0
BRH:0
end_of_record
TN:
SF:src/components/ui/Avatar/index.ts
FNF:0
FNH:0
LF:0
LH:0
BRF:0
BRH:0
end_of_record
TN:
SF:src/components/ui/Badge/Badge.tsx
FN:6,Badge
FNF:1
FNH:1
FNDA:6,Badge
DA:14,6
DA:16,6
DA:17,1
DA:20,5
DA:21,5
DA:23,5
DA:24,1
DA:34,4
DA:46,2
LF:9
LH:9
BRDA:7,0,0,0
BRDA:8,1,0,3
BRDA:9,2,0,5
BRDA:16,3,0,1
BRDA:16,3,1,5
BRDA:20,4,0,5
BRDA:20,4,1,5
BRDA:21,5,0,1
BRDA:21,5,1,4
BRDA:23,6,0,1
BRDA:23,6,1,4
BRDA:28,7,0,1
BRDA:28,7,1,1
BRDA:38,8,0,4
BRDA:38,8,1,4
BRF:15
BRH:14
end_of_record
TN:
SF:src/components/ui/Badge/Badge.types.ts
FNF:0
FNH:0
LF:0
LH:0
BRF:0
BRH:0
end_of_record
TN:
SF:src/components/ui/Badge/index.ts
FNF:0
FNH:0
LF:0
LH:0
BRF:0
BRH:0
end_of_record
TN:
SF:src/components/ui/Button/Button.tsx
FN:18,Button
FN:55,(anonymous_1)
FNF:2
FNH:2
FNDA:11,Button
FNDA:11,(anonymous_1)
DA:6,7
DA:12,7
DA:29,11
DA:30,11
DA:32,11
DA:39,11
DA:46,11
DA:55,11
DA:91,7
LF:9
LH:9
BRDA:19,0,0,5
BRDA:20,1,0,5
BRDA:21,2,0,10
BRDA:22,3,0,10
BRDA:23,4,0,11
BRDA:30,5,0,11
BRDA:30,5,1,10
BRDA:61,6,0,2
BRDA:61,6,1,9
BRDA:61,7,0,0
BRDA:61,7,1,9
BRDA:62,8,0,0
BRDA:62,8,1,11
BRDA:64,9,0,11
BRDA:64,9,1,3
BRDA:68,10,0,11
BRDA:68,10,1,1
BRDA:80,11,0,4
BRDA:80,11,1,7
BRF:19
BRH:17
end_of_record
TN:
SF:src/components/ui/Button/Button.types.ts
FNF:0
FNH:0
LF:0
LH:0
BRF:0
BRH:0
end_of_record
TN:
SF:src/components/ui/Button/index.ts
FNF:0
FNH:0
LF:0
LH:0
BRF:0
BRH:0
end_of_record
TN:
SF:src/components/ui/Card/Card.tsx
FN:6,Card
FN:41,(anonymous_1)
FNF:2
FNH:2
FNDA:3,Card
FNDA:1,(anonymous_1)
DA:15,3
DA:18,3
DA:34,3
DA:35,1
DA:41,1
DA:48,2
DA:55,1
LF:7
LH:7
BRDA:9,0,0,3
BRDA:10,1,0,3
BRDA:26,2,0,3
BRDA:26,2,1,0
BRDA:34,3,0,1
BRDA:34,3,1,2
BRDA:41,4,0,0
BRDA:41,4,1,1
BRF:8
BRH:6
end_of_record
TN:
SF:src/components/ui/Card/Card.types.ts
FNF:0
FNH:0
LF:0
LH:0
BRF:0
BRH:0
end_of_record
TN:
SF:src/components/ui/Card/index.ts
FNF:0
FNH:0
LF:0
LH:0
BRF:0
BRH:0
end_of_record
TN:
SF:src/components/ui/Checkbox/Checkbox.tsx
FN:7,Checkbox
FN:18,(anonymous_1)
FN:32,(anonymous_2)
FNF:3
FNH:3
FNDA:6,Checkbox
FNDA:1,(anonymous_1)
FNDA:6,(anonymous_2)
DA:16,6
DA:18,6
DA:19,1
DA:20,1
DA:21,1
DA:24,6
DA:32,6
DA:50,3
LF:8
LH:8
BRDA:12,0,0,5
BRDA:19,1,0,0
BRDA:19,1,1,1
BRDA:30,2,0,6
BRDA:30,2,1,4
BRDA:30,2,2,3
BRDA:32,3,0,1
BRDA:32,3,1,5
BRDA:32,4,0,0
BRDA:32,4,1,5
BRDA:38,5,0,3
BRDA:38,5,1,3
BRDA:39,6,0,3
BRDA:39,6,1,3
BRDA:43,7,0,6
BRDA:43,7,1,3
BRDA:45,8,0,6
BRDA:45,8,1,1
BRF:18
BRH:16
end_of_record
TN:
SF:src/components/ui/Checkbox/Checkbox.types.ts
FNF:0
FNH:0
LF:0
LH:0
BRF:0
BRH:0
end_of_record
TN:
SF:src/components/ui/Checkbox/index.ts
FNF:0
FNH:0
LF:0
LH:0
BRF:0
BRH:0
end_of_record
TN:
SF:src/components/ui/Chip/Chip.tsx
FN:7,Chip
FN:16,(anonymous_1)
FN:21,(anonymous_2)
FNF:3
FNH:3
FNDA:3,Chip
FNDA:1,(anonymous_1)
FNDA:3,(anonymous_2)
DA:8,3
DA:10,3
DA:11,3
DA:13,3
DA:16,1
DA:21,3
DA:34,1
LF:7
LH:7
BRDA:7,0,0,3
BRDA:10,1,0,1
BRDA:10,1,1,2
BRDA:11,2,0,1
BRDA:11,2,1,2
BRDA:23,3,0,0
BRDA:23,3,1,3
BRDA:23,4,0,0
BRDA:23,4,1,3
BRDA:27,5,0,3
BRDA:27,5,1,0
BRF:11
BRH:8
end_of_record
TN:
SF:src/components/ui/Chip/Chip.types.ts
FNF:0
FNH:0
LF:0
LH:0
BRF:0
BRH:0
end_of_record
TN:
SF:src/components/ui/Chip/index.ts
FNF:0
FNH:0
LF:0
LH:0
BRF:0
BRH:0
end_of_record
TN:
SF:src/components/ui/Input/Input.tsx
FN:8,Input
FN:27,(anonymous_1)
FNF:2
FNH:2
FNDA:4,Input
FNDA:4,(anonymous_1)
DA:23,4
DA:24,4
DA:25,4
DA:27,4
DA:28,4
DA:29,0
DA:33,4
DA:105,1
LF:8
LH:7
BRDA:28,0,0,0
BRDA:28,0,1,4
BRDA:35,1,0,4
BRDA:35,1,1,3
BRDA:48,2,0,1
BRDA:48,2,1,3
BRDA:49,3,0,1
BRDA:49,3,1,3
BRDA:50,4,0,0
BRDA:50,4,1,4
BRDA:54,5,0,4
BRDA:54,5,1,0
BRDA:74,6,0,4
BRDA:74,6,1,1
BRDA:77,7,0,4
BRDA:77,7,1,0
BRDA:83,8,0,0
BRDA:83,8,1,0
BRDA:84,9,0,0
BRDA:84,9,1,0
BRDA:94,10,0,1
BRDA:94,10,1,3
BRDA:98,11,0,0
BRDA:98,11,1,3
BRF:24
BRH:15
end_of_record
TN:
SF:src/components/ui/Input/Input.types.ts
FNF:0
FNH:0
LF:0
LH:0
BRF:0
BRH:0
end_of_record
TN:
SF:src/components/ui/Input/index.ts
FNF:0
FNH:0
LF:0
LH:0
BRF:0
BRH:0
end_of_record
TN:
SF:src/components/ui/Modal/Modal.tsx
FN:7,Modal
FN:29,(anonymous_1)
FN:36,(anonymous_2)
FNF:3
FNH:1
FNDA:4,Modal
FNDA:0,(anonymous_1)
FNDA:0,(anonymous_2)
DA:16,4
DA:18,4
DA:29,0
DA:36,0
DA:77,1
LF:5
LH:3
BRDA:12,0,0,4
BRDA:25,1,0,4
BRDA:25,1,1,2
BRDA:29,2,0,0
BRDA:29,2,1,0
BRDA:38,3,0,4
BRDA:38,3,1,2
BRDA:40,4,0,4
BRDA:40,4,1,2
BRDA:48,5,0,2
BRDA:48,5,1,1
BRDA:66,6,0,4
BRDA:66,6,1,0
BRF:13
BRH:10
end_of_record
TN:
SF:src/components/ui/Modal/Modal.types.ts
FNF:0
FNH:0
LF:0
LH:0
BRF:0
BRH:0
end_of_record
TN:
SF:src/components/ui/Modal/index.ts
FNF:0
FNH:0
LF:0
LH:0
BRF:0
BRH:0
end_of_record
TN:
SF:src/components/ui/PriceText/PriceText.tsx
FN:13,formatPrice
FN:17,PriceText
FNF:2
FNH:2
FNDA:48,formatPrice
FNDA:17,PriceText
DA:7,5
DA:14,48
DA:26,17
DA:27,17
DA:28,17
DA:30,17
DA:32,17
DA:63,5
LF:8
LH:8
BRDA:19,0,0,16
BRDA:20,1,0,4
BRDA:22,2,0,17
BRDA:23,3,0,17
BRDA:30,4,0,17
BRDA:30,4,1,8
BRDA:38,5,0,7
BRDA:38,5,1,10
BRDA:43,6,0,0
BRDA:43,6,1,17
BRDA:47,7,0,17
BRDA:47,7,1,7
BRDA:52,8,0,7
BRDA:52,8,1,0
BRDA:54,9,0,0
BRDA:54,9,1,7
BRF:16
BRH:13
end_of_record
TN:
SF:src/components/ui/PriceText/PriceText.types.ts
FNF:0
FNH:0
LF:0
LH:0
BRF:0
BRH:0
end_of_record
TN:
SF:src/components/ui/PriceText/index.ts
FNF:0
FNH:0
LF:0
LH:0
BRF:0
BRH:0
end_of_record
TN:
SF:src/components/ui/Skeleton/Skeleton.tsx
FN:7,Skeleton
FN:15,(anonymous_1)
FN:17,(anonymous_2)
FN:35,(anonymous_3)
FNF:4
FNH:4
FNDA:3,Skeleton
FNDA:3,(anonymous_1)
FNDA:3,(anonymous_2)
FNDA:3,(anonymous_3)
DA:14,3
DA:15,3
DA:17,3
DA:18,3
DA:34,3
DA:35,3
DA:38,3
DA:40,3
DA:59,1
LF:9
LH:9
BRDA:8,0,0,1
BRDA:9,1,0,1
BRDA:10,2,0,1
BRDA:38,3,0,1
BRDA:38,3,1,2
BRDA:38,4,0,1
BRDA:38,4,1,1
BRDA:38,5,0,1
BRDA:38,5,1,1
BRF:9
BRH:9
end_of_record
TN:
SF:src/components/ui/Skeleton/Skeleton.types.ts
FNF:0
FNH:0
LF:0
LH:0
BRF:0
BRH:0
end_of_record
TN:
SF:src/components/ui/Skeleton/index.ts
FNF:0
FNH:0
LF:0
LH:0
BRF:0
BRH:0
end_of_record
TN:
SF:src/components/ui/Switch/Switch.tsx
FN:11,Switch
FN:40,(anonymous_1)
FN:55,(anonymous_2)
FNF:3
FNH:2
FNDA:3,Switch
FNDA:0,(anonymous_1)
FNDA:1,(anonymous_2)
DA:6,1
DA:7,1
DA:8,1
DA:9,1
DA:12,3
DA:13,3
DA:14,3
DA:17,3
DA:36,3
DA:37,1
DA:40,0
DA:52,2
DA:55,1
DA:65,1
LF:14
LH:13
BRDA:11,0,0,3
BRDA:13,1,0,1
BRDA:13,1,1,2
BRDA:20,2,0,0
BRDA:20,2,1,3
BRDA:21,3,0,3
BRDA:21,3,1,1
BRDA:29,4,0,1
BRDA:29,4,1,2
BRDA:36,5,0,1
BRDA:36,5,1,2
BRDA:40,6,0,0
BRDA:40,6,1,0
BRDA:55,7,0,1
BRDA:55,7,1,1
BRF:15
BRH:12
end_of_record
TN:
SF:src/components/ui/Switch/Switch.types.ts
FNF:0
FNH:0
LF:0
LH:0
BRF:0
BRH:0
end_of_record
TN:
SF:src/components/ui/Switch/index.ts
FNF:0
FNH:0
LF:0
LH:0
BRF:0
BRH:0
end_of_record
TN:
SF:src/config/api.ts
FNF:0
FNH:0
DA:2,0
LF:1
LH:0
BRF:0
BRH:0
end_of_record
TN:
SF:src/config/env.ts
FNF:0
FNH:0
DA:9,0
DA:11,0
DA:12,0
DA:13,0
LF:4
LH:0
BRF:0
BRH:0
end_of_record
TN:
SF:src/hooks/useAuth.ts
FN:19,useAuth
FN:20,(anonymous_1)
FN:21,(anonymous_2)
FN:29,(anonymous_3)
FN:43,(anonymous_4)
FN:53,(anonymous_5)
FNF:6
FNH:0
FNDA:0,useAuth
FNDA:0,(anonymous_1)
FNDA:0,(anonymous_2)
FNDA:0,(anonymous_3)
FNDA:0,(anonymous_4)
FNDA:0,(anonymous_5)
DA:20,0
DA:21,0
DA:22,0
DA:23,0
DA:24,0
DA:25,0
DA:26,0
DA:28,0
DA:31,0
DA:34,0
DA:35,0
DA:36,0
DA:37,0
DA:42,0
DA:44,0
DA:45,0
DA:46,0
DA:47,0
DA:48,0
DA:53,0
DA:54,0
DA:55,0
DA:56,0
DA:59,0
LF:24
LH:0
BRDA:31,0,0,0
BRDA:31,0,1,0
BRDA:66,1,0,0
BRDA:66,1,1,0
BRDA:66,1,2,0
BRDA:66,1,3,0
BRF:6
BRH:0
end_of_record
TN:
SF:src/hooks/useDebounce.ts
FN:3,useDebounce
FN:6,(anonymous_1)
FN:7,(anonymous_2)
FN:8,(anonymous_3)
FNF:4
FNH:4
FNDA:8,useDebounce
FNDA:6,(anonymous_1)
FNDA:2,(anonymous_2)
FNDA:6,(anonymous_3)
DA:4,8
DA:6,8
DA:7,6
DA:8,6
DA:11,8
LF:5
LH:5
BRDA:3,0,0,0
BRF:1
BRH:0
end_of_record
TN:
SF:src/hooks/useNetwork.ts
FN:12,useNetworkQuality
FN:20,(anonymous_1)
FN:21,(anonymous_2)
FN:24,(anonymous_3)
FN:44,(anonymous_4)
FN:50,useNetwork
FNF:6
FNH:0
FNDA:0,useNetworkQuality
FNDA:0,(anonymous_1)
FNDA:0,(anonymous_2)
FNDA:0,(anonymous_3)
FNDA:0,(anonymous_4)
FNDA:0,useNetwork
DA:13,0
DA:20,0
DA:21,0
DA:22,0
DA:23,0
DA:24,0
DA:25,0
DA:26,0
DA:27,0
DA:28,0
DA:30,0
DA:36,0
DA:37,0
DA:44,0
DA:47,0
DA:51,0
LF:16
LH:0
BRDA:26,0,0,0
BRDA:26,0,1,0
BRDA:26,1,0,0
BRDA:26,1,1,0
BRDA:27,2,0,0
BRDA:27,2,1,0
BRDA:27,3,0,0
BRDA:27,3,1,0
BRDA:33,4,0,0
BRDA:33,4,1,0
BRDA:39,5,0,0
BRDA:39,5,1,0
BRF:12
BRH:0
end_of_record
TN:
SF:src/hooks/useNetworkQuality.ts
FNF:0
FNH:0
LF:0
LH:0
BRF:0
BRH:0
end_of_record
TN:
SF:src/hooks/useOfflineMutation.ts
FN:5,useOfflineMutation
FN:7,(anonymous_1)
FNF:2
FNH:0
FNDA:0,useOfflineMutation
FNDA:0,(anonymous_1)
DA:6,0
DA:11,0
DA:12,0
DA:13,0
DA:14,0
DA:15,0
DA:17,0
DA:20,0
DA:21,0
LF:9
LH:0
BRDA:12,0,0,0
BRDA:12,0,1,0
BRF:2
BRH:0
end_of_record
TN:
SF:src/hooks/usePagination.ts
FN:11,usePagination
FN:14,(anonymous_1)
FN:16,(anonymous_2)
FNF:3
FNH:0
FNDA:0,usePagination
FNDA:0,(anonymous_1)
FNDA:0,(anonymous_2)
DA:12,0
DA:14,0
DA:16,0
LF:3
LH:0
BRDA:11,0,0,0
BRDA:16,1,0,0
BRDA:16,1,1,0
BRF:3
BRH:0
end_of_record
TN:
SF:src/hooks/useWeakNetworkUI.ts
FN:12,useWeakNetworkUI
FNF:1
FNH:0
FNDA:0,useWeakNetworkUI
DA:13,0
DA:14,0
DA:15,0
LF:3
LH:0
BRDA:14,0,0,0
BRDA:14,0,1,0
BRDA:14,0,2,0
BRDA:20,1,0,0
BRDA:20,1,1,0
BRDA:21,2,0,0
BRDA:21,2,1,0
BRF:7
BRH:0
end_of_record
TN:
SF:src/i18n/index.ts
FN:23,loadInitialLocale
FN:41,initI18n
FN:55,changeLocale
FN:66,getCurrentLocale
FN:70,isRTL
FNF:5
FNH:0
FNDA:0,loadInitialLocale
FNDA:0,initI18n
FNDA:0,changeLocale
FNDA:0,getCurrentLocale
FNDA:0,isRTL
DA:11,0
DA:13,0
DA:15,0
DA:17,0
DA:24,0
DA:25,0
DA:26,0
DA:27,0
DA:28,0
DA:29,0
DA:34,0
DA:35,0
DA:36,0
DA:39,0
DA:42,0
DA:43,0
DA:44,0
DA:45,0
DA:52,0
DA:56,0
DA:57,0
DA:58,0
DA:59,0
DA:63,0
DA:67,0
DA:71,0
LF:26
LH:0
BRDA:25,0,0,0
BRDA:25,0,1,0
BRDA:28,1,0,0
BRDA:28,1,1,0
BRDA:28,2,0,0
BRDA:28,2,1,0
BRDA:34,3,0,0
BRDA:34,3,1,0
BRDA:35,4,0,0
BRDA:35,4,1,0
BRDA:42,5,0,0
BRDA:42,5,1,0
BRDA:56,6,0,0
BRDA:56,6,1,0
BRDA:67,7,0,0
BRDA:67,7,1,0
BRF:16
BRH:0
end_of_record
TN:
SF:src/providers/AppProviders.tsx
FN:25,AppProviders
FN:26,(anonymous_1)
FN:29,(anonymous_2)
FN:31,(anonymous_3)
FN:36,(anonymous_4)
FNF:5
FNH:0
FNDA:0,AppProviders
FNDA:0,(anonymous_1)
FNDA:0,(anonymous_2)
FNDA:0,(anonymous_3)
FNDA:0,(anonymous_4)
DA:10,0
DA:26,0
DA:27,0
DA:29,0
DA:30,0
DA:31,0
DA:32,0
DA:34,0
DA:35,0
DA:36,0
DA:37,0
DA:38,0
DA:42,0
DA:44,0
LF:14
LH:0
BRDA:32,0,0,0
BRDA:32,0,1,0
BRDA:42,1,0,0
BRDA:42,1,1,0
BRF:4
BRH:0
end_of_record
TN:
SF:src/services/address.ts
FN:6,(anonymous_0)
FN:10,(anonymous_1)
FN:14,(anonymous_2)
FN:21,(anonymous_3)
FN:23,(anonymous_4)
FN:26,(anonymous_5)
FN:34,(anonymous_6)
FN:36,(anonymous_7)
FNF:8
FNH:0
FNDA:0,(anonymous_0)
FNDA:0,(anonymous_1)
FNDA:0,(anonymous_2)
FNDA:0,(anonymous_3)
FNDA:0,(anonymous_4)
FNDA:0,(anonymous_5)
FNDA:0,(anonymous_6)
FNDA:0,(anonymous_7)
DA:5,0
DA:7,0
DA:8,0
DA:11,0
DA:12,0
DA:13,0
DA:14,0
DA:16,0
DA:17,0
DA:19,0
DA:22,0
DA:23,0
DA:24,0
DA:25,0
DA:26,0
DA:28,0
DA:30,0
DA:32,0
DA:35,0
DA:36,0
DA:37,0
DA:39,0
LF:22
LH:0
BRDA:7,0,0,0
BRDA:7,0,1,0
BRDA:11,1,0,0
BRDA:11,1,1,0
BRDA:13,2,0,0
BRDA:13,2,1,0
BRDA:22,3,0,0
BRDA:22,3,1,0
BRDA:24,4,0,0
BRDA:24,4,1,0
BRDA:25,5,0,0
BRDA:25,5,1,0
BRDA:35,6,0,0
BRDA:35,6,1,0
BRF:14
BRH:0
end_of_record
TN:
SF:src/services/api.ts
FN:28,(anonymous_0)
FN:35,(anonymous_1)
FN:39,(anonymous_2)
FN:46,(anonymous_3)
FN:52,(anonymous_4)
FN:64,refreshAccessToken
FN:68,(anonymous_6)
FN:92,flushQueue
FN:93,(anonymous_8)
FN:98,(anonymous_9)
FN:99,(anonymous_10)
FN:107,(anonymous_11)
FN:108,(anonymous_12)
FNF:13
FNH:0
FNDA:0,(anonymous_0)
FNDA:0,(anonymous_1)
FNDA:0,(anonymous_2)
FNDA:0,(anonymous_3)
FNDA:0,(anonymous_4)
FNDA:0,refreshAccessToken
FNDA:0,(anonymous_6)
FNDA:0,flushQueue
FNDA:0,(anonymous_8)
FNDA:0,(anonymous_9)
FNDA:0,(anonymous_10)
FNDA:0,(anonymous_11)
FNDA:0,(anonymous_12)
DA:10,0
DA:16,0
DA:22,0
DA:24,0
DA:25,0
DA:27,0
DA:29,0
DA:30,0
DA:32,0
DA:36,0
DA:37,0
DA:40,0
DA:41,0
DA:43,0
DA:47,0
DA:48,0
DA:52,0
DA:53,0
DA:54,0
DA:55,0
DA:56,0
DA:57,0
DA:59,0
DA:62,0
DA:65,0
DA:66,0
DA:67,0
DA:68,0
DA:69,0
DA:70,0
DA:74,0
DA:75,0
DA:76,0
DA:77,0
DA:79,0
DA:80,0
DA:81,0
DA:83,0
DA:86,0
DA:89,0
DA:90,0
DA:93,0
DA:94,0
DA:97,0
DA:98,0
DA:100,0
DA:103,0
DA:105,0
DA:106,0
DA:107,0
DA:108,0
DA:109,0
DA:110,0
DA:111,0
DA:113,0
DA:114,0
DA:115,0
DA:116,0
DA:121,0
DA:122,0
DA:123,0
DA:124,0
DA:125,0
DA:126,0
DA:127,0
DA:128,0
DA:129,0
DA:131,0
DA:135,0
LF:69
LH:0
BRDA:17,0,0,0
BRDA:17,0,1,0
BRDA:54,1,0,0
BRDA:54,1,1,0
BRDA:55,2,0,0
BRDA:55,2,1,0
BRDA:56,3,0,0
BRDA:56,3,1,0
BRDA:65,4,0,0
BRDA:65,4,1,0
BRDA:67,5,0,0
BRDA:67,5,1,0
BRDA:105,6,0,0
BRDA:105,6,1,0
BRDA:105,7,0,0
BRDA:105,7,1,0
BRDA:105,7,2,0
BRDA:106,8,0,0
BRDA:106,8,1,0
BRDA:109,9,0,0
BRDA:109,9,1,0
BRDA:113,10,0,0
BRDA:113,10,1,0
BRDA:126,11,0,0
BRDA:126,11,1,0
BRDA:127,12,0,0
BRDA:127,12,1,0
BRF:27
BRH:0
end_of_record
TN:
SF:src/services/auth.ts
FN:17,(anonymous_0)
FN:26,(anonymous_1)
FN:35,(anonymous_2)
FN:44,(anonymous_3)
FN:50,(anonymous_4)
FNF:5
FNH:0
FNDA:0,(anonymous_0)
FNDA:0,(anonymous_1)
FNDA:0,(anonymous_2)
FNDA:0,(anonymous_3)
FNDA:0,(anonymous_4)
DA:16,0
DA:18,0
DA:19,0
DA:24,0
DA:27,0
DA:28,0
DA:33,0
DA:36,0
DA:37,0
DA:42,0
DA:45,0
DA:46,0
DA:48,0
DA:51,0
DA:52,0
DA:54,0
LF:16
LH:0
BRDA:18,0,0,0
BRDA:18,0,1,0
BRDA:27,1,0,0
BRDA:27,1,1,0
BRDA:36,2,0,0
BRDA:36,2,1,0
BRDA:45,3,0,0
BRDA:45,3,1,0
BRDA:51,4,0,0
BRDA:51,4,1,0
BRF:10
BRH:0
end_of_record
TN:
SF:src/services/cart.ts
FN:7,(anonymous_0)
FN:11,(anonymous_1)
FN:19,(anonymous_2)
FN:21,(anonymous_3)
FN:33,(anonymous_4)
FN:35,(anonymous_5)
FN:42,(anonymous_6)
FN:44,(anonymous_7)
FN:50,(anonymous_8)
FN:52,(anonymous_9)
FN:61,recalculateCart
FN:62,(anonymous_11)
FN:63,(anonymous_12)
FN:64,(anonymous_13)
FN:67,addOrIncrement
FN:68,(anonymous_15)
FNF:16
FNH:0
FNDA:0,(anonymous_0)
FNDA:0,(anonymous_1)
FNDA:0,(anonymous_2)
FNDA:0,(anonymous_3)
FNDA:0,(anonymous_4)
FNDA:0,(anonymous_5)
FNDA:0,(anonymous_6)
FNDA:0,(anonymous_7)
FNDA:0,(anonymous_8)
FNDA:0,(anonymous_9)
FNDA:0,recalculateCart
FNDA:0,(anonymous_11)
FNDA:0,(anonymous_12)
FNDA:0,(anonymous_13)
FNDA:0,addOrIncrement
FNDA:0,(anonymous_15)
DA:6,0
DA:8,0
DA:9,0
DA:12,0
DA:13,0
DA:14,0
DA:15,0
DA:17,0
DA:20,0
DA:21,0
DA:22,0
DA:23,0
DA:24,0
DA:26,0
DA:28,0
DA:29,0
DA:31,0
DA:34,0
DA:35,0
DA:36,0
DA:37,0
DA:38,0
DA:40,0
DA:43,0
DA:44,0
DA:45,0
DA:46,0
DA:48,0
DA:51,0
DA:52,0
DA:53,0
DA:54,0
DA:55,0
DA:57,0
DA:62,0
DA:63,0
DA:64,0
DA:68,0
DA:69,0
DA:70,0
DA:72,0
DA:78,0
LF:42
LH:0
BRDA:8,0,0,0
BRDA:8,0,1,0
BRDA:11,1,0,0
BRDA:12,2,0,0
BRDA:12,2,1,0
BRDA:19,3,0,0
BRDA:20,4,0,0
BRDA:20,4,1,0
BRDA:22,5,0,0
BRDA:22,5,1,0
BRDA:24,6,0,0
BRDA:24,6,1,0
BRDA:34,7,0,0
BRDA:34,7,1,0
BRDA:36,8,0,0
BRDA:36,8,1,0
BRDA:43,9,0,0
BRDA:43,9,1,0
BRDA:51,10,0,0
BRDA:51,10,1,0
BRDA:53,11,0,0
BRDA:53,11,1,0
BRDA:69,12,0,0
BRDA:69,12,1,0
BRF:24
BRH:0
end_of_record
TN:
SF:src/services/catalog.ts
FN:6,(anonymous_0)
FN:10,(anonymous_1)
FNF:2
FNH:0
FNDA:0,(anonymous_0)
FNDA:0,(anonymous_1)
DA:5,0
DA:7,0
DA:8,0
DA:11,0
DA:12,0
LF:5
LH:0
BRDA:7,0,0,0
BRDA:7,0,1,0
BRDA:11,1,0,0
BRDA:11,1,1,0
BRF:4
BRH:0
end_of_record
TN:
SF:src/services/mockDb.ts
FN:35,(anonymous_0)
FN:35,(anonymous_1)
FN:37,mockResponse
FN:42,structuredCloneSafe
FNF:4
FNH:0
FNDA:0,(anonymous_0)
FNDA:0,(anonymous_1)
FNDA:0,mockResponse
FNDA:0,structuredCloneSafe
DA:23,0
DA:35,0
DA:38,0
DA:39,0
DA:43,0
LF:5
LH:0
BRDA:35,0,0,0
BRDA:37,1,0,0
BRF:2
BRH:0
end_of_record
TN:
SF:src/services/orders.ts
FN:6,(anonymous_0)
FN:10,(anonymous_1)
FN:16,(anonymous_2)
FN:18,(anonymous_3)
FN:22,(anonymous_4)
FN:37,(anonymous_5)
FN:39,(anonymous_6)
FNF:7
FNH:0
FNDA:0,(anonymous_0)
FNDA:0,(anonymous_1)
FNDA:0,(anonymous_2)
FNDA:0,(anonymous_3)
FNDA:0,(anonymous_4)
FNDA:0,(anonymous_5)
FNDA:0,(anonymous_6)
DA:5,0
DA:7,0
DA:9,0
DA:10,0
DA:12,0
DA:14,0
DA:17,0
DA:18,0
DA:20,0
DA:23,0
DA:24,0
DA:32,0
DA:33,0
DA:35,0
DA:38,0
DA:39,0
DA:40,0
DA:41,0
DA:43,0
LF:19
LH:0
BRDA:7,0,0,0
BRDA:7,0,1,0
BRDA:9,1,0,0
BRDA:9,1,1,0
BRDA:9,2,0,0
BRDA:9,2,1,0
BRDA:17,3,0,0
BRDA:17,3,1,0
BRDA:23,4,0,0
BRDA:23,4,1,0
BRDA:38,5,0,0
BRDA:38,5,1,0
BRDA:40,6,0,0
BRDA:40,6,1,0
BRF:14
BRH:0
end_of_record
TN:
SF:src/services/products.ts
FN:6,(anonymous_0)
FN:10,(anonymous_1)
FN:12,(anonymous_2)
FN:17,(anonymous_3)
FN:21,(anonymous_4)
FN:23,(anonymous_5)
FN:28,(anonymous_6)
FN:30,(anonymous_7)
FNF:8
FNH:0
FNDA:0,(anonymous_0)
FNDA:0,(anonymous_1)
FNDA:0,(anonymous_2)
FNDA:0,(anonymous_3)
FNDA:0,(anonymous_4)
FNDA:0,(anonymous_5)
FNDA:0,(anonymous_6)
FNDA:0,(anonymous_7)
DA:5,0
DA:7,0
DA:8,0
DA:11,0
DA:12,0
DA:13,0
DA:15,0
DA:18,0
DA:19,0
DA:22,0
DA:23,0
DA:24,0
DA:26,0
DA:29,0
DA:30,0
DA:31,0
DA:33,0
LF:17
LH:0
BRDA:7,0,0,0
BRDA:7,0,1,0
BRDA:11,1,0,0
BRDA:11,1,1,0
BRDA:18,2,0,0
BRDA:18,2,1,0
BRDA:22,3,0,0
BRDA:22,3,1,0
BRDA:29,4,0,0
BRDA:29,4,1,0
BRF:10
BRH:0
end_of_record
TN:
SF:src/services/user.ts
FN:6,(anonymous_0)
FN:10,(anonymous_1)
FN:17,(anonymous_2)
FN:21,(anonymous_3)
FN:27,(anonymous_4)
FN:31,(anonymous_5)
FN:33,(anonymous_6)
FNF:7
FNH:0
FNDA:0,(anonymous_0)
FNDA:0,(anonymous_1)
FNDA:0,(anonymous_2)
FNDA:0,(anonymous_3)
FNDA:0,(anonymous_4)
FNDA:0,(anonymous_5)
FNDA:0,(anonymous_6)
DA:5,0
DA:7,0
DA:8,0
DA:11,0
DA:12,0
DA:13,0
DA:15,0
DA:18,0
DA:19,0
DA:22,0
DA:23,0
DA:25,0
DA:28,0
DA:29,0
DA:32,0
DA:33,0
DA:34,0
DA:35,0
DA:37,0
LF:19
LH:0
BRDA:7,0,0,0
BRDA:7,0,1,0
BRDA:11,1,0,0
BRDA:11,1,1,0
BRDA:18,2,0,0
BRDA:18,2,1,0
BRDA:22,3,0,0
BRDA:22,3,1,0
BRDA:28,4,0,0
BRDA:28,4,1,0
BRDA:32,5,0,0
BRDA:32,5,1,0
BRDA:34,6,0,0
BRDA:34,6,1,0
BRF:14
BRH:0
end_of_record
TN:
SF:src/services/offline/network.ts
FN:8,initNetworkListener
FN:9,(anonymous_1)
FN:12,(anonymous_2)
FN:16,(anonymous_3)
FN:37,(anonymous_4)
FNF:5
FNH:0
FNDA:0,initNetworkListener
FNDA:0,(anonymous_1)
FNDA:0,(anonymous_2)
FNDA:0,(anonymous_3)
FNDA:0,(anonymous_4)
DA:5,0
DA:6,0
DA:9,0
DA:10,0
DA:12,0
DA:13,0
DA:14,0
DA:15,0
DA:16,0
DA:17,0
DA:18,0
DA:19,0
DA:20,0
DA:23,0
DA:30,0
DA:31,0
DA:32,0
DA:34,0
DA:37,0
DA:38,0
DA:39,0
LF:21
LH:0
BRDA:9,0,0,0
BRDA:9,0,1,0
BRDA:15,1,0,0
BRDA:15,1,1,0
BRDA:18,2,0,0
BRDA:18,2,1,0
BRDA:18,3,0,0
BRDA:18,3,1,0
BRDA:19,4,0,0
BRDA:19,4,1,0
BRDA:19,5,0,0
BRDA:19,5,1,0
BRDA:26,6,0,0
BRDA:26,6,1,0
BRDA:30,7,0,0
BRDA:30,7,1,0
BRDA:30,8,0,0
BRDA:30,8,1,0
BRF:18
BRH:0
end_of_record
TN:
SF:src/services/offline/persist.ts
FN:12,initPersist
FN:19,(anonymous_1)
FNF:2
FNH:0
FNDA:0,initPersist
FNDA:0,(anonymous_1)
DA:6,0
DA:13,0
DA:20,0
DA:21,0
LF:4
LH:0
BRDA:21,0,0,0
BRDA:21,0,1,0
BRF:2
BRH:0
end_of_record
TN:
SF:src/services/offline/queue.ts
FN:15,readQueue
FN:20,writeQueue
FN:25,enqueue
FN:31,getQueue
FN:35,clearQueue
FN:39,executeOp
FN:71,processQueue
FNF:7
FNH:0
FNDA:0,readQueue
FNDA:0,writeQueue
FNDA:0,enqueue
FNDA:0,getQueue
FNDA:0,clearQueue
FNDA:0,executeOp
FNDA:0,processQueue
DA:6,0
DA:16,0
DA:17,0
DA:21,0
DA:22,0
DA:26,0
DA:27,0
DA:28,0
DA:32,0
DA:36,0
DA:40,0
DA:41,0
DA:43,0
DA:44,0
DA:47,0
DA:48,0
DA:51,0
DA:52,0
DA:55,0
DA:56,0
DA:59,0
DA:60,0
DA:63,0
DA:66,0
DA:67,0
DA:72,0
DA:73,0
DA:75,0
DA:76,0
DA:77,0
DA:79,0
DA:80,0
DA:81,0
DA:82,0
DA:84,0
DA:85,0
DA:89,0
DA:90,0
LF:38
LH:0
BRDA:17,0,0,0
BRDA:17,0,1,0
BRDA:41,1,0,0
BRDA:41,1,1,0
BRDA:41,1,2,0
BRDA:41,1,3,0
BRDA:41,1,4,0
BRDA:41,1,5,0
BRDA:73,2,0,0
BRDA:73,2,1,0
BRDA:81,3,0,0
BRDA:81,3,1,0
BRF:12
BRH:0
end_of_record
TN:
SF:src/services/queries/useAddress.ts
FN:7,useAddresses
FN:10,(anonymous_1)
FN:16,useCreateAddress
FN:19,(anonymous_3)
FN:20,(anonymous_4)
FN:24,useUpdateAddress
FN:27,(anonymous_6)
FN:29,(anonymous_7)
FN:33,useDeleteAddress
FN:36,(anonymous_9)
FN:37,(anonymous_10)
FNF:11
FNH:0
FNDA:0,useAddresses
FNDA:0,(anonymous_1)
FNDA:0,useCreateAddress
FNDA:0,(anonymous_3)
FNDA:0,(anonymous_4)
FNDA:0,useUpdateAddress
FNDA:0,(anonymous_6)
FNDA:0,(anonymous_7)
FNDA:0,useDeleteAddress
FNDA:0,(anonymous_9)
FNDA:0,(anonymous_10)
DA:5,0
DA:8,0
DA:10,0
DA:17,0
DA:18,0
DA:19,0
DA:20,0
DA:25,0
DA:26,0
DA:28,0
DA:29,0
DA:34,0
DA:35,0
DA:36,0
DA:37,0
LF:15
LH:0
BRF:0
BRH:0
end_of_record
TN:
SF:src/services/queries/useAuth.ts
FN:4,useLoginPassword
FN:10,useLoginSms
FN:16,useRegister
FN:22,useSendSmsCode
FN:28,useResetPassword
FNF:5
FNH:0
FNDA:0,useLoginPassword
FNDA:0,useLoginSms
FNDA:0,useRegister
FNDA:0,useSendSmsCode
FNDA:0,useResetPassword
DA:5,0
DA:11,0
DA:17,0
DA:23,0
DA:29,0
LF:5
LH:0
BRF:0
BRH:0
end_of_record
TN:
SF:src/services/queries/useCart.ts
FN:7,useCart
FN:10,(anonymous_1)
FN:16,useAddToCart
FN:19,(anonymous_3)
FN:21,(anonymous_4)
FN:24,(anonymous_5)
FN:26,(anonymous_6)
FN:29,(anonymous_7)
FN:35,(anonymous_8)
FN:39,(anonymous_9)
FN:41,(anonymous_10)
FN:48,(anonymous_11)
FN:51,(anonymous_12)
FN:55,useUpdateCartItem
FN:58,(anonymous_14)
FN:60,(anonymous_15)
FN:64,useRemoveCartItem
FN:67,(anonymous_17)
FN:68,(anonymous_18)
FN:72,useToggleCartItem
FN:75,(anonymous_20)
FN:77,(anonymous_21)
FNF:22
FNH:0
FNDA:0,useCart
FNDA:0,(anonymous_1)
FNDA:0,useAddToCart
FNDA:0,(anonymous_3)
FNDA:0,(anonymous_4)
FNDA:0,(anonymous_5)
FNDA:0,(anonymous_6)
FNDA:0,(anonymous_7)
FNDA:0,(anonymous_8)
FNDA:0,(anonymous_9)
FNDA:0,(anonymous_10)
FNDA:0,(anonymous_11)
FNDA:0,(anonymous_12)
FNDA:0,useUpdateCartItem
FNDA:0,(anonymous_14)
FNDA:0,(anonymous_15)
FNDA:0,useRemoveCartItem
FNDA:0,(anonymous_17)
FNDA:0,(anonymous_18)
FNDA:0,useToggleCartItem
FNDA:0,(anonymous_20)
FNDA:0,(anonymous_21)
DA:5,0
DA:8,0
DA:10,0
DA:17,0
DA:18,0
DA:20,0
DA:22,0
DA:23,0
DA:24,0
DA:25,0
DA:26,0
DA:28,0
DA:29,0
DA:30,0
DA:33,0
DA:35,0
DA:36,0
DA:39,0
DA:41,0
DA:46,0
DA:49,0
DA:51,0
DA:56,0
DA:57,0
DA:59,0
DA:60,0
DA:65,0
DA:66,0
DA:67,0
DA:68,0
DA:73,0
DA:74,0
DA:76,0
DA:77,0
LF:34
LH:0
BRDA:21,0,0,0
BRDA:25,1,0,0
BRDA:25,1,1,0
BRDA:28,2,0,0
BRDA:28,2,1,0
BRDA:30,3,0,0
BRDA:30,3,1,0
BRDA:49,4,0,0
BRDA:49,4,1,0
BRF:9
BRH:0
end_of_record
TN:
SF:src/services/queries/useCatalog.ts
FN:4,useCategories
FN:7,(anonymous_1)
FN:13,useBanners
FN:16,(anonymous_3)
FNF:4
FNH:0
FNDA:0,useCategories
FNDA:0,(anonymous_1)
FNDA:0,useBanners
FNDA:0,(anonymous_3)
DA:5,0
DA:7,0
DA:14,0
DA:16,0
LF:4
LH:0
BRF:0
BRH:0
end_of_record
TN:
SF:src/services/queries/useOrders.ts
FN:7,useOrders
FN:10,(anonymous_1)
FN:16,useOrder
FN:19,(anonymous_3)
FN:25,useCreateOrder
FN:28,(anonymous_5)
FN:30,(anonymous_6)
FN:34,useCancelOrder
FN:37,(anonymous_8)
FN:38,(anonymous_9)
FNF:10
FNH:0
FNDA:0,useOrders
FNDA:0,(anonymous_1)
FNDA:0,useOrder
FNDA:0,(anonymous_3)
FNDA:0,useCreateOrder
FNDA:0,(anonymous_5)
FNDA:0,(anonymous_6)
FNDA:0,useCancelOrder
FNDA:0,(anonymous_8)
FNDA:0,(anonymous_9)
DA:5,0
DA:8,0
DA:10,0
DA:17,0
DA:19,0
DA:26,0
DA:27,0
DA:29,0
DA:30,0
DA:35,0
DA:36,0
DA:37,0
DA:38,0
LF:13
LH:0
BRDA:9,0,0,0
BRDA:9,0,1,0
BRF:2
BRH:0
end_of_record
TN:
SF:src/services/queries/useProducts.ts
FN:5,useProducts
FN:8,(anonymous_1)
FN:14,useProduct
FN:17,(anonymous_3)
FN:24,useRecommendations
FN:27,(anonymous_5)
FN:33,useProductSearch
FN:36,(anonymous_7)
FN:44,useProductsByCategory
FN:47,(anonymous_9)
FNF:10
FNH:0
FNDA:0,useProducts
FNDA:0,(anonymous_1)
FNDA:0,useProduct
FNDA:0,(anonymous_3)
FNDA:0,useRecommendations
FNDA:0,(anonymous_5)
FNDA:0,useProductSearch
FNDA:0,(anonymous_7)
FNDA:0,useProductsByCategory
FNDA:0,(anonymous_9)
DA:6,0
DA:8,0
DA:15,0
DA:17,0
DA:25,0
DA:27,0
DA:34,0
DA:36,0
DA:45,0
DA:47,0
LF:10
LH:0
BRDA:33,0,0,0
BRDA:37,1,0,0
BRDA:37,1,1,0
BRF:3
BRH:0
end_of_record
TN:
SF:src/services/queries/useUser.ts
FN:9,useProfile
FN:12,(anonymous_1)
FN:18,useUpdateProfile
FN:22,(anonymous_3)
FN:26,useCoupons
FN:29,(anonymous_5)
FN:35,useFavorites
FN:38,(anonymous_7)
FN:44,useNotifications
FN:47,(anonymous_9)
FN:53,useMarkNotificationRead
FN:56,(anonymous_11)
FN:57,(anonymous_12)
FNF:13
FNH:0
FNDA:0,useProfile
FNDA:0,(anonymous_1)
FNDA:0,useUpdateProfile
FNDA:0,(anonymous_3)
FNDA:0,useCoupons
FNDA:0,(anonymous_5)
FNDA:0,useFavorites
FNDA:0,(anonymous_7)
FNDA:0,useNotifications
FNDA:0,(anonymous_9)
FNDA:0,useMarkNotificationRead
FNDA:0,(anonymous_11)
FNDA:0,(anonymous_12)
DA:4,0
DA:5,0
DA:6,0
DA:7,0
DA:10,0
DA:12,0
DA:19,0
DA:20,0
DA:22,0
DA:27,0
DA:29,0
DA:36,0
DA:38,0
DA:45,0
DA:47,0
DA:54,0
DA:55,0
DA:56,0
DA:57,0
LF:19
LH:0
BRF:0
BRH:0
end_of_record
TN:
SF:src/store/appStore.ts
FN:29,(anonymous_0)
FN:41,(anonymous_1)
FN:42,(anonymous_2)
FN:43,(anonymous_3)
FN:44,(anonymous_4)
FN:45,(anonymous_5)
FN:46,(anonymous_6)
FN:50,(anonymous_7)
FN:51,(anonymous_8)
FNF:9
FNH:8
FNDA:1,(anonymous_0)
FNDA:2,(anonymous_1)
FNDA:2,(anonymous_2)
FNDA:1,(anonymous_3)
FNDA:2,(anonymous_4)
FNDA:0,(anonymous_5)
FNDA:2,(anonymous_6)
FNDA:1,(anonymous_7)
FNDA:9,(anonymous_8)
DA:27,1
DA:29,1
DA:41,2
DA:42,2
DA:43,1
DA:44,2
DA:45,0
DA:46,2
DA:50,1
DA:51,9
LF:10
LH:9
BRF:0
BRH:0
end_of_record
TN:
SF:src/store/authStore.ts
FN:15,(anonymous_0)
FN:19,(anonymous_1)
FN:20,(anonymous_2)
FN:24,(anonymous_3)
FNF:4
FNH:4
FNDA:1,(anonymous_0)
FNDA:2,(anonymous_1)
FNDA:4,(anonymous_2)
FNDA:1,(anonymous_3)
DA:13,1
DA:15,1
DA:19,2
DA:20,4
DA:24,1
LF:5
LH:5
BRF:0
BRH:0
end_of_record
TN:
SF:src/theme/ThemeProvider.tsx
FN:31,ThemeProvider
FN:36,(anonymous_1)
FN:38,(anonymous_2)
FN:43,(anonymous_3)
FN:48,(anonymous_4)
FN:50,(anonymous_5)
FN:55,(anonymous_6)
FN:65,(anonymous_7)
FN:73,useTheme
FNF:9
FNH:6
FNDA:99,ThemeProvider
FNDA:98,(anonymous_1)
FNDA:98,(anonymous_2)
FNDA:0,(anonymous_3)
FNDA:0,(anonymous_4)
FNDA:0,(anonymous_5)
FNDA:99,(anonymous_6)
FNDA:99,(anonymous_7)
FNDA:129,useTheme
DA:27,42
DA:29,42
DA:32,99
DA:33,99
DA:36,99
DA:37,98
DA:39,98
DA:40,0
DA:48,99
DA:49,0
DA:50,0
DA:55,99
DA:56,99
DA:57,99
DA:59,0
DA:62,99
DA:64,99
DA:65,99
DA:70,99
DA:74,129
DA:75,129
DA:76,0
DA:78,129
LF:23
LH:18
BRDA:39,0,0,0
BRDA:39,0,1,98
BRDA:39,1,0,98
BRDA:39,1,1,98
BRDA:39,1,2,98
BRDA:56,2,0,99
BRDA:56,2,1,0
BRDA:57,3,0,0
BRDA:57,3,1,99
BRDA:62,4,0,0
BRDA:62,4,1,99
BRDA:75,5,0,0
BRDA:75,5,1,129
BRF:13
BRH:8
end_of_record
TN:
SF:src/theme/colors.ts
FNF:0
FNH:0
DA:74,42
DA:158,42
LF:2
LH:2
BRF:0
BRH:0
end_of_record
TN:
SF:src/theme/index.ts
FNF:0
FNH:0
LF:0
LH:0
BRF:0
BRH:0
end_of_record
TN:
SF:src/theme/spacing.ts
FNF:0
FNH:0
DA:17,42
DA:34,42
DA:57,42
LF:3
LH:3
BRF:0
BRH:0
end_of_record
TN:
SF:src/theme/typography.ts
FN:84,textStyle
FNF:1
FNH:1
FNDA:145,textStyle
DA:27,42
DA:85,145
DA:86,145
LF:3
LH:3
BRDA:91,0,0,14
BRDA:91,0,1,131
BRF:2
BRH:2
end_of_record
TN:
SF:src/types/index.ts
FNF:0
FNH:0
LF:0
LH:0
BRF:0
BRH:0
end_of_record
TN:
SF:src/utils/format.ts
FN:8,formatPrice
FN:19,formatCompactNumber
FN:25,formatDate
FN:41,maskPhone
FNF:4
FNH:4
FNDA:7,formatPrice
FNDA:3,formatCompactNumber
FNDA:2,formatDate
FNDA:3,maskPhone
DA:1,1
DA:13,7
DA:14,7
DA:15,7
DA:16,7
DA:20,3
DA:21,2
DA:22,1
DA:26,2
DA:27,2
DA:28,2
DA:29,1
DA:37,0
DA:42,3
DA:43,1
DA:44,1
DA:45,1
DA:46,1
LF:18
LH:17
BRDA:10,0,0,2
BRDA:11,1,0,4
BRDA:13,2,0,7
BRDA:13,2,1,1
BRDA:14,3,0,5
BRDA:14,3,1,2
BRDA:20,4,0,1
BRDA:20,4,1,2
BRDA:21,5,0,1
BRDA:21,5,1,1
BRDA:25,6,0,1
BRDA:28,7,0,1
BRDA:28,7,1,1
BRDA:42,8,0,2
BRDA:42,8,1,1
BRDA:42,9,0,3
BRDA:42,9,1,2
BRF:17
BRH:17
end_of_record
TN:
SF:src/utils/index.ts
FNF:0
FNH:0
LF:0
LH:0
BRF:0
BRH:0
end_of_record
TN:
SF:src/utils/validate.ts
FN:1,isValidPhone
FN:12,isValidPassword
FN:16,isSmsCode
FN:20,isValidEmail
FNF:4
FNH:4
FNDA:7,isValidPhone
FNDA:4,isValidPassword
FNDA:5,isSmsCode
FNDA:5,isValidEmail
DA:2,7
DA:3,6
DA:4,3
DA:6,3
DA:7,2
DA:9,1
DA:13,4
DA:17,5
DA:21,5
LF:9
LH:9
BRDA:1,0,0,2
BRDA:2,1,0,1
BRDA:2,1,1,6
BRDA:3,2,0,3
BRDA:3,2,1,3
BRDA:6,3,0,2
BRDA:6,3,1,1
BRDA:13,4,0,4
BRDA:13,4,1,4
BRF:9
BRH:9
end_of_record
